{"C:\\Users\\Giba\\Documents\\Midnight Hackaton\\CloakWork\\frontend\\src\\App.tsx": {"path":"C:\\Users\\Giba\\Documents\\Midnight Hackaton\\CloakWork\\frontend\\src\\App.tsx","all":true,"statementMap":{"0":{"start":{"line":1,"column":0},"end":{"line":1,"column":74}},"1":{"start":{"line":2,"column":0},"end":{"line":2,"column":32}},"2":{"start":{"line":3,"column":0},"end":{"line":3,"column":46}},"3":{"start":{"line":4,"column":0},"end":{"line":4,"column":64}},"4":{"start":{"line":5,"column":0},"end":{"line":5,"column":66}},"5":{"start":{"line":6,"column":0},"end":{"line":6,"column":46}},"6":{"start":{"line":7,"column":0},"end":{"line":7,"column":41}},"7":{"start":{"line":8,"column":0},"end":{"line":8,"column":0}},"8":{"start":{"line":9,"column":0},"end":{"line":9,"column":31}},"9":{"start":{"line":10,"column":0},"end":{"line":10,"column":10}},"10":{"start":{"line":11,"column":0},"end":{"line":11,"column":12}},"11":{"start":{"line":12,"column":0},"end":{"line":12,"column":14}},"12":{"start":{"line":13,"column":0},"end":{"line":13,"column":62}},"13":{"start":{"line":14,"column":0},"end":{"line":14,"column":74}},"14":{"start":{"line":15,"column":0},"end":{"line":15,"column":99}},"15":{"start":{"line":16,"column":0},"end":{"line":16,"column":94}},"16":{"start":{"line":17,"column":0},"end":{"line":17,"column":76}},"17":{"start":{"line":18,"column":0},"end":{"line":18,"column":15}},"18":{"start":{"line":19,"column":0},"end":{"line":19,"column":13}},"19":{"start":{"line":20,"column":0},"end":{"line":20,"column":4}},"20":{"start":{"line":21,"column":0},"end":{"line":21,"column":1}}},"s":{"0":0,"1":0,"2":0,"3":0,"4":0,"5":0,"6":0,"7":0,"8":0,"9":0,"10":0,"11":0,"12":0,"13":0,"14":0,"15":0,"16":0,"17":0,"18":0,"19":0,"20":0},"branchMap":{"0":{"type":"branch","line":1,"loc":{"start":{"line":1,"column":0},"end":{"line":21,"column":1}},"locations":[{"start":{"line":1,"column":0},"end":{"line":21,"column":1}}]}},"b":{"0":[0]},"fnMap":{"0":{"name":"(empty-report)","decl":{"start":{"line":1,"column":0},"end":{"line":21,"column":1}},"loc":{"start":{"line":1,"column":0},"end":{"line":21,"column":1}},"line":1}},"f":{"0":0}}
,"C:\\Users\\Giba\\Documents\\Midnight Hackaton\\CloakWork\\frontend\\src\\main.tsx": {"path":"C:\\Users\\Giba\\Documents\\Midnight Hackaton\\CloakWork\\frontend\\src\\main.tsx","all":true,"statementMap":{"0":{"start":{"line":1,"column":0},"end":{"line":1,"column":35}},"1":{"start":{"line":2,"column":0},"end":{"line":2,"column":46}},"2":{"start":{"line":3,"column":0},"end":{"line":3,"column":24}},"3":{"start":{"line":4,"column":0},"end":{"line":4,"column":21}},"4":{"start":{"line":5,"column":0},"end":{"line":5,"column":0}},"5":{"start":{"line":6,"column":0},"end":{"line":6,"column":52}},"6":{"start":{"line":7,"column":0},"end":{"line":7,"column":14}},"7":{"start":{"line":8,"column":0},"end":{"line":8,"column":11}},"8":{"start":{"line":9,"column":0},"end":{"line":9,"column":15}},"9":{"start":{"line":10,"column":0},"end":{"line":10,"column":2}}},"s":{"0":0,"1":0,"2":0,"3":0,"4":0,"5":0,"6":0,"7":0,"8":0,"9":0},"branchMap":{"0":{"type":"branch","line":1,"loc":{"start":{"line":1,"column":0},"end":{"line":10,"column":2}},"locations":[{"start":{"line":1,"column":0},"end":{"line":10,"column":2}}]}},"b":{"0":[0]},"fnMap":{"0":{"name":"(empty-report)","decl":{"start":{"line":1,"column":0},"end":{"line":10,"column":2}},"loc":{"start":{"line":1,"column":0},"end":{"line":10,"column":2}},"line":1}},"f":{"0":0}}
,"C:\\Users\\Giba\\Documents\\Midnight Hackaton\\CloakWork\\frontend\\src\\components\\Empty.tsx": {"path":"C:\\Users\\Giba\\Documents\\Midnight Hackaton\\CloakWork\\frontend\\src\\components\\Empty.tsx","all":false,"statementMap":{"0":{"start":{"line":1,"column":0},"end":{"line":1,"column":33}},"3":{"start":{"line":4,"column":0},"end":{"line":4,"column":33}},"4":{"start":{"line":5,"column":0},"end":{"line":5,"column":10}},"5":{"start":{"line":6,"column":0},"end":{"line":6,"column":78}},"7":{"start":{"line":8,"column":0},"end":{"line":8,"column":1}}},"s":{"0":1,"3":2,"4":2,"5":2,"7":2},"branchMap":{"0":{"type":"branch","line":4,"loc":{"start":{"line":4,"column":0},"end":{"line":8,"column":1}},"locations":[{"start":{"line":4,"column":0},"end":{"line":8,"column":1}}]}},"b":{"0":[2]},"fnMap":{"0":{"name":"Empty","decl":{"start":{"line":4,"column":0},"end":{"line":8,"column":1}},"loc":{"start":{"line":4,"column":0},"end":{"line":8,"column":1}},"line":4}},"f":{"0":2}}
,"C:\\Users\\Giba\\Documents\\Midnight Hackaton\\CloakWork\\frontend\\src\\components\\Layout.tsx": {"path":"C:\\Users\\Giba\\Documents\\Midnight Hackaton\\CloakWork\\frontend\\src\\components\\Layout.tsx","all":false,"statementMap":{"1":{"start":{"line":2,"column":0},"end":{"line":2,"column":53}},"2":{"start":{"line":3,"column":0},"end":{"line":3,"column":75}},"3":{"start":{"line":4,"column":0},"end":{"line":4,"column":44}},"4":{"start":{"line":5,"column":0},"end":{"line":5,"column":33}},"10":{"start":{"line":11,"column":0},"end":{"line":11,"column":59}},"11":{"start":{"line":12,"column":0},"end":{"line":12,"column":33}},"12":{"start":{"line":13,"column":0},"end":{"line":13,"column":47}},"13":{"start":{"line":14,"column":0},"end":{"line":14,"column":66}},"15":{"start":{"line":16,"column":0},"end":{"line":16,"column":22}},"16":{"start":{"line":17,"column":0},"end":{"line":17,"column":46}},"17":{"start":{"line":18,"column":0},"end":{"line":18,"column":62}},"18":{"start":{"line":19,"column":0},"end":{"line":19,"column":38}},"19":{"start":{"line":20,"column":0},"end":{"line":20,"column":75}},"20":{"start":{"line":21,"column":0},"end":{"line":21,"column":12}},"21":{"start":{"line":22,"column":0},"end":{"line":22,"column":40}},"22":{"start":{"line":23,"column":0},"end":{"line":23,"column":69}},"23":{"start":{"line":24,"column":0},"end":{"line":24,"column":12}},"24":{"start":{"line":25,"column":0},"end":{"line":25,"column":20}},"25":{"start":{"line":26,"column":0},"end":{"line":26,"column":61}},"26":{"start":{"line":27,"column":0},"end":{"line":27,"column":12}},"27":{"start":{"line":28,"column":0},"end":{"line":28,"column":4}},"29":{"start":{"line":30,"column":0},"end":{"line":30,"column":64}},"31":{"start":{"line":32,"column":0},"end":{"line":32,"column":10}},"32":{"start":{"line":33,"column":0},"end":{"line":33,"column":79}},"34":{"start":{"line":35,"column":0},"end":{"line":35,"column":96}},"35":{"start":{"line":36,"column":0},"end":{"line":36,"column":64}},"36":{"start":{"line":37,"column":0},"end":{"line":37,"column":66}},"38":{"start":{"line":39,"column":0},"end":{"line":39,"column":65}},"39":{"start":{"line":40,"column":0},"end":{"line":40,"column":60}},"40":{"start":{"line":41,"column":0},"end":{"line":41,"column":127}},"42":{"start":{"line":43,"column":0},"end":{"line":43,"column":21}},"43":{"start":{"line":44,"column":0},"end":{"line":44,"column":19}},"46":{"start":{"line":47,"column":0},"end":{"line":47,"column":67}},"47":{"start":{"line":48,"column":0},"end":{"line":48,"column":41}},"48":{"start":{"line":49,"column":0},"end":{"line":49,"column":39}},"49":{"start":{"line":50,"column":0},"end":{"line":50,"column":24}},"50":{"start":{"line":51,"column":0},"end":{"line":51,"column":23}},"51":{"start":{"line":52,"column":0},"end":{"line":52,"column":35}},"52":{"start":{"line":53,"column":0},"end":{"line":53,"column":34}},"53":{"start":{"line":54,"column":0},"end":{"line":54,"column":121}},"54":{"start":{"line":55,"column":0},"end":{"line":55,"column":41}},"55":{"start":{"line":56,"column":0},"end":{"line":56,"column":57}},"56":{"start":{"line":57,"column":0},"end":{"line":57,"column":82}},"57":{"start":{"line":58,"column":0},"end":{"line":58,"column":23}},"59":{"start":{"line":60,"column":0},"end":{"line":60,"column":48}},"60":{"start":{"line":61,"column":0},"end":{"line":61,"column":44}},"61":{"start":{"line":62,"column":0},"end":{"line":62,"column":25}},"63":{"start":{"line":64,"column":0},"end":{"line":64,"column":17}},"64":{"start":{"line":65,"column":0},"end":{"line":65,"column":18}},"67":{"start":{"line":68,"column":0},"end":{"line":68,"column":57}},"68":{"start":{"line":69,"column":0},"end":{"line":69,"column":31}},"69":{"start":{"line":70,"column":0},"end":{"line":70,"column":94}},"70":{"start":{"line":71,"column":0},"end":{"line":71,"column":75}},"71":{"start":{"line":72,"column":0},"end":{"line":72,"column":45}},"72":{"start":{"line":73,"column":0},"end":{"line":73,"column":32}},"73":{"start":{"line":74,"column":0},"end":{"line":74,"column":122}},"74":{"start":{"line":75,"column":0},"end":{"line":75,"column":50}},"75":{"start":{"line":76,"column":0},"end":{"line":76,"column":27}},"77":{"start":{"line":78,"column":0},"end":{"line":78,"column":22}},"81":{"start":{"line":82,"column":0},"end":{"line":82,"column":21}},"82":{"start":{"line":83,"column":0},"end":{"line":83,"column":70}},"83":{"start":{"line":84,"column":0},"end":{"line":84,"column":107}},"85":{"start":{"line":86,"column":0},"end":{"line":86,"column":93}},"86":{"start":{"line":87,"column":0},"end":{"line":87,"column":23}},"87":{"start":{"line":88,"column":0},"end":{"line":88,"column":18}},"88":{"start":{"line":89,"column":0},"end":{"line":89,"column":16}},"89":{"start":{"line":90,"column":0},"end":{"line":90,"column":14}},"92":{"start":{"line":93,"column":0},"end":{"line":93,"column":30}},"93":{"start":{"line":94,"column":0},"end":{"line":94,"column":72}},"94":{"start":{"line":95,"column":0},"end":{"line":95,"column":49}},"95":{"start":{"line":96,"column":0},"end":{"line":96,"column":41}},"96":{"start":{"line":97,"column":0},"end":{"line":97,"column":39}},"97":{"start":{"line":98,"column":0},"end":{"line":98,"column":24}},"98":{"start":{"line":99,"column":0},"end":{"line":99,"column":23}},"99":{"start":{"line":100,"column":0},"end":{"line":100,"column":35}},"100":{"start":{"line":101,"column":0},"end":{"line":101,"column":34}},"101":{"start":{"line":102,"column":0},"end":{"line":102,"column":62}},"102":{"start":{"line":103,"column":0},"end":{"line":103,"column":121}},"103":{"start":{"line":104,"column":0},"end":{"line":104,"column":41}},"104":{"start":{"line":105,"column":0},"end":{"line":105,"column":57}},"105":{"start":{"line":106,"column":0},"end":{"line":106,"column":82}},"106":{"start":{"line":107,"column":0},"end":{"line":107,"column":23}},"108":{"start":{"line":109,"column":0},"end":{"line":109,"column":48}},"109":{"start":{"line":110,"column":0},"end":{"line":110,"column":44}},"110":{"start":{"line":111,"column":0},"end":{"line":111,"column":25}},"112":{"start":{"line":113,"column":0},"end":{"line":113,"column":17}},"114":{"start":{"line":115,"column":0},"end":{"line":115,"column":31}},"115":{"start":{"line":116,"column":0},"end":{"line":116,"column":79}},"116":{"start":{"line":117,"column":0},"end":{"line":117,"column":86}},"117":{"start":{"line":118,"column":0},"end":{"line":118,"column":77}},"118":{"start":{"line":119,"column":0},"end":{"line":119,"column":47}},"119":{"start":{"line":120,"column":0},"end":{"line":120,"column":24}},"120":{"start":{"line":121,"column":0},"end":{"line":121,"column":32}},"121":{"start":{"line":122,"column":0},"end":{"line":122,"column":140}},"122":{"start":{"line":123,"column":0},"end":{"line":123,"column":50}},"123":{"start":{"line":124,"column":0},"end":{"line":124,"column":27}},"125":{"start":{"line":126,"column":0},"end":{"line":126,"column":22}},"127":{"start":{"line":128,"column":0},"end":{"line":128,"column":18}},"128":{"start":{"line":129,"column":0},"end":{"line":129,"column":16}},"130":{"start":{"line":131,"column":0},"end":{"line":131,"column":12}},"133":{"start":{"line":134,"column":0},"end":{"line":134,"column":31}},"134":{"start":{"line":135,"column":0},"end":{"line":135,"column":18}},"135":{"start":{"line":136,"column":0},"end":{"line":136,"column":13}},"138":{"start":{"line":139,"column":0},"end":{"line":139,"column":69}},"139":{"start":{"line":140,"column":0},"end":{"line":140,"column":69}},"140":{"start":{"line":141,"column":0},"end":{"line":141,"column":105}},"141":{"start":{"line":142,"column":0},"end":{"line":142,"column":57}},"142":{"start":{"line":143,"column":0},"end":{"line":143,"column":60}},"143":{"start":{"line":144,"column":0},"end":{"line":144,"column":55}},"145":{"start":{"line":146,"column":0},"end":{"line":146,"column":21}},"146":{"start":{"line":147,"column":0},"end":{"line":147,"column":18}},"147":{"start":{"line":148,"column":0},"end":{"line":148,"column":52}},"149":{"start":{"line":150,"column":0},"end":{"line":150,"column":18}},"150":{"start":{"line":151,"column":0},"end":{"line":151,"column":16}},"151":{"start":{"line":152,"column":0},"end":{"line":152,"column":14}},"152":{"start":{"line":153,"column":0},"end":{"line":153,"column":15}},"153":{"start":{"line":154,"column":0},"end":{"line":154,"column":10}},"155":{"start":{"line":156,"column":0},"end":{"line":156,"column":1}}},"s":{"1":1,"2":1,"3":1,"4":1,"10":21,"11":21,"12":21,"13":21,"15":21,"16":21,"17":21,"18":21,"19":4,"20":21,"21":21,"22":2,"23":21,"24":21,"25":6,"26":21,"27":21,"29":21,"31":21,"32":21,"34":21,"35":21,"36":21,"38":21,"39":21,"40":21,"42":21,"43":21,"46":21,"47":21,"48":54,"49":54,"50":54,"51":54,"52":54,"53":54,"54":54,"55":21,"56":33,"57":54,"59":54,"60":54,"61":54,"63":21,"64":21,"67":21,"68":21,"69":7,"70":7,"71":7,"72":7,"73":6,"74":6,"75":6,"77":7,"81":21,"82":21,"83":21,"85":21,"86":21,"87":21,"88":21,"89":21,"92":21,"93":2,"94":2,"95":2,"96":6,"97":6,"98":6,"99":6,"100":6,"101":6,"102":6,"103":6,"104":2,"105":4,"106":6,"108":6,"109":6,"110":6,"112":2,"114":2,"115":1,"116":1,"117":1,"118":1,"119":1,"120":1,"121":1,"122":1,"123":1,"125":1,"127":2,"128":2,"130":21,"133":21,"134":21,"135":21,"138":21,"139":21,"140":21,"141":21,"142":21,"143":21,"145":21,"146":21,"147":21,"149":21,"150":21,"151":21,"152":21,"153":21,"155":21},"branchMap":{"0":{"type":"branch","line":11,"loc":{"start":{"line":11,"column":0},"end":{"line":156,"column":1}},"locations":[{"start":{"line":11,"column":0},"end":{"line":156,"column":1}}]},"1":{"type":"branch","line":19,"loc":{"start":{"line":19,"column":21},"end":{"line":21,"column":8}},"locations":[{"start":{"line":19,"column":21},"end":{"line":21,"column":8}}]},"2":{"type":"branch","line":21,"loc":{"start":{"line":21,"column":4},"end":{"line":21,"column":12}},"locations":[{"start":{"line":21,"column":4},"end":{"line":21,"column":12}}]},"3":{"type":"branch","line":22,"loc":{"start":{"line":22,"column":21},"end":{"line":24,"column":8}},"locations":[{"start":{"line":22,"column":21},"end":{"line":24,"column":8}}]},"4":{"type":"branch","line":24,"loc":{"start":{"line":24,"column":4},"end":{"line":24,"column":12}},"locations":[{"start":{"line":24,"column":4},"end":{"line":24,"column":12}}]},"5":{"type":"branch","line":25,"loc":{"start":{"line":25,"column":8},"end":{"line":27,"column":8}},"locations":[{"start":{"line":25,"column":8},"end":{"line":27,"column":8}}]},"6":{"type":"branch","line":27,"loc":{"start":{"line":27,"column":4},"end":{"line":27,"column":12}},"locations":[{"start":{"line":27,"column":4},"end":{"line":27,"column":12}}]},"7":{"type":"branch","line":69,"loc":{"start":{"line":69,"column":15},"end":{"line":78,"column":22}},"locations":[{"start":{"line":69,"column":15},"end":{"line":78,"column":22}}]},"8":{"type":"branch","line":73,"loc":{"start":{"line":73,"column":19},"end":{"line":76,"column":27}},"locations":[{"start":{"line":73,"column":19},"end":{"line":76,"column":27}}]},"9":{"type":"branch","line":86,"loc":{"start":{"line":86,"column":17},"end":{"line":86,"column":64}},"locations":[{"start":{"line":86,"column":17},"end":{"line":86,"column":64}}]},"10":{"type":"branch","line":86,"loc":{"start":{"line":86,"column":59},"end":{"line":86,"column":93}},"locations":[{"start":{"line":86,"column":59},"end":{"line":86,"column":93}}]},"11":{"type":"branch","line":93,"loc":{"start":{"line":93,"column":9},"end":{"line":129,"column":16}},"locations":[{"start":{"line":93,"column":9},"end":{"line":129,"column":16}}]},"12":{"type":"branch","line":115,"loc":{"start":{"line":115,"column":15},"end":{"line":126,"column":22}},"locations":[{"start":{"line":115,"column":15},"end":{"line":126,"column":22}}]},"13":{"type":"branch","line":30,"loc":{"start":{"line":30,"column":19},"end":{"line":30,"column":64}},"locations":[{"start":{"line":30,"column":19},"end":{"line":30,"column":64}}]},"14":{"type":"branch","line":48,"loc":{"start":{"line":48,"column":30},"end":{"line":64,"column":15}},"locations":[{"start":{"line":48,"column":30},"end":{"line":64,"column":15}}]},"15":{"type":"branch","line":55,"loc":{"start":{"line":55,"column":40},"end":{"line":56,"column":57}},"locations":[{"start":{"line":55,"column":40},"end":{"line":56,"column":57}}]},"16":{"type":"branch","line":56,"loc":{"start":{"line":56,"column":26},"end":{"line":57,"column":82}},"locations":[{"start":{"line":56,"column":26},"end":{"line":57,"column":82}}]},"17":{"type":"branch","line":83,"loc":{"start":{"line":83,"column":25},"end":{"line":83,"column":70}},"locations":[{"start":{"line":83,"column":25},"end":{"line":83,"column":70}}]},"18":{"type":"branch","line":96,"loc":{"start":{"line":96,"column":30},"end":{"line":113,"column":15}},"locations":[{"start":{"line":96,"column":30},"end":{"line":113,"column":15}}]},"19":{"type":"branch","line":104,"loc":{"start":{"line":104,"column":40},"end":{"line":105,"column":57}},"locations":[{"start":{"line":104,"column":40},"end":{"line":105,"column":57}}]},"20":{"type":"branch","line":105,"loc":{"start":{"line":105,"column":26},"end":{"line":106,"column":82}},"locations":[{"start":{"line":105,"column":26},"end":{"line":106,"column":82}}]}},"b":{"0":[21],"1":[4],"2":[17],"3":[2],"4":[19],"5":[6],"6":[15],"7":[7],"8":[6],"9":[2],"10":[19],"11":[2],"12":[1],"13":[60],"14":[54],"15":[21],"16":[33],"17":[2],"18":[6],"19":[2],"20":[4]},"fnMap":{"0":{"name":"Layout","decl":{"start":{"line":11,"column":0},"end":{"line":156,"column":1}},"loc":{"start":{"line":11,"column":0},"end":{"line":156,"column":1}},"line":11},"1":{"name":"isActive","decl":{"start":{"line":30,"column":19},"end":{"line":30,"column":64}},"loc":{"start":{"line":30,"column":19},"end":{"line":30,"column":64}},"line":30},"2":{"name":"onClick","decl":{"start":{"line":83,"column":25},"end":{"line":83,"column":70}},"loc":{"start":{"line":83,"column":25},"end":{"line":83,"column":70}},"line":83},"3":{"name":"onClick","decl":{"start":{"line":102,"column":29},"end":{"line":102,"column":62}},"loc":{"start":{"line":102,"column":29},"end":{"line":102,"column":62}},"line":102}},"f":{"0":21,"1":60,"2":2,"3":0}}
,"C:\\Users\\Giba\\Documents\\Midnight Hackaton\\CloakWork\\frontend\\src\\components\\ProofGenerator.tsx": {"path":"C:\\Users\\Giba\\Documents\\Midnight Hackaton\\CloakWork\\frontend\\src\\components\\ProofGenerator.tsx","all":false,"statementMap":{"0":{"start":{"line":1,"column":0},"end":{"line":1,"column":33}},"1":{"start":{"line":2,"column":0},"end":{"line":2,"column":102}},"3":{"start":{"line":4,"column":0},"end":{"line":4,"column":44}},"4":{"start":{"line":5,"column":0},"end":{"line":5,"column":44}},"14":{"start":{"line":15,"column":0},"end":{"line":15,"column":116}},"15":{"start":{"line":16,"column":0},"end":{"line":16,"column":47}},"16":{"start":{"line":17,"column":0},"end":{"line":17,"column":38}},"17":{"start":{"line":18,"column":0},"end":{"line":18,"column":46}},"18":{"start":{"line":19,"column":0},"end":{"line":19,"column":32}},"19":{"start":{"line":20,"column":0},"end":{"line":20,"column":35}},"20":{"start":{"line":21,"column":0},"end":{"line":21,"column":24}},"21":{"start":{"line":22,"column":0},"end":{"line":22,"column":35}},"22":{"start":{"line":23,"column":0},"end":{"line":23,"column":21}},"23":{"start":{"line":24,"column":0},"end":{"line":24,"column":20}},"24":{"start":{"line":25,"column":0},"end":{"line":25,"column":5}},"25":{"start":{"line":26,"column":0},"end":{"line":26,"column":58}},"26":{"start":{"line":27,"column":0},"end":{"line":27,"column":75}},"28":{"start":{"line":29,"column":0},"end":{"line":29,"column":50}},"29":{"start":{"line":30,"column":0},"end":{"line":30,"column":58}},"30":{"start":{"line":31,"column":0},"end":{"line":31,"column":29}},"31":{"start":{"line":32,"column":0},"end":{"line":32,"column":16}},"32":{"start":{"line":33,"column":0},"end":{"line":33,"column":49}},"33":{"start":{"line":34,"column":0},"end":{"line":34,"column":10}},"34":{"start":{"line":35,"column":0},"end":{"line":35,"column":5}},"35":{"start":{"line":36,"column":0},"end":{"line":36,"column":4}},"37":{"start":{"line":38,"column":0},"end":{"line":38,"column":48}},"38":{"start":{"line":39,"column":0},"end":{"line":39,"column":59}},"39":{"start":{"line":40,"column":0},"end":{"line":40,"column":29}},"40":{"start":{"line":41,"column":0},"end":{"line":41,"column":16}},"41":{"start":{"line":42,"column":0},"end":{"line":42,"column":54}},"42":{"start":{"line":43,"column":0},"end":{"line":43,"column":10}},"43":{"start":{"line":44,"column":0},"end":{"line":44,"column":5}},"44":{"start":{"line":45,"column":0},"end":{"line":45,"column":4}},"46":{"start":{"line":47,"column":0},"end":{"line":47,"column":52}},"47":{"start":{"line":48,"column":0},"end":{"line":48,"column":59}},"48":{"start":{"line":49,"column":0},"end":{"line":49,"column":29}},"49":{"start":{"line":50,"column":0},"end":{"line":50,"column":16}},"50":{"start":{"line":51,"column":0},"end":{"line":51,"column":54}},"51":{"start":{"line":52,"column":0},"end":{"line":52,"column":10}},"52":{"start":{"line":53,"column":0},"end":{"line":53,"column":5}},"53":{"start":{"line":54,"column":0},"end":{"line":54,"column":4}},"55":{"start":{"line":56,"column":0},"end":{"line":56,"column":89}},"56":{"start":{"line":57,"column":0},"end":{"line":57,"column":27}},"57":{"start":{"line":58,"column":0},"end":{"line":58,"column":14}},"58":{"start":{"line":59,"column":0},"end":{"line":59,"column":50}},"59":{"start":{"line":60,"column":0},"end":{"line":60,"column":8}},"60":{"start":{"line":61,"column":0},"end":{"line":61,"column":4}},"62":{"start":{"line":63,"column":0},"end":{"line":63,"column":37}},"63":{"start":{"line":64,"column":0},"end":{"line":64,"column":29}},"65":{"start":{"line":66,"column":0},"end":{"line":66,"column":26}},"66":{"start":{"line":67,"column":0},"end":{"line":67,"column":9}},"68":{"start":{"line":69,"column":0},"end":{"line":69,"column":75}},"69":{"start":{"line":70,"column":0},"end":{"line":70,"column":63}},"71":{"start":{"line":72,"column":0},"end":{"line":72,"column":28}},"72":{"start":{"line":73,"column":0},"end":{"line":73,"column":34}},"73":{"start":{"line":74,"column":0},"end":{"line":74,"column":24}},"74":{"start":{"line":75,"column":0},"end":{"line":75,"column":38}},"75":{"start":{"line":76,"column":0},"end":{"line":76,"column":70}},"76":{"start":{"line":77,"column":0},"end":{"line":77,"column":34}},"77":{"start":{"line":78,"column":0},"end":{"line":78,"column":20}},"78":{"start":{"line":79,"column":0},"end":{"line":79,"column":53}},"79":{"start":{"line":80,"column":0},"end":{"line":80,"column":52}},"80":{"start":{"line":81,"column":0},"end":{"line":81,"column":58}},"81":{"start":{"line":82,"column":0},"end":{"line":82,"column":62}},"82":{"start":{"line":83,"column":0},"end":{"line":83,"column":10}},"83":{"start":{"line":84,"column":0},"end":{"line":84,"column":26}},"84":{"start":{"line":85,"column":0},"end":{"line":85,"column":44}},"85":{"start":{"line":86,"column":0},"end":{"line":86,"column":26}},"86":{"start":{"line":87,"column":0},"end":{"line":87,"column":8}},"89":{"start":{"line":90,"column":0},"end":{"line":90,"column":42}},"91":{"start":{"line":92,"column":0},"end":{"line":92,"column":31}},"92":{"start":{"line":93,"column":0},"end":{"line":93,"column":22}},"93":{"start":{"line":94,"column":0},"end":{"line":94,"column":17}},"94":{"start":{"line":95,"column":0},"end":{"line":95,"column":21}},"95":{"start":{"line":96,"column":0},"end":{"line":96,"column":56}},"96":{"start":{"line":97,"column":0},"end":{"line":97,"column":15}},"97":{"start":{"line":98,"column":0},"end":{"line":98,"column":29}},"98":{"start":{"line":99,"column":0},"end":{"line":99,"column":5}},"99":{"start":{"line":100,"column":0},"end":{"line":100,"column":4}},"101":{"start":{"line":102,"column":0},"end":{"line":102,"column":29}},"102":{"start":{"line":103,"column":0},"end":{"line":103,"column":31}},"103":{"start":{"line":104,"column":0},"end":{"line":104,"column":11}},"104":{"start":{"line":105,"column":0},"end":{"line":105,"column":88}},"105":{"start":{"line":106,"column":0},"end":{"line":106,"column":50}},"106":{"start":{"line":107,"column":0},"end":{"line":107,"column":67}},"107":{"start":{"line":108,"column":0},"end":{"line":108,"column":12}},"109":{"start":{"line":110,"column":0},"end":{"line":110,"column":35}},"111":{"start":{"line":112,"column":0},"end":{"line":112,"column":15}},"112":{"start":{"line":113,"column":0},"end":{"line":113,"column":107}},"114":{"start":{"line":115,"column":0},"end":{"line":115,"column":20}},"115":{"start":{"line":116,"column":0},"end":{"line":116,"column":44}},"116":{"start":{"line":117,"column":0},"end":{"line":117,"column":20}},"117":{"start":{"line":118,"column":0},"end":{"line":118,"column":41}},"118":{"start":{"line":119,"column":0},"end":{"line":119,"column":27}},"119":{"start":{"line":120,"column":0},"end":{"line":120,"column":66}},"120":{"start":{"line":121,"column":0},"end":{"line":121,"column":138}},"121":{"start":{"line":122,"column":0},"end":{"line":122,"column":36}},"122":{"start":{"line":123,"column":0},"end":{"line":123,"column":42}},"123":{"start":{"line":124,"column":0},"end":{"line":124,"column":63}},"124":{"start":{"line":125,"column":0},"end":{"line":125,"column":47}},"125":{"start":{"line":126,"column":0},"end":{"line":126,"column":19}},"126":{"start":{"line":127,"column":0},"end":{"line":127,"column":18}},"127":{"start":{"line":128,"column":0},"end":{"line":128,"column":16}},"128":{"start":{"line":129,"column":0},"end":{"line":129,"column":21}},"129":{"start":{"line":130,"column":0},"end":{"line":130,"column":33}},"130":{"start":{"line":131,"column":0},"end":{"line":131,"column":91}},"131":{"start":{"line":132,"column":0},"end":{"line":132,"column":51}},"132":{"start":{"line":133,"column":0},"end":{"line":133,"column":35}},"133":{"start":{"line":134,"column":0},"end":{"line":134,"column":18}},"134":{"start":{"line":135,"column":0},"end":{"line":135,"column":93}},"135":{"start":{"line":136,"column":0},"end":{"line":136,"column":15}},"137":{"start":{"line":138,"column":0},"end":{"line":138,"column":23}},"138":{"start":{"line":139,"column":0},"end":{"line":139,"column":18}},"139":{"start":{"line":140,"column":0},"end":{"line":140,"column":44}},"140":{"start":{"line":141,"column":0},"end":{"line":141,"column":60}},"141":{"start":{"line":142,"column":0},"end":{"line":142,"column":111}},"142":{"start":{"line":143,"column":0},"end":{"line":143,"column":72}},"143":{"start":{"line":144,"column":0},"end":{"line":144,"column":25}},"144":{"start":{"line":145,"column":0},"end":{"line":145,"column":91}},"145":{"start":{"line":146,"column":0},"end":{"line":146,"column":63}},"146":{"start":{"line":147,"column":0},"end":{"line":147,"column":50}},"148":{"start":{"line":149,"column":0},"end":{"line":149,"column":45}},"149":{"start":{"line":150,"column":0},"end":{"line":150,"column":27}},"150":{"start":{"line":151,"column":0},"end":{"line":151,"column":22}},"151":{"start":{"line":152,"column":0},"end":{"line":152,"column":17}},"152":{"start":{"line":153,"column":0},"end":{"line":153,"column":18}},"153":{"start":{"line":154,"column":0},"end":{"line":154,"column":16}},"156":{"start":{"line":157,"column":0},"end":{"line":157,"column":15}},"157":{"start":{"line":158,"column":0},"end":{"line":158,"column":110}},"159":{"start":{"line":160,"column":0},"end":{"line":160,"column":20}},"160":{"start":{"line":161,"column":0},"end":{"line":161,"column":19}},"161":{"start":{"line":162,"column":0},"end":{"line":162,"column":42}},"162":{"start":{"line":163,"column":0},"end":{"line":163,"column":47}},"163":{"start":{"line":164,"column":0},"end":{"line":164,"column":100}},"164":{"start":{"line":165,"column":0},"end":{"line":165,"column":136}},"166":{"start":{"line":167,"column":0},"end":{"line":167,"column":63}},"167":{"start":{"line":168,"column":0},"end":{"line":168,"column":63}},"168":{"start":{"line":169,"column":0},"end":{"line":169,"column":61}},"169":{"start":{"line":170,"column":0},"end":{"line":170,"column":64}},"170":{"start":{"line":171,"column":0},"end":{"line":171,"column":61}},"171":{"start":{"line":172,"column":0},"end":{"line":172,"column":59}},"172":{"start":{"line":173,"column":0},"end":{"line":173,"column":21}},"173":{"start":{"line":174,"column":0},"end":{"line":174,"column":16}},"174":{"start":{"line":175,"column":0},"end":{"line":175,"column":14}},"175":{"start":{"line":176,"column":0},"end":{"line":176,"column":12}},"176":{"start":{"line":177,"column":0},"end":{"line":177,"column":10}},"179":{"start":{"line":180,"column":0},"end":{"line":180,"column":29}},"180":{"start":{"line":181,"column":0},"end":{"line":181,"column":31}},"181":{"start":{"line":182,"column":0},"end":{"line":182,"column":11}},"182":{"start":{"line":183,"column":0},"end":{"line":183,"column":92}},"184":{"start":{"line":185,"column":0},"end":{"line":185,"column":35}},"186":{"start":{"line":187,"column":0},"end":{"line":187,"column":15}},"187":{"start":{"line":188,"column":0},"end":{"line":188,"column":76}},"189":{"start":{"line":190,"column":0},"end":{"line":190,"column":20}},"190":{"start":{"line":191,"column":0},"end":{"line":191,"column":44}},"191":{"start":{"line":192,"column":0},"end":{"line":192,"column":20}},"192":{"start":{"line":193,"column":0},"end":{"line":193,"column":26}},"193":{"start":{"line":194,"column":0},"end":{"line":194,"column":49}},"194":{"start":{"line":195,"column":0},"end":{"line":195,"column":138}},"195":{"start":{"line":196,"column":0},"end":{"line":196,"column":36}},"196":{"start":{"line":197,"column":0},"end":{"line":197,"column":42}},"197":{"start":{"line":198,"column":0},"end":{"line":198,"column":62}},"198":{"start":{"line":199,"column":0},"end":{"line":199,"column":47}},"199":{"start":{"line":200,"column":0},"end":{"line":200,"column":19}},"200":{"start":{"line":201,"column":0},"end":{"line":201,"column":18}},"201":{"start":{"line":202,"column":0},"end":{"line":202,"column":16}},"202":{"start":{"line":203,"column":0},"end":{"line":203,"column":21}},"203":{"start":{"line":204,"column":0},"end":{"line":204,"column":33}},"204":{"start":{"line":205,"column":0},"end":{"line":205,"column":91}},"205":{"start":{"line":206,"column":0},"end":{"line":206,"column":50}},"206":{"start":{"line":207,"column":0},"end":{"line":207,"column":35}},"207":{"start":{"line":208,"column":0},"end":{"line":208,"column":18}},"208":{"start":{"line":209,"column":0},"end":{"line":209,"column":93}},"209":{"start":{"line":210,"column":0},"end":{"line":210,"column":15}},"211":{"start":{"line":212,"column":0},"end":{"line":212,"column":23}},"212":{"start":{"line":213,"column":0},"end":{"line":213,"column":18}},"213":{"start":{"line":214,"column":0},"end":{"line":214,"column":44}},"214":{"start":{"line":215,"column":0},"end":{"line":215,"column":62}},"215":{"start":{"line":216,"column":0},"end":{"line":216,"column":111}},"216":{"start":{"line":217,"column":0},"end":{"line":217,"column":80}},"217":{"start":{"line":218,"column":0},"end":{"line":218,"column":25}},"218":{"start":{"line":219,"column":0},"end":{"line":219,"column":97}},"219":{"start":{"line":220,"column":0},"end":{"line":220,"column":68}},"220":{"start":{"line":221,"column":0},"end":{"line":221,"column":49}},"222":{"start":{"line":223,"column":0},"end":{"line":223,"column":45}},"223":{"start":{"line":224,"column":0},"end":{"line":224,"column":27}},"224":{"start":{"line":225,"column":0},"end":{"line":225,"column":22}},"225":{"start":{"line":226,"column":0},"end":{"line":226,"column":17}},"226":{"start":{"line":227,"column":0},"end":{"line":227,"column":18}},"227":{"start":{"line":228,"column":0},"end":{"line":228,"column":16}},"230":{"start":{"line":231,"column":0},"end":{"line":231,"column":15}},"231":{"start":{"line":232,"column":0},"end":{"line":232,"column":76}},"233":{"start":{"line":234,"column":0},"end":{"line":234,"column":20}},"234":{"start":{"line":235,"column":0},"end":{"line":235,"column":44}},"235":{"start":{"line":236,"column":0},"end":{"line":236,"column":20}},"236":{"start":{"line":237,"column":0},"end":{"line":237,"column":27}},"237":{"start":{"line":238,"column":0},"end":{"line":238,"column":54}},"238":{"start":{"line":239,"column":0},"end":{"line":239,"column":138}},"239":{"start":{"line":240,"column":0},"end":{"line":240,"column":36}},"240":{"start":{"line":241,"column":0},"end":{"line":241,"column":42}},"241":{"start":{"line":242,"column":0},"end":{"line":242,"column":66}},"242":{"start":{"line":243,"column":0},"end":{"line":243,"column":47}},"243":{"start":{"line":244,"column":0},"end":{"line":244,"column":19}},"244":{"start":{"line":245,"column":0},"end":{"line":245,"column":18}},"245":{"start":{"line":246,"column":0},"end":{"line":246,"column":16}},"246":{"start":{"line":247,"column":0},"end":{"line":247,"column":21}},"247":{"start":{"line":248,"column":0},"end":{"line":248,"column":33}},"248":{"start":{"line":249,"column":0},"end":{"line":249,"column":91}},"249":{"start":{"line":250,"column":0},"end":{"line":250,"column":54}},"250":{"start":{"line":251,"column":0},"end":{"line":251,"column":35}},"251":{"start":{"line":252,"column":0},"end":{"line":252,"column":18}},"252":{"start":{"line":253,"column":0},"end":{"line":253,"column":93}},"253":{"start":{"line":254,"column":0},"end":{"line":254,"column":15}},"255":{"start":{"line":256,"column":0},"end":{"line":256,"column":23}},"256":{"start":{"line":257,"column":0},"end":{"line":257,"column":18}},"257":{"start":{"line":258,"column":0},"end":{"line":258,"column":44}},"258":{"start":{"line":259,"column":0},"end":{"line":259,"column":62}},"259":{"start":{"line":260,"column":0},"end":{"line":260,"column":111}},"260":{"start":{"line":261,"column":0},"end":{"line":261,"column":71}},"261":{"start":{"line":262,"column":0},"end":{"line":262,"column":25}},"262":{"start":{"line":263,"column":0},"end":{"line":263,"column":97}},"263":{"start":{"line":264,"column":0},"end":{"line":264,"column":63}},"264":{"start":{"line":265,"column":0},"end":{"line":265,"column":49}},"266":{"start":{"line":267,"column":0},"end":{"line":267,"column":45}},"267":{"start":{"line":268,"column":0},"end":{"line":268,"column":27}},"268":{"start":{"line":269,"column":0},"end":{"line":269,"column":22}},"269":{"start":{"line":270,"column":0},"end":{"line":270,"column":17}},"270":{"start":{"line":271,"column":0},"end":{"line":271,"column":18}},"271":{"start":{"line":272,"column":0},"end":{"line":272,"column":16}},"274":{"start":{"line":275,"column":0},"end":{"line":275,"column":15}},"275":{"start":{"line":276,"column":0},"end":{"line":276,"column":76}},"277":{"start":{"line":278,"column":0},"end":{"line":278,"column":20}},"278":{"start":{"line":279,"column":0},"end":{"line":279,"column":21}},"279":{"start":{"line":280,"column":0},"end":{"line":280,"column":43}},"280":{"start":{"line":281,"column":0},"end":{"line":281,"column":96}},"281":{"start":{"line":282,"column":0},"end":{"line":282,"column":85}},"282":{"start":{"line":283,"column":0},"end":{"line":283,"column":22}},"283":{"start":{"line":284,"column":0},"end":{"line":284,"column":136}},"284":{"start":{"line":285,"column":0},"end":{"line":285,"column":14}},"285":{"start":{"line":286,"column":0},"end":{"line":286,"column":16}},"286":{"start":{"line":287,"column":0},"end":{"line":287,"column":14}},"287":{"start":{"line":288,"column":0},"end":{"line":288,"column":12}},"288":{"start":{"line":289,"column":0},"end":{"line":289,"column":10}},"291":{"start":{"line":292,"column":0},"end":{"line":292,"column":29}},"292":{"start":{"line":293,"column":0},"end":{"line":293,"column":43}},"293":{"start":{"line":294,"column":0},"end":{"line":294,"column":100}},"294":{"start":{"line":295,"column":0},"end":{"line":295,"column":58}},"295":{"start":{"line":296,"column":0},"end":{"line":296,"column":12}},"297":{"start":{"line":298,"column":0},"end":{"line":298,"column":11}},"298":{"start":{"line":299,"column":0},"end":{"line":299,"column":99}},"299":{"start":{"line":300,"column":0},"end":{"line":300,"column":42}},"301":{"start":{"line":302,"column":0},"end":{"line":302,"column":12}},"303":{"start":{"line":304,"column":0},"end":{"line":304,"column":28}},"304":{"start":{"line":305,"column":0},"end":{"line":305,"column":63}},"305":{"start":{"line":306,"column":0},"end":{"line":306,"column":47}},"306":{"start":{"line":307,"column":0},"end":{"line":307,"column":52}},"307":{"start":{"line":308,"column":0},"end":{"line":308,"column":62}},"308":{"start":{"line":309,"column":0},"end":{"line":309,"column":78}},"309":{"start":{"line":310,"column":0},"end":{"line":310,"column":20}},"310":{"start":{"line":311,"column":0},"end":{"line":311,"column":52}},"311":{"start":{"line":312,"column":0},"end":{"line":312,"column":61}},"312":{"start":{"line":313,"column":0},"end":{"line":313,"column":87}},"313":{"start":{"line":314,"column":0},"end":{"line":314,"column":20}},"314":{"start":{"line":315,"column":0},"end":{"line":315,"column":52}},"315":{"start":{"line":316,"column":0},"end":{"line":316,"column":60}},"316":{"start":{"line":317,"column":0},"end":{"line":317,"column":75}},"317":{"start":{"line":318,"column":0},"end":{"line":318,"column":20}},"318":{"start":{"line":319,"column":0},"end":{"line":319,"column":52}},"319":{"start":{"line":320,"column":0},"end":{"line":320,"column":67}},"320":{"start":{"line":321,"column":0},"end":{"line":321,"column":69}},"321":{"start":{"line":322,"column":0},"end":{"line":322,"column":20}},"322":{"start":{"line":323,"column":0},"end":{"line":323,"column":18}},"323":{"start":{"line":324,"column":0},"end":{"line":324,"column":16}},"326":{"start":{"line":327,"column":0},"end":{"line":327,"column":50}},"328":{"start":{"line":329,"column":0},"end":{"line":329,"column":12}},"329":{"start":{"line":330,"column":0},"end":{"line":330,"column":12}},"330":{"start":{"line":331,"column":0},"end":{"line":331,"column":10}},"333":{"start":{"line":334,"column":0},"end":{"line":334,"column":90}},"334":{"start":{"line":335,"column":0},"end":{"line":335,"column":45}},"336":{"start":{"line":337,"column":0},"end":{"line":337,"column":10}},"337":{"start":{"line":338,"column":0},"end":{"line":338,"column":100}},"338":{"start":{"line":339,"column":0},"end":{"line":339,"column":99}},"340":{"start":{"line":341,"column":0},"end":{"line":341,"column":88}},"341":{"start":{"line":342,"column":0},"end":{"line":342,"column":55}},"342":{"start":{"line":343,"column":0},"end":{"line":343,"column":97}},"343":{"start":{"line":344,"column":0},"end":{"line":344,"column":60}},"344":{"start":{"line":345,"column":0},"end":{"line":345,"column":18}},"345":{"start":{"line":346,"column":0},"end":{"line":346,"column":17}},"346":{"start":{"line":347,"column":0},"end":{"line":347,"column":88}},"347":{"start":{"line":348,"column":0},"end":{"line":348,"column":72}},"348":{"start":{"line":349,"column":0},"end":{"line":349,"column":18}},"349":{"start":{"line":350,"column":0},"end":{"line":350,"column":16}},"350":{"start":{"line":351,"column":0},"end":{"line":351,"column":17}},"351":{"start":{"line":352,"column":0},"end":{"line":352,"column":29}},"352":{"start":{"line":353,"column":0},"end":{"line":353,"column":75}},"353":{"start":{"line":354,"column":0},"end":{"line":354,"column":30}},"355":{"start":{"line":356,"column":0},"end":{"line":356,"column":37}},"356":{"start":{"line":357,"column":0},"end":{"line":357,"column":19}},"357":{"start":{"line":358,"column":0},"end":{"line":358,"column":14}},"360":{"start":{"line":361,"column":0},"end":{"line":361,"column":60}},"361":{"start":{"line":362,"column":0},"end":{"line":362,"column":55}},"362":{"start":{"line":363,"column":0},"end":{"line":363,"column":41}},"363":{"start":{"line":364,"column":0},"end":{"line":364,"column":63}},"364":{"start":{"line":365,"column":0},"end":{"line":365,"column":109}},"365":{"start":{"line":366,"column":0},"end":{"line":366,"column":34}},"366":{"start":{"line":367,"column":0},"end":{"line":367,"column":49}},"367":{"start":{"line":368,"column":0},"end":{"line":368,"column":49}},"368":{"start":{"line":369,"column":0},"end":{"line":369,"column":20}},"369":{"start":{"line":370,"column":0},"end":{"line":370,"column":27}},"370":{"start":{"line":371,"column":0},"end":{"line":371,"column":22}},"371":{"start":{"line":372,"column":0},"end":{"line":372,"column":33}},"372":{"start":{"line":373,"column":0},"end":{"line":373,"column":53}},"373":{"start":{"line":374,"column":0},"end":{"line":374,"column":68}},"374":{"start":{"line":375,"column":0},"end":{"line":375,"column":24}},"376":{"start":{"line":377,"column":0},"end":{"line":377,"column":20}},"377":{"start":{"line":378,"column":0},"end":{"line":378,"column":15}},"378":{"start":{"line":379,"column":0},"end":{"line":379,"column":16}},"379":{"start":{"line":380,"column":0},"end":{"line":380,"column":75}},"380":{"start":{"line":381,"column":0},"end":{"line":381,"column":31}},"381":{"start":{"line":382,"column":0},"end":{"line":382,"column":36}},"382":{"start":{"line":383,"column":0},"end":{"line":383,"column":33}},"383":{"start":{"line":384,"column":0},"end":{"line":384,"column":16}},"384":{"start":{"line":385,"column":0},"end":{"line":385,"column":14}},"387":{"start":{"line":388,"column":0},"end":{"line":388,"column":54}},"388":{"start":{"line":389,"column":0},"end":{"line":389,"column":39}},"389":{"start":{"line":390,"column":0},"end":{"line":390,"column":39}},"390":{"start":{"line":391,"column":0},"end":{"line":391,"column":39}},"391":{"start":{"line":392,"column":0},"end":{"line":392,"column":14}},"394":{"start":{"line":395,"column":0},"end":{"line":395,"column":88}},"395":{"start":{"line":396,"column":0},"end":{"line":396,"column":42}},"396":{"start":{"line":397,"column":0},"end":{"line":397,"column":38}},"397":{"start":{"line":398,"column":0},"end":{"line":398,"column":21}},"398":{"start":{"line":399,"column":0},"end":{"line":399,"column":49}},"399":{"start":{"line":400,"column":0},"end":{"line":400,"column":120}},"400":{"start":{"line":401,"column":0},"end":{"line":401,"column":15}},"402":{"start":{"line":403,"column":0},"end":{"line":403,"column":23}},"404":{"start":{"line":405,"column":0},"end":{"line":405,"column":16}},"406":{"start":{"line":407,"column":0},"end":{"line":407,"column":42}},"407":{"start":{"line":408,"column":0},"end":{"line":408,"column":28}},"408":{"start":{"line":409,"column":0},"end":{"line":409,"column":21}},"409":{"start":{"line":410,"column":0},"end":{"line":410,"column":42}},"410":{"start":{"line":411,"column":0},"end":{"line":411,"column":45}},"411":{"start":{"line":412,"column":0},"end":{"line":412,"column":160}},"412":{"start":{"line":413,"column":0},"end":{"line":413,"column":15}},"414":{"start":{"line":415,"column":0},"end":{"line":415,"column":23}},"417":{"start":{"line":418,"column":0},"end":{"line":418,"column":28}},"418":{"start":{"line":419,"column":0},"end":{"line":419,"column":21}},"419":{"start":{"line":420,"column":0},"end":{"line":420,"column":39}},"420":{"start":{"line":421,"column":0},"end":{"line":421,"column":60}},"421":{"start":{"line":422,"column":0},"end":{"line":422,"column":188}},"423":{"start":{"line":424,"column":0},"end":{"line":424,"column":33}},"424":{"start":{"line":425,"column":0},"end":{"line":425,"column":20}},"425":{"start":{"line":426,"column":0},"end":{"line":426,"column":101}},"426":{"start":{"line":427,"column":0},"end":{"line":427,"column":46}},"427":{"start":{"line":428,"column":0},"end":{"line":428,"column":21}},"429":{"start":{"line":430,"column":0},"end":{"line":430,"column":20}},"430":{"start":{"line":431,"column":0},"end":{"line":431,"column":47}},"431":{"start":{"line":432,"column":0},"end":{"line":432,"column":47}},"432":{"start":{"line":433,"column":0},"end":{"line":433,"column":21}},"434":{"start":{"line":435,"column":0},"end":{"line":435,"column":23}},"437":{"start":{"line":438,"column":0},"end":{"line":438,"column":28}},"438":{"start":{"line":439,"column":0},"end":{"line":439,"column":21}},"439":{"start":{"line":440,"column":0},"end":{"line":440,"column":33}},"440":{"start":{"line":441,"column":0},"end":{"line":441,"column":111}},"441":{"start":{"line":442,"column":0},"end":{"line":442,"column":15}},"443":{"start":{"line":444,"column":0},"end":{"line":444,"column":23}},"445":{"start":{"line":446,"column":0},"end":{"line":446,"column":16}},"446":{"start":{"line":447,"column":0},"end":{"line":447,"column":14}},"447":{"start":{"line":448,"column":0},"end":{"line":448,"column":12}},"448":{"start":{"line":449,"column":0},"end":{"line":449,"column":10}},"450":{"start":{"line":451,"column":0},"end":{"line":451,"column":1}}},"s":{"0":1,"1":1,"3":1,"4":1,"14":48,"15":48,"16":48,"17":48,"18":48,"19":48,"20":48,"21":48,"22":48,"23":48,"24":48,"25":48,"26":48,"28":48,"29":11,"30":10,"31":10,"32":10,"33":10,"34":10,"35":11,"37":48,"38":0,"39":0,"40":0,"41":0,"42":0,"43":0,"44":0,"46":48,"47":0,"48":0,"49":0,"50":0,"51":0,"52":0,"53":0,"55":48,"56":0,"57":0,"58":0,"59":0,"60":0,"62":48,"63":0,"65":0,"66":0,"68":0,"69":0,"71":0,"72":0,"73":0,"74":0,"75":0,"76":0,"77":0,"78":0,"79":0,"80":0,"81":0,"82":0,"83":0,"84":0,"85":0,"86":0,"89":0,"91":0,"92":0,"93":0,"94":0,"95":0,"96":0,"97":0,"98":0,"99":0,"101":48,"102":41,"103":41,"104":41,"105":41,"106":41,"107":41,"109":41,"111":41,"112":41,"114":41,"115":41,"116":41,"117":41,"118":41,"119":41,"120":41,"121":41,"122":0,"123":0,"124":0,"125":0,"126":0,"127":41,"128":41,"129":41,"130":11,"131":11,"132":11,"133":11,"134":41,"135":41,"137":41,"138":41,"139":41,"140":41,"141":18,"142":18,"143":18,"144":18,"145":18,"146":18,"148":18,"149":18,"150":18,"151":41,"152":41,"153":41,"156":41,"157":41,"159":41,"160":41,"161":41,"162":41,"163":41,"164":41,"166":41,"167":41,"168":41,"169":41,"170":41,"171":41,"172":41,"173":41,"174":41,"175":41,"176":41,"179":48,"180":7,"181":7,"182":7,"184":7,"186":7,"187":7,"189":7,"190":7,"191":7,"192":7,"193":7,"194":7,"195":7,"196":0,"197":0,"198":0,"199":0,"200":0,"201":7,"202":7,"203":7,"204":0,"205":0,"206":0,"207":0,"208":7,"209":7,"211":7,"212":7,"213":7,"214":7,"215":0,"216":0,"217":0,"218":0,"219":0,"220":0,"222":0,"223":0,"224":0,"225":7,"226":7,"227":7,"230":7,"231":7,"233":7,"234":7,"235":7,"236":7,"237":7,"238":7,"239":7,"240":0,"241":0,"242":0,"243":0,"244":0,"245":7,"246":7,"247":7,"248":0,"249":0,"250":0,"251":0,"252":7,"253":7,"255":7,"256":7,"257":7,"258":7,"259":0,"260":0,"261":0,"262":0,"263":0,"264":0,"266":0,"267":0,"268":0,"269":7,"270":7,"271":7,"274":7,"275":7,"277":7,"278":7,"279":7,"280":7,"281":7,"282":7,"283":7,"284":7,"285":7,"286":7,"287":7,"288":7,"291":48,"292":0,"293":0,"294":0,"295":0,"297":0,"298":0,"299":0,"301":0,"303":0,"304":0,"305":0,"306":0,"307":0,"308":0,"309":0,"310":0,"311":0,"312":0,"313":0,"314":0,"315":0,"316":0,"317":0,"318":0,"319":0,"320":0,"321":0,"322":0,"323":0,"326":0,"328":0,"329":0,"330":0,"333":48,"334":48,"336":48,"337":48,"338":48,"340":48,"341":48,"342":48,"343":48,"344":48,"345":48,"346":48,"347":48,"348":48,"349":48,"350":48,"351":48,"352":48,"353":48,"355":48,"356":48,"357":48,"360":48,"361":48,"362":48,"363":144,"364":144,"365":144,"366":55,"367":89,"368":144,"369":144,"370":144,"371":144,"372":96,"373":96,"374":96,"376":144,"377":48,"378":48,"379":48,"380":48,"381":48,"382":48,"383":48,"384":48,"387":48,"388":48,"389":48,"390":48,"391":48,"394":48,"395":48,"396":48,"397":7,"398":7,"399":7,"400":7,"402":7,"404":48,"406":48,"407":48,"408":41,"409":41,"410":41,"411":41,"412":41,"414":41,"417":48,"418":7,"419":7,"420":7,"421":7,"423":7,"424":0,"425":0,"426":0,"427":0,"429":7,"430":7,"431":7,"432":7,"434":7,"437":48,"438":0,"439":0,"440":0,"441":0,"443":0,"445":48,"446":48,"447":48,"448":48,"450":48},"branchMap":{"0":{"type":"branch","line":15,"loc":{"start":{"line":15,"column":0},"end":{"line":451,"column":1}},"locations":[{"start":{"line":15,"column":0},"end":{"line":451,"column":1}}]},"1":{"type":"branch","line":334,"loc":{"start":{"line":334,"column":59},"end":{"line":334,"column":90}},"locations":[{"start":{"line":334,"column":59},"end":{"line":334,"column":90}}]},"2":{"type":"branch","line":389,"loc":{"start":{"line":389,"column":20},"end":{"line":389,"column":39}},"locations":[{"start":{"line":389,"column":20},"end":{"line":389,"column":39}}]},"3":{"type":"branch","line":390,"loc":{"start":{"line":390,"column":20},"end":{"line":390,"column":39}},"locations":[{"start":{"line":390,"column":20},"end":{"line":390,"column":39}}]},"4":{"type":"branch","line":391,"loc":{"start":{"line":391,"column":20},"end":{"line":391,"column":39}},"locations":[{"start":{"line":391,"column":20},"end":{"line":391,"column":39}}]},"5":{"type":"branch","line":397,"loc":{"start":{"line":397,"column":20},"end":{"line":397,"column":38}},"locations":[{"start":{"line":397,"column":20},"end":{"line":397,"column":38}}]},"6":{"type":"branch","line":397,"loc":{"start":{"line":397,"column":32},"end":{"line":403,"column":23}},"locations":[{"start":{"line":397,"column":32},"end":{"line":403,"column":23}}]},"7":{"type":"branch","line":408,"loc":{"start":{"line":408,"column":22},"end":{"line":415,"column":23}},"locations":[{"start":{"line":408,"column":22},"end":{"line":415,"column":23}}]},"8":{"type":"branch","line":418,"loc":{"start":{"line":418,"column":22},"end":{"line":435,"column":23}},"locations":[{"start":{"line":418,"column":22},"end":{"line":435,"column":23}}]},"9":{"type":"branch","line":424,"loc":{"start":{"line":424,"column":17},"end":{"line":428,"column":21}},"locations":[{"start":{"line":424,"column":17},"end":{"line":428,"column":21}}]},"10":{"type":"branch","line":438,"loc":{"start":{"line":438,"column":22},"end":{"line":444,"column":23}},"locations":[{"start":{"line":438,"column":22},"end":{"line":444,"column":23}}]},"11":{"type":"branch","line":29,"loc":{"start":{"line":29,"column":30},"end":{"line":36,"column":4}},"locations":[{"start":{"line":29,"column":30},"end":{"line":36,"column":4}}]},"12":{"type":"branch","line":30,"loc":{"start":{"line":30,"column":57},"end":{"line":35,"column":5}},"locations":[{"start":{"line":30,"column":57},"end":{"line":35,"column":5}}]},"13":{"type":"branch","line":31,"loc":{"start":{"line":31,"column":19},"end":{"line":34,"column":8}},"locations":[{"start":{"line":31,"column":19},"end":{"line":34,"column":8}}]},"14":{"type":"branch","line":102,"loc":{"start":{"line":102,"column":22},"end":{"line":177,"column":10}},"locations":[{"start":{"line":102,"column":22},"end":{"line":177,"column":10}}]},"15":{"type":"branch","line":130,"loc":{"start":{"line":130,"column":25},"end":{"line":134,"column":18}},"locations":[{"start":{"line":130,"column":25},"end":{"line":134,"column":18}}]},"16":{"type":"branch","line":141,"loc":{"start":{"line":141,"column":41},"end":{"line":151,"column":22}},"locations":[{"start":{"line":141,"column":41},"end":{"line":151,"column":22}}]},"17":{"type":"branch","line":164,"loc":{"start":{"line":164,"column":24},"end":{"line":164,"column":100}},"locations":[{"start":{"line":164,"column":24},"end":{"line":164,"column":100}}]},"18":{"type":"branch","line":164,"loc":{"start":{"line":164,"column":44},"end":{"line":164,"column":98}},"locations":[{"start":{"line":164,"column":44},"end":{"line":164,"column":98}}]},"19":{"type":"branch","line":180,"loc":{"start":{"line":180,"column":22},"end":{"line":289,"column":10}},"locations":[{"start":{"line":180,"column":22},"end":{"line":289,"column":10}}]},"20":{"type":"branch","line":363,"loc":{"start":{"line":363,"column":27},"end":{"line":377,"column":20}},"locations":[{"start":{"line":363,"column":27},"end":{"line":377,"column":20}}]},"21":{"type":"branch","line":366,"loc":{"start":{"line":366,"column":26},"end":{"line":367,"column":49}},"locations":[{"start":{"line":366,"column":26},"end":{"line":367,"column":49}}]},"22":{"type":"branch","line":367,"loc":{"start":{"line":367,"column":22},"end":{"line":368,"column":49}},"locations":[{"start":{"line":367,"column":22},"end":{"line":368,"column":49}}]},"23":{"type":"branch","line":372,"loc":{"start":{"line":372,"column":27},"end":{"line":375,"column":24}},"locations":[{"start":{"line":372,"column":27},"end":{"line":375,"column":24}}]},"24":{"type":"branch","line":374,"loc":{"start":{"line":374,"column":27},"end":{"line":374,"column":55}},"locations":[{"start":{"line":374,"column":27},"end":{"line":374,"column":55}}]},"25":{"type":"branch","line":374,"loc":{"start":{"line":374,"column":37},"end":{"line":374,"column":68}},"locations":[{"start":{"line":374,"column":37},"end":{"line":374,"column":68}}]},"26":{"type":"branch","line":399,"loc":{"start":{"line":399,"column":25},"end":{"line":399,"column":49}},"locations":[{"start":{"line":399,"column":25},"end":{"line":399,"column":49}}]},"27":{"type":"branch","line":410,"loc":{"start":{"line":410,"column":25},"end":{"line":410,"column":42}},"locations":[{"start":{"line":410,"column":25},"end":{"line":410,"column":42}}]}},"b":{"0":[48],"1":[25],"2":[41],"3":[7],"4":[0],"5":[7],"6":[7],"7":[41],"8":[7],"9":[0],"10":[0],"11":[11],"12":[10],"13":[10],"14":[41],"15":[11],"16":[18],"17":[8],"18":[8],"19":[7],"20":[144],"21":[55],"22":[89],"23":[96],"24":[7],"25":[89],"26":[1],"27":[7]},"fnMap":{"0":{"name":"ProofGenerator","decl":{"start":{"line":15,"column":0},"end":{"line":451,"column":1}},"loc":{"start":{"line":15,"column":0},"end":{"line":451,"column":1}},"line":15},"1":{"name":"handleSkillProofAdd","decl":{"start":{"line":29,"column":30},"end":{"line":36,"column":4}},"loc":{"start":{"line":29,"column":30},"end":{"line":36,"column":4}},"line":29},"2":{"name":"handlePortfolioAdd","decl":{"start":{"line":38,"column":29},"end":{"line":45,"column":4}},"loc":{"start":{"line":38,"column":29},"end":{"line":45,"column":4}},"line":38},"3":{"name":"handleCertificationAdd","decl":{"start":{"line":47,"column":33},"end":{"line":54,"column":4}},"loc":{"start":{"line":47,"column":33},"end":{"line":54,"column":4}},"line":47},"4":{"name":"removeItem","decl":{"start":{"line":56,"column":21},"end":{"line":61,"column":4}},"loc":{"start":{"line":56,"column":21},"end":{"line":61,"column":4}},"line":56},"5":{"name":"generateProof","decl":{"start":{"line":63,"column":24},"end":{"line":100,"column":4}},"loc":{"start":{"line":63,"column":24},"end":{"line":100,"column":4}},"line":63},"6":{"name":"renderStep1","decl":{"start":{"line":102,"column":22},"end":{"line":177,"column":10}},"loc":{"start":{"line":102,"column":22},"end":{"line":177,"column":10}},"line":102},"7":{"name":"onKeyPress","decl":{"start":{"line":122,"column":28},"end":{"line":127,"column":18}},"loc":{"start":{"line":122,"column":28},"end":{"line":127,"column":18}},"line":122},"8":{"name":"onClick","decl":{"start":{"line":130,"column":25},"end":{"line":134,"column":18}},"loc":{"start":{"line":130,"column":25},"end":{"line":134,"column":18}},"line":130},"9":{"name":"onClick","decl":{"start":{"line":145,"column":29},"end":{"line":145,"column":91}},"loc":{"start":{"line":145,"column":29},"end":{"line":145,"column":91}},"line":145},"10":{"name":"onChange","decl":{"start":{"line":164,"column":24},"end":{"line":164,"column":100}},"loc":{"start":{"line":164,"column":24},"end":{"line":164,"column":100}},"line":164},"11":{"name":"renderStep2","decl":{"start":{"line":180,"column":22},"end":{"line":289,"column":10}},"loc":{"start":{"line":180,"column":22},"end":{"line":289,"column":10}},"line":180},"12":{"name":"onKeyPress","decl":{"start":{"line":196,"column":28},"end":{"line":201,"column":18}},"loc":{"start":{"line":196,"column":28},"end":{"line":201,"column":18}},"line":196},"13":{"name":"onClick","decl":{"start":{"line":204,"column":25},"end":{"line":208,"column":18}},"loc":{"start":{"line":204,"column":25},"end":{"line":208,"column":18}},"line":204},"14":{"name":"onKeyPress","decl":{"start":{"line":240,"column":28},"end":{"line":245,"column":18}},"loc":{"start":{"line":240,"column":28},"end":{"line":245,"column":18}},"line":240},"15":{"name":"onClick","decl":{"start":{"line":248,"column":25},"end":{"line":252,"column":18}},"loc":{"start":{"line":248,"column":25},"end":{"line":252,"column":18}},"line":248},"16":{"name":"onChange","decl":{"start":{"line":281,"column":24},"end":{"line":281,"column":96}},"loc":{"start":{"line":281,"column":24},"end":{"line":281,"column":96}},"line":281},"17":{"name":"renderStep3","decl":{"start":{"line":292,"column":22},"end":{"line":331,"column":10}},"loc":{"start":{"line":292,"column":22},"end":{"line":331,"column":10}},"line":292},"18":{"name":"onClick","decl":{"start":{"line":399,"column":25},"end":{"line":399,"column":49}},"loc":{"start":{"line":399,"column":25},"end":{"line":399,"column":49}},"line":399},"19":{"name":"onClick","decl":{"start":{"line":410,"column":25},"end":{"line":410,"column":42}},"loc":{"start":{"line":410,"column":25},"end":{"line":410,"column":42}},"line":410}},"f":{"0":48,"1":11,"2":0,"3":0,"4":0,"5":0,"6":41,"7":0,"8":11,"9":0,"10":8,"11":7,"12":0,"13":0,"14":0,"15":0,"16":0,"17":0,"18":1,"19":7}}
,"C:\\Users\\Giba\\Documents\\Midnight Hackaton\\CloakWork\\frontend\\src\\hooks\\useTheme.ts": {"path":"C:\\Users\\Giba\\Documents\\Midnight Hackaton\\CloakWork\\frontend\\src\\hooks\\useTheme.ts","all":true,"statementMap":{"0":{"start":{"line":1,"column":0},"end":{"line":1,"column":44}},"1":{"start":{"line":2,"column":0},"end":{"line":2,"column":0}},"2":{"start":{"line":3,"column":0},"end":{"line":3,"column":30}},"3":{"start":{"line":4,"column":0},"end":{"line":4,"column":0}},"4":{"start":{"line":5,"column":0},"end":{"line":5,"column":28}},"5":{"start":{"line":6,"column":0},"end":{"line":6,"column":51}},"6":{"start":{"line":7,"column":0},"end":{"line":7,"column":62}},"7":{"start":{"line":8,"column":0},"end":{"line":8,"column":21}},"8":{"start":{"line":9,"column":0},"end":{"line":9,"column":24}},"9":{"start":{"line":10,"column":0},"end":{"line":10,"column":5}},"10":{"start":{"line":11,"column":0},"end":{"line":11,"column":88}},"11":{"start":{"line":12,"column":0},"end":{"line":12,"column":5}},"12":{"start":{"line":13,"column":0},"end":{"line":13,"column":0}},"13":{"start":{"line":14,"column":0},"end":{"line":14,"column":19}},"14":{"start":{"line":15,"column":0},"end":{"line":15,"column":63}},"15":{"start":{"line":16,"column":0},"end":{"line":16,"column":50}},"16":{"start":{"line":17,"column":0},"end":{"line":17,"column":41}},"17":{"start":{"line":18,"column":0},"end":{"line":18,"column":14}},"18":{"start":{"line":19,"column":0},"end":{"line":19,"column":0}},"19":{"start":{"line":20,"column":0},"end":{"line":20,"column":29}},"20":{"start":{"line":21,"column":0},"end":{"line":21,"column":68}},"21":{"start":{"line":22,"column":0},"end":{"line":22,"column":4}},"22":{"start":{"line":23,"column":0},"end":{"line":23,"column":0}},"23":{"start":{"line":24,"column":0},"end":{"line":24,"column":10}},"24":{"start":{"line":25,"column":0},"end":{"line":25,"column":10}},"25":{"start":{"line":26,"column":0},"end":{"line":26,"column":16}},"26":{"start":{"line":27,"column":0},"end":{"line":27,"column":28}},"27":{"start":{"line":28,"column":0},"end":{"line":28,"column":4}},"28":{"start":{"line":29,"column":0},"end":{"line":29,"column":1}}},"s":{"0":0,"1":0,"2":0,"3":0,"4":0,"5":0,"6":0,"7":0,"8":0,"9":0,"10":0,"11":0,"12":0,"13":0,"14":0,"15":0,"16":0,"17":0,"18":0,"19":0,"20":0,"21":0,"22":0,"23":0,"24":0,"25":0,"26":0,"27":0,"28":0},"branchMap":{"0":{"type":"branch","line":1,"loc":{"start":{"line":1,"column":0},"end":{"line":29,"column":1}},"locations":[{"start":{"line":1,"column":0},"end":{"line":29,"column":1}}]}},"b":{"0":[0]},"fnMap":{"0":{"name":"(empty-report)","decl":{"start":{"line":1,"column":0},"end":{"line":29,"column":1}},"loc":{"start":{"line":1,"column":0},"end":{"line":29,"column":1}},"line":1}},"f":{"0":0}}
,"C:\\Users\\Giba\\Documents\\Midnight Hackaton\\CloakWork\\frontend\\src\\lib\\utils.ts": {"path":"C:\\Users\\Giba\\Documents\\Midnight Hackaton\\CloakWork\\frontend\\src\\lib\\utils.ts","all":false,"statementMap":{"0":{"start":{"line":1,"column":0},"end":{"line":1,"column":44}},"1":{"start":{"line":2,"column":0},"end":{"line":2,"column":40}},"3":{"start":{"line":4,"column":0},"end":{"line":4,"column":45}},"4":{"start":{"line":5,"column":0},"end":{"line":5,"column":30}},"5":{"start":{"line":6,"column":0},"end":{"line":6,"column":1}}},"s":{"0":1,"1":1,"3":1,"4":2,"5":2},"branchMap":{"0":{"type":"branch","line":4,"loc":{"start":{"line":4,"column":7},"end":{"line":6,"column":1}},"locations":[{"start":{"line":4,"column":7},"end":{"line":6,"column":1}}]}},"b":{"0":[2]},"fnMap":{"0":{"name":"cn","decl":{"start":{"line":4,"column":7},"end":{"line":6,"column":1}},"loc":{"start":{"line":4,"column":7},"end":{"line":6,"column":1}},"line":4}},"f":{"0":2}}
,"C:\\Users\\Giba\\Documents\\Midnight Hackaton\\CloakWork\\frontend\\src\\pages\\ContributorDashboard.tsx": {"path":"C:\\Users\\Giba\\Documents\\Midnight Hackaton\\CloakWork\\frontend\\src\\pages\\ContributorDashboard.tsx","all":false,"statementMap":{"0":{"start":{"line":1,"column":0},"end":{"line":1,"column":44}},"1":{"start":{"line":2,"column":0},"end":{"line":2,"column":128}},"2":{"start":{"line":3,"column":0},"end":{"line":3,"column":44}},"3":{"start":{"line":4,"column":0},"end":{"line":4,"column":44}},"6":{"start":{"line":7,"column":0},"end":{"line":7,"column":48}},"7":{"start":{"line":8,"column":0},"end":{"line":8,"column":77}},"8":{"start":{"line":9,"column":0},"end":{"line":9,"column":61}},"9":{"start":{"line":10,"column":0},"end":{"line":10,"column":47}},"10":{"start":{"line":11,"column":0},"end":{"line":11,"column":38}},"11":{"start":{"line":12,"column":0},"end":{"line":12,"column":25}},"12":{"start":{"line":13,"column":0},"end":{"line":13,"column":27}},"13":{"start":{"line":14,"column":0},"end":{"line":14,"column":28}},"14":{"start":{"line":15,"column":0},"end":{"line":15,"column":21}},"15":{"start":{"line":16,"column":0},"end":{"line":16,"column":21}},"16":{"start":{"line":17,"column":0},"end":{"line":17,"column":5}},"18":{"start":{"line":19,"column":0},"end":{"line":19,"column":19}},"19":{"start":{"line":20,"column":0},"end":{"line":20,"column":24}},"20":{"start":{"line":21,"column":0},"end":{"line":21,"column":20}},"22":{"start":{"line":23,"column":0},"end":{"line":23,"column":41}},"23":{"start":{"line":24,"column":0},"end":{"line":24,"column":29}},"25":{"start":{"line":26,"column":0},"end":{"line":26,"column":9}},"26":{"start":{"line":27,"column":0},"end":{"line":27,"column":23}},"27":{"start":{"line":28,"column":0},"end":{"line":28,"column":59}},"28":{"start":{"line":29,"column":0},"end":{"line":29,"column":49}},"29":{"start":{"line":30,"column":0},"end":{"line":30,"column":45}},"30":{"start":{"line":31,"column":0},"end":{"line":31,"column":9}},"32":{"start":{"line":33,"column":0},"end":{"line":33,"column":28}},"33":{"start":{"line":34,"column":0},"end":{"line":34,"column":30}},"36":{"start":{"line":37,"column":0},"end":{"line":37,"column":50}},"37":{"start":{"line":38,"column":0},"end":{"line":38,"column":88}},"38":{"start":{"line":39,"column":0},"end":{"line":39,"column":90}},"39":{"start":{"line":40,"column":0},"end":{"line":40,"column":83}},"40":{"start":{"line":41,"column":0},"end":{"line":41,"column":39}},"41":{"start":{"line":42,"column":0},"end":{"line":42,"column":46}},"42":{"start":{"line":43,"column":0},"end":{"line":43,"column":58}},"44":{"start":{"line":45,"column":0},"end":{"line":45,"column":16}},"45":{"start":{"line":46,"column":0},"end":{"line":46,"column":26}},"46":{"start":{"line":47,"column":0},"end":{"line":47,"column":28}},"47":{"start":{"line":48,"column":0},"end":{"line":48,"column":29}},"48":{"start":{"line":49,"column":0},"end":{"line":49,"column":22}},"49":{"start":{"line":50,"column":0},"end":{"line":50,"column":22}},"50":{"start":{"line":51,"column":0},"end":{"line":51,"column":9}},"51":{"start":{"line":52,"column":0},"end":{"line":52,"column":21}},"52":{"start":{"line":53,"column":0},"end":{"line":53,"column":61}},"53":{"start":{"line":54,"column":0},"end":{"line":54,"column":15}},"54":{"start":{"line":55,"column":0},"end":{"line":55,"column":24}},"55":{"start":{"line":56,"column":0},"end":{"line":56,"column":5}},"56":{"start":{"line":57,"column":0},"end":{"line":57,"column":4}},"58":{"start":{"line":59,"column":0},"end":{"line":59,"column":45}},"59":{"start":{"line":60,"column":0},"end":{"line":60,"column":21}},"60":{"start":{"line":61,"column":0},"end":{"line":61,"column":21}},"61":{"start":{"line":62,"column":0},"end":{"line":62,"column":61}},"62":{"start":{"line":63,"column":0},"end":{"line":63,"column":22}},"63":{"start":{"line":64,"column":0},"end":{"line":64,"column":66}},"64":{"start":{"line":65,"column":0},"end":{"line":65,"column":22}},"65":{"start":{"line":66,"column":0},"end":{"line":66,"column":60}},"66":{"start":{"line":67,"column":0},"end":{"line":67,"column":14}},"67":{"start":{"line":68,"column":0},"end":{"line":68,"column":59}},"68":{"start":{"line":69,"column":0},"end":{"line":69,"column":5}},"69":{"start":{"line":70,"column":0},"end":{"line":70,"column":4}},"71":{"start":{"line":72,"column":0},"end":{"line":72,"column":46}},"72":{"start":{"line":73,"column":0},"end":{"line":73,"column":21}},"73":{"start":{"line":74,"column":0},"end":{"line":74,"column":21}},"74":{"start":{"line":75,"column":0},"end":{"line":75,"column":47}},"75":{"start":{"line":76,"column":0},"end":{"line":76,"column":22}},"76":{"start":{"line":77,"column":0},"end":{"line":77,"column":45}},"77":{"start":{"line":78,"column":0},"end":{"line":78,"column":22}},"78":{"start":{"line":79,"column":0},"end":{"line":79,"column":41}},"79":{"start":{"line":80,"column":0},"end":{"line":80,"column":21}},"80":{"start":{"line":81,"column":0},"end":{"line":81,"column":43}},"81":{"start":{"line":82,"column":0},"end":{"line":82,"column":23}},"82":{"start":{"line":83,"column":0},"end":{"line":83,"column":47}},"83":{"start":{"line":84,"column":0},"end":{"line":84,"column":14}},"84":{"start":{"line":85,"column":0},"end":{"line":85,"column":43}},"85":{"start":{"line":86,"column":0},"end":{"line":86,"column":5}},"86":{"start":{"line":87,"column":0},"end":{"line":87,"column":4}},"88":{"start":{"line":89,"column":0},"end":{"line":89,"column":46}},"89":{"start":{"line":90,"column":0},"end":{"line":90,"column":43}},"90":{"start":{"line":91,"column":0},"end":{"line":91,"column":24}},"91":{"start":{"line":92,"column":0},"end":{"line":92,"column":22}},"92":{"start":{"line":93,"column":0},"end":{"line":93,"column":31}},"93":{"start":{"line":94,"column":0},"end":{"line":94,"column":22}},"94":{"start":{"line":95,"column":0},"end":{"line":95,"column":4}},"96":{"start":{"line":97,"column":0},"end":{"line":97,"column":39}},"97":{"start":{"line":98,"column":0},"end":{"line":98,"column":31}},"98":{"start":{"line":99,"column":0},"end":{"line":99,"column":30}},"99":{"start":{"line":100,"column":0},"end":{"line":100,"column":43}},"100":{"start":{"line":101,"column":0},"end":{"line":101,"column":108}},"101":{"start":{"line":102,"column":0},"end":{"line":102,"column":56}},"102":{"start":{"line":103,"column":0},"end":{"line":103,"column":16}},"103":{"start":{"line":104,"column":0},"end":{"line":104,"column":89}},"104":{"start":{"line":105,"column":0},"end":{"line":105,"column":98}},"105":{"start":{"line":106,"column":0},"end":{"line":106,"column":80}},"107":{"start":{"line":108,"column":0},"end":{"line":108,"column":19}},"108":{"start":{"line":109,"column":0},"end":{"line":109,"column":14}},"110":{"start":{"line":111,"column":0},"end":{"line":111,"column":31}},"111":{"start":{"line":112,"column":0},"end":{"line":112,"column":123}},"112":{"start":{"line":113,"column":0},"end":{"line":113,"column":67}},"113":{"start":{"line":114,"column":0},"end":{"line":114,"column":38}},"114":{"start":{"line":115,"column":0},"end":{"line":115,"column":66}},"115":{"start":{"line":116,"column":0},"end":{"line":116,"column":47}},"116":{"start":{"line":117,"column":0},"end":{"line":117,"column":70}},"117":{"start":{"line":118,"column":0},"end":{"line":118,"column":53}},"118":{"start":{"line":119,"column":0},"end":{"line":119,"column":23}},"119":{"start":{"line":120,"column":0},"end":{"line":120,"column":113}},"120":{"start":{"line":121,"column":0},"end":{"line":121,"column":34}},"121":{"start":{"line":122,"column":0},"end":{"line":122,"column":25}},"122":{"start":{"line":123,"column":0},"end":{"line":123,"column":22}},"123":{"start":{"line":124,"column":0},"end":{"line":124,"column":58}},"124":{"start":{"line":125,"column":0},"end":{"line":125,"column":41}},"125":{"start":{"line":126,"column":0},"end":{"line":126,"column":20}},"126":{"start":{"line":127,"column":0},"end":{"line":127,"column":83}},"127":{"start":{"line":128,"column":0},"end":{"line":128,"column":70}},"128":{"start":{"line":129,"column":0},"end":{"line":129,"column":32}},"129":{"start":{"line":130,"column":0},"end":{"line":130,"column":88}},"130":{"start":{"line":131,"column":0},"end":{"line":131,"column":22}},"131":{"start":{"line":132,"column":0},"end":{"line":132,"column":20}},"132":{"start":{"line":133,"column":0},"end":{"line":133,"column":42}},"133":{"start":{"line":134,"column":0},"end":{"line":134,"column":79}},"134":{"start":{"line":135,"column":0},"end":{"line":135,"column":81}},"135":{"start":{"line":136,"column":0},"end":{"line":136,"column":37}},"136":{"start":{"line":137,"column":0},"end":{"line":137,"column":22}},"137":{"start":{"line":138,"column":0},"end":{"line":138,"column":20}},"138":{"start":{"line":139,"column":0},"end":{"line":139,"column":18}},"140":{"start":{"line":141,"column":0},"end":{"line":141,"column":33}},"141":{"start":{"line":142,"column":0},"end":{"line":142,"column":57}},"142":{"start":{"line":143,"column":0},"end":{"line":143,"column":89}},"143":{"start":{"line":144,"column":0},"end":{"line":144,"column":79}},"144":{"start":{"line":145,"column":0},"end":{"line":145,"column":23}},"145":{"start":{"line":146,"column":0},"end":{"line":146,"column":70}},"146":{"start":{"line":147,"column":0},"end":{"line":147,"column":88}},"147":{"start":{"line":148,"column":0},"end":{"line":148,"column":24}},"148":{"start":{"line":149,"column":0},"end":{"line":149,"column":23}},"149":{"start":{"line":150,"column":0},"end":{"line":150,"column":73}},"150":{"start":{"line":151,"column":0},"end":{"line":151,"column":104}},"151":{"start":{"line":152,"column":0},"end":{"line":152,"column":24}},"152":{"start":{"line":153,"column":0},"end":{"line":153,"column":23}},"153":{"start":{"line":154,"column":0},"end":{"line":154,"column":69}},"154":{"start":{"line":155,"column":0},"end":{"line":155,"column":98}},"155":{"start":{"line":156,"column":0},"end":{"line":156,"column":24}},"156":{"start":{"line":157,"column":0},"end":{"line":157,"column":23}},"157":{"start":{"line":158,"column":0},"end":{"line":158,"column":74}},"158":{"start":{"line":159,"column":0},"end":{"line":159,"column":96}},"159":{"start":{"line":160,"column":0},"end":{"line":160,"column":24}},"160":{"start":{"line":161,"column":0},"end":{"line":161,"column":22}},"161":{"start":{"line":162,"column":0},"end":{"line":162,"column":20}},"163":{"start":{"line":164,"column":0},"end":{"line":164,"column":16}},"164":{"start":{"line":165,"column":0},"end":{"line":165,"column":10}},"166":{"start":{"line":167,"column":0},"end":{"line":167,"column":10}},"169":{"start":{"line":170,"column":0},"end":{"line":170,"column":34}},"170":{"start":{"line":171,"column":0},"end":{"line":171,"column":31}},"171":{"start":{"line":172,"column":0},"end":{"line":172,"column":31}},"172":{"start":{"line":173,"column":0},"end":{"line":173,"column":43}},"173":{"start":{"line":174,"column":0},"end":{"line":174,"column":108}},"174":{"start":{"line":175,"column":0},"end":{"line":175,"column":63}},"175":{"start":{"line":176,"column":0},"end":{"line":176,"column":16}},"176":{"start":{"line":177,"column":0},"end":{"line":177,"column":84}},"177":{"start":{"line":178,"column":0},"end":{"line":178,"column":124}},"178":{"start":{"line":179,"column":0},"end":{"line":179,"column":14}},"180":{"start":{"line":181,"column":0},"end":{"line":181,"column":32}},"181":{"start":{"line":182,"column":0},"end":{"line":182,"column":123}},"182":{"start":{"line":183,"column":0},"end":{"line":183,"column":67}},"183":{"start":{"line":184,"column":0},"end":{"line":184,"column":38}},"184":{"start":{"line":185,"column":0},"end":{"line":185,"column":66}},"185":{"start":{"line":186,"column":0},"end":{"line":186,"column":71}},"186":{"start":{"line":187,"column":0},"end":{"line":187,"column":70}},"187":{"start":{"line":188,"column":0},"end":{"line":188,"column":47}},"188":{"start":{"line":189,"column":0},"end":{"line":189,"column":23}},"189":{"start":{"line":190,"column":0},"end":{"line":190,"column":113}},"190":{"start":{"line":191,"column":0},"end":{"line":191,"column":34}},"191":{"start":{"line":192,"column":0},"end":{"line":192,"column":25}},"192":{"start":{"line":193,"column":0},"end":{"line":193,"column":22}},"193":{"start":{"line":194,"column":0},"end":{"line":194,"column":58}},"194":{"start":{"line":195,"column":0},"end":{"line":195,"column":78}},"195":{"start":{"line":196,"column":0},"end":{"line":196,"column":20}},"196":{"start":{"line":197,"column":0},"end":{"line":197,"column":83}},"197":{"start":{"line":198,"column":0},"end":{"line":198,"column":88}},"198":{"start":{"line":199,"column":0},"end":{"line":199,"column":40}},"199":{"start":{"line":200,"column":0},"end":{"line":200,"column":22}},"200":{"start":{"line":201,"column":0},"end":{"line":201,"column":36}},"201":{"start":{"line":202,"column":0},"end":{"line":202,"column":77}},"202":{"start":{"line":203,"column":0},"end":{"line":203,"column":23}},"204":{"start":{"line":205,"column":0},"end":{"line":205,"column":22}},"205":{"start":{"line":206,"column":0},"end":{"line":206,"column":20}},"206":{"start":{"line":207,"column":0},"end":{"line":207,"column":59}},"207":{"start":{"line":208,"column":0},"end":{"line":208,"column":46}},"208":{"start":{"line":209,"column":0},"end":{"line":209,"column":60}},"210":{"start":{"line":211,"column":0},"end":{"line":211,"column":62}},"212":{"start":{"line":213,"column":0},"end":{"line":213,"column":56}},"213":{"start":{"line":214,"column":0},"end":{"line":214,"column":81}},"214":{"start":{"line":215,"column":0},"end":{"line":215,"column":23}},"215":{"start":{"line":216,"column":0},"end":{"line":216,"column":20}},"216":{"start":{"line":217,"column":0},"end":{"line":217,"column":18}},"218":{"start":{"line":219,"column":0},"end":{"line":219,"column":63}},"219":{"start":{"line":220,"column":0},"end":{"line":220,"column":53}},"220":{"start":{"line":221,"column":0},"end":{"line":221,"column":77}},"221":{"start":{"line":222,"column":0},"end":{"line":222,"column":20}},"223":{"start":{"line":224,"column":0},"end":{"line":224,"column":76}},"224":{"start":{"line":225,"column":0},"end":{"line":225,"column":128}},"226":{"start":{"line":227,"column":0},"end":{"line":227,"column":25}},"229":{"start":{"line":230,"column":0},"end":{"line":230,"column":69}},"230":{"start":{"line":231,"column":0},"end":{"line":231,"column":126}},"232":{"start":{"line":233,"column":0},"end":{"line":233,"column":25}},"234":{"start":{"line":235,"column":0},"end":{"line":235,"column":18}},"235":{"start":{"line":236,"column":0},"end":{"line":236,"column":16}},"236":{"start":{"line":237,"column":0},"end":{"line":237,"column":10}},"238":{"start":{"line":239,"column":0},"end":{"line":239,"column":10}},"241":{"start":{"line":242,"column":0},"end":{"line":242,"column":16}},"242":{"start":{"line":243,"column":0},"end":{"line":243,"column":12}},"243":{"start":{"line":244,"column":0},"end":{"line":244,"column":69}},"244":{"start":{"line":245,"column":0},"end":{"line":245,"column":126}},"245":{"start":{"line":246,"column":0},"end":{"line":246,"column":12}},"247":{"start":{"line":248,"column":0},"end":{"line":248,"column":3}},"249":{"start":{"line":250,"column":0},"end":{"line":250,"column":10}},"250":{"start":{"line":251,"column":0},"end":{"line":251,"column":45}},"251":{"start":{"line":252,"column":0},"end":{"line":252,"column":67}},"253":{"start":{"line":254,"column":0},"end":{"line":254,"column":30}},"254":{"start":{"line":255,"column":0},"end":{"line":255,"column":90}},"255":{"start":{"line":256,"column":0},"end":{"line":256,"column":39}},"257":{"start":{"line":258,"column":0},"end":{"line":258,"column":14}},"258":{"start":{"line":259,"column":0},"end":{"line":259,"column":14}},"261":{"start":{"line":262,"column":0},"end":{"line":262,"column":68}},"262":{"start":{"line":263,"column":0},"end":{"line":263,"column":84}},"263":{"start":{"line":264,"column":0},"end":{"line":264,"column":47}},"264":{"start":{"line":265,"column":0},"end":{"line":265,"column":45}},"265":{"start":{"line":266,"column":0},"end":{"line":266,"column":62}},"266":{"start":{"line":267,"column":0},"end":{"line":267,"column":20}},"267":{"start":{"line":268,"column":0},"end":{"line":268,"column":36}},"268":{"start":{"line":269,"column":0},"end":{"line":269,"column":97}},"269":{"start":{"line":270,"column":0},"end":{"line":270,"column":79}},"270":{"start":{"line":271,"column":0},"end":{"line":271,"column":20}},"271":{"start":{"line":272,"column":0},"end":{"line":272,"column":18}},"272":{"start":{"line":273,"column":0},"end":{"line":273,"column":16}},"274":{"start":{"line":275,"column":0},"end":{"line":275,"column":84}},"275":{"start":{"line":276,"column":0},"end":{"line":276,"column":47}},"276":{"start":{"line":277,"column":0},"end":{"line":277,"column":45}},"277":{"start":{"line":278,"column":0},"end":{"line":278,"column":61}},"278":{"start":{"line":279,"column":0},"end":{"line":279,"column":20}},"279":{"start":{"line":280,"column":0},"end":{"line":280,"column":36}},"280":{"start":{"line":281,"column":0},"end":{"line":281,"column":99}},"281":{"start":{"line":282,"column":0},"end":{"line":282,"column":68}},"282":{"start":{"line":283,"column":0},"end":{"line":283,"column":20}},"283":{"start":{"line":284,"column":0},"end":{"line":284,"column":18}},"284":{"start":{"line":285,"column":0},"end":{"line":285,"column":16}},"286":{"start":{"line":287,"column":0},"end":{"line":287,"column":84}},"287":{"start":{"line":288,"column":0},"end":{"line":288,"column":47}},"288":{"start":{"line":289,"column":0},"end":{"line":289,"column":45}},"289":{"start":{"line":290,"column":0},"end":{"line":290,"column":66}},"290":{"start":{"line":291,"column":0},"end":{"line":291,"column":20}},"291":{"start":{"line":292,"column":0},"end":{"line":292,"column":36}},"292":{"start":{"line":293,"column":0},"end":{"line":293,"column":100}},"293":{"start":{"line":294,"column":0},"end":{"line":294,"column":69}},"294":{"start":{"line":295,"column":0},"end":{"line":295,"column":20}},"295":{"start":{"line":296,"column":0},"end":{"line":296,"column":18}},"296":{"start":{"line":297,"column":0},"end":{"line":297,"column":16}},"298":{"start":{"line":299,"column":0},"end":{"line":299,"column":84}},"299":{"start":{"line":300,"column":0},"end":{"line":300,"column":47}},"300":{"start":{"line":301,"column":0},"end":{"line":301,"column":45}},"301":{"start":{"line":302,"column":0},"end":{"line":302,"column":67}},"302":{"start":{"line":303,"column":0},"end":{"line":303,"column":20}},"303":{"start":{"line":304,"column":0},"end":{"line":304,"column":36}},"304":{"start":{"line":305,"column":0},"end":{"line":305,"column":93}},"305":{"start":{"line":306,"column":0},"end":{"line":306,"column":75}},"306":{"start":{"line":307,"column":0},"end":{"line":307,"column":20}},"307":{"start":{"line":308,"column":0},"end":{"line":308,"column":18}},"308":{"start":{"line":309,"column":0},"end":{"line":309,"column":16}},"310":{"start":{"line":311,"column":0},"end":{"line":311,"column":84}},"311":{"start":{"line":312,"column":0},"end":{"line":312,"column":47}},"312":{"start":{"line":313,"column":0},"end":{"line":313,"column":45}},"313":{"start":{"line":314,"column":0},"end":{"line":314,"column"
[...]
e":95,"column":3}},"line":84},"3":{"name":"createTask","decl":{"start":{"line":97,"column":2},"end":{"line":115,"column":3}},"loc":{"start":{"line":97,"column":2},"end":{"line":115,"column":3}},"line":97},"4":{"name":"getOwnerTasks","decl":{"start":{"line":117,"column":2},"end":{"line":128,"column":3}},"loc":{"start":{"line":117,"column":2},"end":{"line":128,"column":3}},"line":117},"5":{"name":"getTaskApplications","decl":{"start":{"line":130,"column":2},"end":{"line":142,"column":3}},"loc":{"start":{"line":130,"column":2},"end":{"line":142,"column":3}},"line":130},"6":{"name":"getUserProofs","decl":{"start":{"line":144,"column":2},"end":{"line":155,"column":3}},"loc":{"start":{"line":144,"column":2},"end":{"line":155,"column":3}},"line":144},"7":{"name":"applyToTask","decl":{"start":{"line":157,"column":2},"end":{"line":174,"column":3}},"loc":{"start":{"line":157,"column":2},"end":{"line":174,"column":3}},"line":157},"8":{"name":"getProofs","decl":{"start":{"line":177,"column":2},"end":{"line":191,"column":3}},"loc":{"start":{"line":177,"column":2},"end":{"line":191,"column":3}},"line":177},"9":{"name":"submitProof","decl":{"start":{"line":193,"column":2},"end":{"line":213,"column":3}},"loc":{"start":{"line":193,"column":2},"end":{"line":213,"column":3}},"line":193},"10":{"name":"verifyProof","decl":{"start":{"line":215,"column":2},"end":{"line":232,"column":3}},"loc":{"start":{"line":215,"column":2},"end":{"line":232,"column":3}},"line":215},"11":{"name":"getMatches","decl":{"start":{"line":235,"column":2},"end":{"line":248,"column":3}},"loc":{"start":{"line":235,"column":2},"end":{"line":248,"column":3}},"line":235},"12":{"name":"createMatch","decl":{"start":{"line":250,"column":2},"end":{"line":269,"column":3}},"loc":{"start":{"line":250,"column":2},"end":{"line":269,"column":3}},"line":250},"13":{"name":"updateMatch","decl":{"start":{"line":271,"column":2},"end":{"line":290,"column":3}},"loc":{"start":{"line":271,"column":2},"end":{"line":290,"column":3}},"line":271},"14":{"name":"connectWallet","decl":{"start":{"line":293,"column":2},"end":{"line":313,"column":3}},"loc":{"start":{"line":293,"column":2},"end":{"line":313,"column":3}},"line":293},"15":{"name":"updateUserRole","decl":{"start":{"line":315,"column":2},"end":{"line":335,"column":3}},"loc":{"start":{"line":315,"column":2},"end":{"line":335,"column":3}},"line":315},"16":{"name":"revealIdentity","decl":{"start":{"line":338,"column":2},"end":{"line":359,"column":3}},"loc":{"start":{"line":338,"column":2},"end":{"line":359,"column":3}},"line":338},"17":{"name":"grantMutualConsent","decl":{"start":{"line":361,"column":2},"end":{"line":378,"column":3}},"loc":{"start":{"line":361,"column":2},"end":{"line":378,"column":3}},"line":361}},"f":{"0":24,"1":4,"2":2,"3":2,"4":0,"5":0,"6":0,"7":2,"8":3,"9":2,"10":2,"11":2,"12":1,"13":1,"14":2,"15":1,"16":0,"17":0}}
,"C:\\Users\\Giba\\Documents\\Midnight Hackaton\\CloakWork\\frontend\\src\\store\\useStore.ts": {"path":"C:\\Users\\Giba\\Documents\\Midnight Hackaton\\CloakWork\\frontend\\src\\store\\useStore.ts","all":false,"statementMap":{"0":{"start":{"line":1,"column":0},"end":{"line":1,"column":33}},"100":{"start":{"line":101,"column":0},"end":{"line":101,"column":57}},"102":{"start":{"line":103,"column":0},"end":{"line":103,"column":20}},"103":{"start":{"line":104,"column":0},"end":{"line":104,"column":17}},"104":{"start":{"line":105,"column":0},"end":{"line":105,"column":12}},"105":{"start":{"line":106,"column":0},"end":{"line":106,"column":20}},"106":{"start":{"line":107,"column":0},"end":{"line":107,"column":16}},"107":{"start":{"line":108,"column":0},"end":{"line":108,"column":17}},"108":{"start":{"line":109,"column":0},"end":{"line":109,"column":23}},"109":{"start":{"line":110,"column":0},"end":{"line":110,"column":17}},"110":{"start":{"line":111,"column":0},"end":{"line":111,"column":14}},"111":{"start":{"line":112,"column":0},"end":{"line":112,"column":4}},"112":{"start":{"line":113,"column":0},"end":{"line":113,"column":13}},"113":{"start":{"line":114,"column":0},"end":{"line":114,"column":14}},"114":{"start":{"line":115,"column":0},"end":{"line":115,"column":26}},"115":{"start":{"line":116,"column":0},"end":{"line":116,"column":21}},"118":{"start":{"line":119,"column":0},"end":{"line":119,"column":49}},"119":{"start":{"line":120,"column":0},"end":{"line":120,"column":55}},"120":{"start":{"line":121,"column":0},"end":{"line":121,"column":47}},"121":{"start":{"line":122,"column":0},"end":{"line":122,"column":92}},"122":{"start":{"line":123,"column":0},"end":{"line":123,"column":6}},"125":{"start":{"line":126,"column":0},"end":{"line":126,"column":24}},"126":{"start":{"line":127,"column":0},"end":{"line":127,"column":41}},"127":{"start":{"line":128,"column":0},"end":{"line":128,"column":24}},"128":{"start":{"line":129,"column":0},"end":{"line":129,"column":4}},"129":{"start":{"line":130,"column":0},"end":{"line":130,"column":37}},"130":{"start":{"line":131,"column":0},"end":{"line":131,"column":44}},"131":{"start":{"line":132,"column":0},"end":{"line":132,"column":56}},"132":{"start":{"line":133,"column":0},"end":{"line":133,"column":5}},"133":{"start":{"line":134,"column":0},"end":{"line":134,"column":51}},"134":{"start":{"line":135,"column":0},"end":{"line":135,"column":49}},"135":{"start":{"line":136,"column":0},"end":{"line":136,"column":57}},"136":{"start":{"line":137,"column":0},"end":{"line":137,"column":6}},"137":{"start":{"line":138,"column":0},"end":{"line":138,"column":64}},"138":{"start":{"line":139,"column":0},"end":{"line":139,"column":5}},"139":{"start":{"line":140,"column":0},"end":{"line":140,"column":58}},"140":{"start":{"line":141,"column":0},"end":{"line":141,"column":49}},"141":{"start":{"line":142,"column":0},"end":{"line":142,"column":25}},"142":{"start":{"line":143,"column":0},"end":{"line":143,"column":70}},"143":{"start":{"line":144,"column":0},"end":{"line":144,"column":14}},"144":{"start":{"line":145,"column":0},"end":{"line":145,"column":6}},"145":{"start":{"line":146,"column":0},"end":{"line":146,"column":64}},"146":{"start":{"line":147,"column":0},"end":{"line":147,"column":5}},"147":{"start":{"line":148,"column":0},"end":{"line":148,"column":48}},"148":{"start":{"line":149,"column":0},"end":{"line":149,"column":53}},"149":{"start":{"line":150,"column":0},"end":{"line":150,"column":6}},"150":{"start":{"line":151,"column":0},"end":{"line":151,"column":37}},"151":{"start":{"line":152,"column":0},"end":{"line":152,"column":41}},"152":{"start":{"line":153,"column":0},"end":{"line":153,"column":25}},"154":{"start":{"line":155,"column":0},"end":{"line":155,"column":29}},"155":{"start":{"line":156,"column":0},"end":{"line":156,"column":41}},"156":{"start":{"line":157,"column":0},"end":{"line":157,"column":78}},"157":{"start":{"line":158,"column":0},"end":{"line":158,"column":81}},"158":{"start":{"line":159,"column":0},"end":{"line":159,"column":8}},"159":{"start":{"line":160,"column":0},"end":{"line":160,"column":5}},"161":{"start":{"line":162,"column":0},"end":{"line":162,"column":31}},"162":{"start":{"line":163,"column":0},"end":{"line":163,"column":81}},"163":{"start":{"line":164,"column":0},"end":{"line":164,"column":5}},"165":{"start":{"line":166,"column":0},"end":{"line":166,"column":39}},"166":{"start":{"line":167,"column":0},"end":{"line":167,"column":82}},"167":{"start":{"line":168,"column":0},"end":{"line":168,"column":6}},"169":{"start":{"line":170,"column":0},"end":{"line":170,"column":39}},"170":{"start":{"line":171,"column":0},"end":{"line":171,"column":5}},"173":{"start":{"line":174,"column":0},"end":{"line":174,"column":78}},"174":{"start":{"line":175,"column":0},"end":{"line":175,"column":41}},"177":{"start":{"line":178,"column":0},"end":{"line":178,"column":80}},"178":{"start":{"line":179,"column":0},"end":{"line":179,"column":54}},"179":{"start":{"line":180,"column":0},"end":{"line":180,"column":40}},"180":{"start":{"line":181,"column":0},"end":{"line":181,"column":61}},"181":{"start":{"line":182,"column":0},"end":{"line":182,"column":5}},"182":{"start":{"line":183,"column":0},"end":{"line":183,"column":6}},"183":{"start":{"line":184,"column":0},"end":{"line":184,"column":44}},"186":{"start":{"line":187,"column":0},"end":{"line":187,"column":80}},"187":{"start":{"line":188,"column":0},"end":{"line":188,"column":77}},"188":{"start":{"line":189,"column":0},"end":{"line":189,"column":4}}},"s":{"0":1,"100":1,"102":7,"103":7,"104":7,"105":7,"106":7,"107":7,"108":7,"109":7,"110":7,"111":7,"112":7,"113":7,"114":7,"115":7,"118":7,"119":7,"120":7,"121":2,"122":2,"125":7,"126":6,"127":6,"128":6,"129":7,"130":1,"131":1,"132":1,"133":7,"134":1,"135":1,"136":1,"137":1,"138":1,"139":7,"140":1,"141":1,"142":1,"143":0,"144":1,"145":1,"146":1,"147":7,"148":4,"149":4,"150":7,"151":9,"152":9,"154":9,"155":1,"156":2,"157":1,"158":1,"159":1,"161":9,"162":1,"163":1,"165":9,"166":15,"167":9,"169":9,"170":9,"173":7,"174":7,"177":7,"178":7,"179":1,"180":1,"181":1,"182":1,"183":7,"186":7,"187":7,"188":1},"branchMap":{"0":{"type":"branch","line":101,"loc":{"start":{"line":101,"column":41},"end":{"line":189,"column":2}},"locations":[{"start":{"line":101,"column":41},"end":{"line":189,"column":2}}]},"1":{"type":"branch","line":119,"loc":{"start":{"line":119,"column":15},"end":{"line":119,"column":49}},"locations":[{"start":{"line":119,"column":15},"end":{"line":119,"column":49}}]},"2":{"type":"branch","line":120,"loc":{"start":{"line":120,"column":18},"end":{"line":120,"column":55}},"locations":[{"start":{"line":120,"column":18},"end":{"line":120,"column":55}}]},"3":{"type":"branch","line":121,"loc":{"start":{"line":121,"column":17},"end":{"line":123,"column":6}},"locations":[{"start":{"line":121,"column":17},"end":{"line":123,"column":6}}]},"4":{"type":"branch","line":121,"loc":{"start":{"line":121,"column":34},"end":{"line":123,"column":4}},"locations":[{"start":{"line":121,"column":34},"end":{"line":123,"column":4}}]},"5":{"type":"branch","line":122,"loc":{"start":{"line":122,"column":23},"end":{"line":122,"column":88}},"locations":[{"start":{"line":122,"column":23},"end":{"line":122,"column":88}}]},"6":{"type":"branch","line":122,"loc":{"start":{"line":122,"column":84},"end":{"line":122,"column":92}},"locations":[{"start":{"line":122,"column":84},"end":{"line":122,"column":92}}]},"7":{"type":"branch","line":126,"loc":{"start":{"line":126,"column":12},"end":{"line":129,"column":4}},"locations":[{"start":{"line":126,"column":12},"end":{"line":129,"column":4}}]},"8":{"type":"branch","line":130,"loc":{"start":{"line":130,"column":11},"end":{"line":133,"column":5}},"locations":[{"start":{"line":130,"column":11},"end":{"line":133,"column":5}}]},"9":{"type":"branch","line":130,"loc":{"start":{"line":130,"column":25},"end":{"line":133,"column":3}},"locations":[{"start":{"line":130,"column":25},"end":{"line":133,"column":3}}]},"10":{"type":"branch","line":134,"loc":{"start":{"line":134,"column":14},"end":{"line":139,"column":5}},"locations":[{"start":{"line":134,"column":14},"end":{"line":139,"column":5}}]},"11":{"type":"branch","line":134,"loc":{"start":{"line":134,"column":39},"end":{"line":139,"column":3}},"locations":[{"start":{"line":134,"column":39},"end":{"line":139,"column":3}}]},"12":{"type":"branch","line":135,"loc":{"start":{"line":135,"column":41},"end":{"line":136,"column":57}},"locations":[{"start":{"line":135,"column":41},"end":{"line":136,"column":57}}]},"13":{"type":"branch","line":136,"loc":{"start":{"line":136,"column":49},"end":{"line":136,"column":57}},"locations":[{"start":{"line":136,"column":49},"end":{"line":136,"column":57}}]},"14":{"type":"branch","line":140,"loc":{"start":{"line":140,"column":15},"end":{"line":147,"column":5}},"locations":[{"start":{"line":140,"column":15},"end":{"line":147,"column":5}}]},"15":{"type":"branch","line":140,"loc":{"start":{"line":140,"column":46},"end":{"line":147,"column":3}},"locations":[{"start":{"line":140,"column":46},"end":{"line":147,"column":3}}]},"16":{"type":"branch","line":141,"loc":{"start":{"line":141,"column":41},"end":{"line":144,"column":14}},"locations":[{"start":{"line":141,"column":41},"end":{"line":144,"column":14}}]},"17":{"type":"branch","line":143,"loc":{"start":{"line":143,"column":69},"end":{"line":144,"column":14}},"locations":[{"start":{"line":143,"column":69},"end":{"line":144,"column":14}}]},"18":{"type":"branch","line":148,"loc":{"start":{"line":148,"column":18},"end":{"line":150,"column":6}},"locations":[{"start":{"line":148,"column":18},"end":{"line":150,"column":6}}]},"19":{"type":"branch","line":148,"loc":{"start":{"line":148,"column":35},"end":{"line":150,"column":4}},"locations":[{"start":{"line":148,"column":35},"end":{"line":150,"column":4}}]},"20":{"type":"branch","line":151,"loc":{"start":{"line":151,"column":15},"end":{"line":171,"column":5}},"locations":[{"start":{"line":151,"column":15},"end":{"line":171,"column":5}}]},"21":{"type":"branch","line":151,"loc":{"start":{"line":151,"column":25},"end":{"line":171,"column":3}},"locations":[{"start":{"line":151,"column":25},"end":{"line":171,"column":3}}]},"22":{"type":"branch","line":155,"loc":{"start":{"line":155,"column":28},"end":{"line":160,"column":5}},"locations":[{"start":{"line":155,"column":28},"end":{"line":160,"column":5}}]},"23":{"type":"branch","line":162,"loc":{"start":{"line":162,"column":30},"end":{"line":164,"column":5}},"locations":[{"start":{"line":162,"column":30},"end":{"line":164,"column":5}}]},"24":{"type":"branch","line":156,"loc":{"start":{"line":156,"column":33},"end":{"line":158,"column":81}},"locations":[{"start":{"line":156,"column":33},"end":{"line":158,"column":81}}]},"25":{"type":"branch","line":157,"loc":{"start":{"line":157,"column":74},"end":{"line":158,"column":81}},"locations":[{"start":{"line":157,"column":74},"end":{"line":158,"column":81}}]},"26":{"type":"branch","line":163,"loc":{"start":{"line":163,"column":33},"end":{"line":163,"column":79}},"locations":[{"start":{"line":163,"column":33},"end":{"line":163,"column":79}}]},"27":{"type":"branch","line":166,"loc":{"start":{"line":166,"column":31},"end":{"line":167,"column":82}},"locations":[{"start":{"line":166,"column":31},"end":{"line":167,"column":82}}]},"28":{"type":"branch","line":167,"loc":{"start":{"line":167,"column":41},"end":{"line":167,"column":82}},"locations":[{"start":{"line":167,"column":41},"end":{"line":167,"column":82}}]},"29":{"type":"branch","line":174,"loc":{"start":{"line":174,"column":12},"end":{"line":174,"column":78}},"locations":[{"start":{"line":174,"column":12},"end":{"line":174,"column":78}}]},"30":{"type":"branch","line":174,"loc":{"start":{"line":174,"column":27},"end":{"line":174,"column":76}},"locations":[{"start":{"line":174,"column":27},"end":{"line":174,"column":76}}]},"31":{"type":"branch","line":175,"loc":{"start":{"line":175,"column":13},"end":{"line":175,"column":41}},"locations":[{"start":{"line":175,"column":13},"end":{"line":175,"column":41}}]},"32":{"type":"branch","line":178,"loc":{"start":{"line":178,"column":12},"end":{"line":178,"column":80}},"locations":[{"start":{"line":178,"column":12},"end":{"line":178,"column":80}}]},"33":{"type":"branch","line":178,"loc":{"start":{"line":178,"column":27},"end":{"line":178,"column":78}},"locations":[{"start":{"line":178,"column":27},"end":{"line":178,"column":78}}]},"34":{"type":"branch","line":179,"loc":{"start":{"line":179,"column":15},"end":{"line":183,"column":6}},"locations":[{"start":{"line":179,"column":15},"end":{"line":183,"column":6}}]},"35":{"type":"branch","line":179,"loc":{"start":{"line":179,"column":41},"end":{"line":183,"column":4}},"locations":[{"start":{"line":179,"column":41},"end":{"line":183,"column":4}}]},"36":{"type":"branch","line":180,"loc":{"start":{"line":180,"column":31},"end":{"line":181,"column":61}},"locations":[{"start":{"line":180,"column":31},"end":{"line":181,"column":61}}]},"37":{"type":"branch","line":181,"loc":{"start":{"line":181,"column":52},"end":{"line":181,"column":61}},"locations":[{"start":{"line":181,"column":52},"end":{"line":181,"column":61}}]},"38":{"type":"branch","line":184,"loc":{"start":{"line":184,"column":14},"end":{"line":184,"column":44}},"locations":[{"start":{"line":184,"column":14},"end":{"line":184,"column":44}}]},"39":{"type":"branch","line":187,"loc":{"start":{"line":187,"column":18},"end":{"line":187,"column":80}},"locations":[{"start":{"line":187,"column":18},"end":{"line":187,"column":80}}]},"40":{"type":"branch","line":188,"loc":{"start":{"line":188,"column":19},"end":{"line":188,"column":77}},"locations":[{"start":{"line":188,"column":19},"end":{"line":188,"column":77}}]}},"b":{"0":[7],"1":[1],"2":[2],"3":[2],"4":[2],"5":[1],"6":[1],"7":[6],"8":[1],"9":[1],"10":[1],"11":[1],"12":[1],"13":[0],"14":[1],"15":[1],"16":[1],"17":[0],"18":[4],"19":[4],"20":[9],"21":[9],"22":[1],"23":[1],"24":[2],"25":[1],"26":[2],"27":[15],"28":[14],"29":[1],"30":[1],"31":[1],"32":[1],"33":[1],"34":[1],"35":[1],"36":[1],"37":[0],"38":[2],"39":[2],"40":[1]},"fnMap":{"0":{"name":"setUserRole","decl":{"start":{"line":119,"column":15},"end":{"line":119,"column":49}},"loc":{"start":{"line":119,"column":15},"end":{"line":119,"column":49}},"line":119},"1":{"name":"setCurrentUser","decl":{"start":{"line":120,"column":18},"end":{"line":120,"column":55}},"loc":{"start":{"line":120,"column":18},"end":{"line":120,"column":55}},"line":120},"2":{"name":"connectWallet","decl":{"start":{"line":121,"column":17},"end":{"line":123,"column":6}},"loc":{"start":{"line":121,"column":17},"end":{"line":123,"column":6}},"line":121},"3":{"name":"setTasks","decl":{"start":{"line":126,"column":12},"end":{"line":129,"column":4}},"loc":{"start":{"line":126,"column":12},"end":{"line":129,"column":4}},"line":126},"4":{"name":"addTask","decl":{"start":{"line":130,"column":11},"end":{"line":133,"column":5}},"loc":{"start":{"line":130,"column":11},"end":{"line":133,"column":5}},"line":130},"5":{"name":"updateTask","decl":{"start":{"line":134,"column":14},"end":{"line":139,"column":5}},"loc":{"start":{"line":134,"column":14},"end":{"line":139,"column":5}},"line":134},"6":{"name":"applyToTask","decl":{"start":{"line":140,"column":15},"end":{"line":147,"column":5}},"loc":{"start":{"line":140,"column":15},"end":{"line":147,"column":5}},"line":140},"7":{"name":"setTaskFilters","decl":{"start":{"line":148,"column":18},"end":{"line":150,"column":6}},"loc":{"start":{"line":148,"column":18},"end":{"line":150,"column":6}},"line":148},"8":{"name":"filterTasks","decl":{"start":{"line":151,"column":15},"end":{"line":171,"column":5}},"loc":{"start":{"line":151,"column":15},"end":{"line":171,"column":5}},"line":151},"9":{"name":"addProof","decl":{"start":{"line":174,"column":12},"end":{"line":174,"column":78}},"loc":{"start":{"line":174,"column":12},"end":{"line":174,"column":78}},"line":174},"10":{"name":"setProofs","decl":{"start":{"line":175,"column":13},"end":{"line":175,"column":41}},"loc":{"start":{"line":175,"column":13},"end":{"line":175,"column":41}},"line":175},"11":{"name":"addMatch","decl":{"start":{"line":178,"column":12},"end":{"line":178,"column":80}},"loc":{"start":{"line":178,"column":12},"end":{"line":178,"column":80}},"line":178},"12":{"name":"updateMatch","decl":{"start":{"line":179,"column":15},"end":{"line":183,"column":6}},"loc":{"start":{"line":179,"column":15},"end":{"line":183,"column":6}},"line":179},"13":{"name":"setMatches","decl":{"start":{"line":184,"column":14},"end":{"line":184,"column":44}},"loc":{"start":{"line":184,"column":14},"end":{"line":184,"column":44}},"line":184},"14":{"name":"openProofModal","decl":{"start":{"line":187,"column":18},"end":{"line":187,"column":80}},"loc":{"start":{"line":187,"column":18},"end":{"line":187,"column":80}},"line":187},"15":{"name":"closeProofModal","decl":{"start":{"line":188,"column":19},"end":{"line":188,"column":77}},"loc":{"start":{"line":188,"column":19},"end":{"line":188,"column":77}},"line":188}},"f":{"0":1,"1":2,"2":2,"3":6,"4":1,"5":1,"6":1,"7":4,"8":9,"9":1,"10":1,"11":1,"12":1,"13":2,"14":2,"15":1}}
}
