{"C:\\Users\\Giba\\Documents\\Midnight Hackaton\\CloakWork\\backend\\cloakwork-cli\\src\\api.ts": {"path":"C:\\Users\\Giba\\Documents\\Midnight Hackaton\\CloakWork\\backend\\cloakwork-cli\\src\\api.ts","statementMap":{"0":{"start":{"line":230,"column":0},"end":{"line":230,"column":16}},"1":{"start":{"line":2,"column":0},"end":{"line":2,"column":101}},"2":{"start":{"line":3,"column":0},"end":{"line":3,"column":93}},"3":{"start":{"line":4,"column":0},"end":{"line":4,"column":97}},"4":{"start":{"line":5,"column":0},"end":{"line":5,"column":101}},"5":{"start":{"line":6,"column":0},"end":{"line":6,"column":91}},"6":{"start":{"line":7,"column":0},"end":{"line":7,"column":null}},"7":{"start":{"line":15,"column":0},"end":{"line":15,"column":101}},"8":{"start":{"line":16,"column":0},"end":{"line":16,"column":83}},"9":{"start":{"line":17,"column":0},"end":{"line":17,"column":95}},"10":{"start":{"line":18,"column":0},"end":{"line":18,"column":70}},"11":{"start":{"line":20,"column":0},"end":{"line":20,"column":72}},"12":{"start":{"line":21,"column":0},"end":{"line":21,"column":35}},"13":{"start":{"line":22,"column":0},"end":{"line":22,"column":41}},"14":{"start":{"line":23,"column":0},"end":{"line":23,"column":27}},"15":{"start":{"line":24,"column":0},"end":{"line":24,"column":31}},"16":{"start":{"line":25,"column":0},"end":{"line":25,"column":44}},"17":{"start":{"line":26,"column":0},"end":{"line":26,"column":30}},"18":{"start":{"line":28,"column":0},"end":{"line":28,"column":54}},"19":{"start":{"line":32,"column":0},"end":{"line":32,"column":40}},"20":{"start":{"line":34,"column":21},"end":{"line":34,"column":44}},"21":{"start":{"line":74,"column":47},"end":{"line":95,"column":1}},"22":{"start":{"line":77,"column":16},"end":{"line":77,"column":55}},"23":{"start":{"line":78,"column":2},"end":{"line":94,"column":4}},"24":{"start":{"line":82,"column":6},"end":{"line":89,"column":32}},"25":{"start":{"line":87,"column":22},"end":{"line":87,"column":49}},"26":{"start":{"line":88,"column":27},"end":{"line":88,"column":112}},"27":{"start":{"line":92,"column":6},"end":{"line":92,"column":42}},"28":{"start":{"line":74,"column":13},"end":{"line":74,"column":47}},"29":{"start":{"line":101,"column":27},"end":{"line":113,"column":null}},"30":{"start":{"line":102,"column":2},"end":{"line":113,"column":null}},"31":{"start":{"line":106,"column":25},"end":{"line":106,"column":63}},"32":{"start":{"line":107,"column":26},"end":{"line":107,"column":65}},"33":{"start":{"line":108,"column":8},"end":{"line":110,"column":10}},"34":{"start":{"line":112,"column":27},"end":{"line":112,"column":88}},"35":{"start":{"line":101,"column":13},"end":{"line":101,"column":27}},"36":{"start":{"line":116,"column":35},"end":{"line":128,"column":null}},"37":{"start":{"line":117,"column":2},"end":{"line":128,"column":null}},"38":{"start":{"line":121,"column":25},"end":{"line":121,"column":63}},"39":{"start":{"line":122,"column":26},"end":{"line":122,"column":65}},"40":{"start":{"line":123,"column":8},"end":{"line":125,"column":10}},"41":{"start":{"line":127,"column":27},"end":{"line":127,"column":59}},"42":{"start":{"line":116,"column":13},"end":{"line":116,"column":35}},"43":{"start":{"line":131,"column":28},"end":{"line":141,"column":null}},"44":{"start":{"line":132,"column":2},"end":{"line":141,"column":null}},"45":{"start":{"line":136,"column":24},"end":{"line":136,"column":59}},"46":{"start":{"line":137,"column":8},"end":{"line":137,"column":70}},"47":{"start":{"line":139,"column":20},"end":{"line":139,"column":51}},"48":{"start":{"line":140,"column":29},"end":{"line":140,"column":41}},"49":{"start":{"line":131,"column":13},"end":{"line":131,"column":28}},"50":{"start":{"line":144,"column":25},"end":{"line":170,"column":1}},"51":{"start":{"line":145,"column":24},"end":{"line":145,"column":46}},"52":{"start":{"line":146,"column":2},"end":{"line":169,"column":3}},"53":{"start":{"line":147,"column":4},"end":{"line":147,"column":64}},"54":{"start":{"line":148,"column":4},"end":{"line":166,"column":5}},"55":{"start":{"line":149,"column":6},"end":{"line":149,"column":62}},"56":{"start":{"line":150,"column":30},"end":{"line":150,"column":59}},"57":{"start":{"line":151,"column":21},"end":{"line":151,"column":73}},"58":{"start":{"line":152,"column":6},"end":{"line":152,"column":36}},"59":{"start":{"line":153,"column":6},"end":{"line":155,"column":9}},"60":{"start":{"line":154,"column":8},"end":{"line":154,"column":81}},"61":{"start":{"line":156,"column":6},"end":{"line":158,"column":9}},"62":{"start":{"line":157,"column":8},"end":{"line":157,"column":26}},"63":{"start":{"line":159,"column":6},"end":{"line":159,"column":19}},"64":{"start":{"line":161,"column":6},"end":{"line":165,"column":7}},"65":{"start":{"line":162,"column":8},"end":{"line":162,"column":23}},"66":{"start":{"line":163,"column":13},"end":{"line":165,"column":7}},"67":{"start":{"line":164,"column":8},"end":{"line":164,"column":31}},"68":{"start":{"line":168,"column":4},"end":{"line":168,"column":66}},"69":{"start":{"line":144,"column":13},"end":{"line":144,"column":25}},"70":{"start":{"line":172,"column":30},"end":{"line":182,"column":1}},"71":{"start":{"line":173,"column":2},"end":{"line":173,"column":36}},"72":{"start":{"line":174,"column":23},"end":{"line":174,"column":79}},"73":{"start":{"line":175,"column":2},"end":{"line":181,"column":3}},"74":{"start":{"line":176,"column":4},"end":{"line":176,"column":101}},"75":{"start":{"line":177,"column":4},"end":{"line":177,"column":16}},"76":{"start":{"line":179,"column":4},"end":{"line":179,"column":81}},"77":{"start":{"line":180,"column":4},"end":{"line":180,"column":17}},"78":{"start":{"line":172,"column":13},"end":{"line":172,"column":30}},"79":{"start":{"line":184,"column":27},"end":{"line":188,"column":1}},"80":{"start":{"line":185,"column":16},"end":{"line":185,"column":38}},"81":{"start":{"line":186,"column":2},"end":{"line":186,"column":35}},"82":{"start":{"line":187,"column":2},"end":{"line":187,"column":15}},"83":{"start":{"line":184,"column":13},"end":{"line":184,"column":27}},"84":{"start":{"line":190,"column":42},"end":{"line":225,"column":1}},"85":{"start":{"line":195,"column":2},"end":{"line":195,"column":36}},"86":{"start":{"line":197,"column":23},"end":{"line":197,"column":32}},"87":{"start":{"line":198,"column":2},"end":{"line":205,"column":3}},"88":{"start":{"line":199,"column":4},"end":{"line":199,"column":124}},"89":{"start":{"line":200,"column":4},"end":{"line":200,"column":19}},"90":{"start":{"line":202,"column":4},"end":{"line":202,"column":71}},"91":{"start":{"line":203,"column":4},"end":{"line":203,"column":124}},"92":{"start":{"line":204,"column":4},"end":{"line":204,"column":19}},"93":{"start":{"line":207,"column":16},"end":{"line":207,"column":55}},"94":{"start":{"line":208,"column":2},"end":{"line":208,"column":46}},"95":{"start":{"line":209,"column":2},"end":{"line":209,"column":58}},"96":{"start":{"line":210,"column":16},"end":{"line":210,"column":45}},"97":{"start":{"line":211,"column":2},"end":{"line":215,"column":3}},"98":{"start":{"line":212,"column":4},"end":{"line":212,"column":45}},"99":{"start":{"line":213,"column":4},"end":{"line":213,"column":48}},"100":{"start":{"line":214,"column":4},"end":{"line":214,"column":41}},"101":{"start":{"line":216,"column":2},"end":{"line":216,"column":52}},"102":{"start":{"line":218,"column":2},"end":{"line":222,"column":3}},"103":{"start":{"line":219,"column":4},"end":{"line":221,"column":14}},"104":{"start":{"line":220,"column":6},"end":{"line":220,"column":40}},"105":{"start":{"line":224,"column":2},"end":{"line":224,"column":16}},"106":{"start":{"line":190,"column":13},"end":{"line":190,"column":42}},"107":{"start":{"line":227,"column":32},"end":{"line":228,"column":70}},"108":{"start":{"line":228,"column":2},"end":{"line":228,"column":70}},"109":{"start":{"line":227,"column":13},"end":{"line":227,"column":32}},"110":{"start":{"line":231,"column":2},"end":{"line":231,"column":19}},"111":{"start":{"line":238,"column":29},"end":{"line":246,"column":1}},"112":{"start":{"line":239,"column":36},"end":{"line":239,"column":81}},"113":{"start":{"line":240,"column":2},"end":{"line":245,"column":4}},"114":{"start":{"line":248,"column":38},"end":{"line":259,"column":1}},"115":{"start":{"line":249,"column":17},"end":{"line":249,"column":59}},"116":{"start":{"line":250,"column":2},"end":{"line":258,"column":4}},"117":{"start":{"line":248,"column":13},"end":{"line":248,"column":38}},"118":{"start":{"line":261,"column":39},"end":{"line":272,"column":1}},"119":{"start":{"line":262,"column":17},"end":{"line":262,"column":59}},"120":{"start":{"line":263,"column":2},"end":{"line":271,"column":4}},"121":{"start":{"line":261,"column":13},"end":{"line":261,"column":39}},"122":{"start":{"line":274,"column":42},"end":{"line":293,"column":1}},"123":{"start":{"line":275,"column":17},"end":{"line":275,"column":59}},"124":{"start":{"line":276,"column":2},"end":{"line":292,"column":4}},"125":{"start":{"line":274,"column":13},"end":{"line":274,"column":42}},"126":{"start":{"line":303,"column":0},"end":{"line":303,"column":89}},"127":{"start":{"line":305,"column":0},"end":{"line":305,"column":91}},"128":{"start":{"line":307,"column":0},"end":{"line":307,"column":97}},"129":{"start":{"line":309,"column":13},"end":{"line":309,"column":75}},"130":{"start":{"line":310,"column":13},"end":{"line":310,"column":77}},"131":{"start":{"line":311,"column":13},"end":{"line":311,"column":83}},"132":{"start":{"line":317,"column":32},"end":{"line":323,"column":1}},"133":{"start":{"line":318,"column":2},"end":{"line":318,"column":43}},"134":{"start":{"line":319,"column":2},"end":{"line":322,"column":12}},"135":{"start":{"line":317,"column":13},"end":{"line":317,"column":32}},"136":{"start":{"line":325,"column":33},"end":{"line":331,"column":1}},"137":{"start":{"line":326,"column":2},"end":{"line":326,"column":43}},"138":{"start":{"line":327,"column":2},"end":{"line":330,"column":12}},"139":{"start":{"line":325,"column":13},"end":{"line":325,"column":33}},"140":{"start":{"line":333,"column":36},"end":{"line":339,"column":1}},"141":{"start":{"line":334,"column":2},"end":{"line":334,"column":43}},"142":{"start":{"line":335,"column":2},"end":{"line":338,"column":12}},"143":{"start":{"line":333,"column":13},"end":{"line":333,"column":36}},"144":{"start":{"line":341,"column":34},"end":{"line":346,"column":11}},"145":{"start":{"line":342,"column":2},"end":{"line":346,"column":11}},"146":{"start":{"line":341,"column":13},"end":{"line":341,"column":34}},"147":{"start":{"line":348,"column":35},"end":{"line":353,"column":11}},"148":{"start":{"line":349,"column":2},"end":{"line":353,"column":11}},"149":{"start":{"line":348,"column":13},"end":{"line":348,"column":35}},"150":{"start":{"line":355,"column":38},"end":{"line":360,"column":11}},"151":{"start":{"line":356,"column":2},"end":{"line":360,"column":11}},"152":{"start":{"line":355,"column":13},"end":{"line":355,"column":38}}},"fnMap":{"0":{"name":"(anonymous_10)","decl":{"start":{"line":74,"column":47},"end":{"line":74,"column":52}},"loc":{"start":{"line":76,"column":48},"end":{"line":95,"column":1}}},"1":{"name":"(anonymous_11)","decl":{"start":{"line":81,"column":4},"end":{"line":81,"column":13}},"loc":{"start":{"line":81,"column":61},"end":{"line":90,"column":5}}},"2":{"name":"(anonymous_12)","decl":{"start":{"line":87,"column":14},"end":{"line":87,"column":15}},"loc":{"start":{"line":87,"column":22},"end":{"line":87,"column":49}}},"3":{"name":"(anonymous_13)","decl":{"start":{"line":88,"column":14},"end":{"line":88,"column":15}},"loc":{"start":{"line":88,"column":27},"end":{"line":88,"column":112}}},"4":{"name":"(anonymous_14)","decl":{"start":{"line":91,"column":4},"end":{"line":91,"column":12}},"loc":{"start":{"line":91,"column":36},"end":{"line":93,"column":5}}},"5":{"name":"(anonymous_15)","decl":{"start":{"line":101,"column":27},"end":{"line":101,"column":28}},"loc":{"start":{"line":102,"column":2},"end":{"line":113,"column":null}}},"6":{"name":"(anonymous_16)","decl":{"start":{"line":105,"column":13},"end":{"line":105,"column":14}},"loc":{"start":{"line":105,"column":23},"end":{"line":111,"column":7}}},"7":{"name":"(anonymous_17)","decl":{"start":{"line":112,"column":16},"end":{"line":112,"column":17}},"loc":{"start":{"line":112,"column":27},"end":{"line":112,"column":88}}},"8":{"name":"(anonymous_18)","decl":{"start":{"line":116,"column":35},"end":{"line":116,"column":40}},"loc":{"start":{"line":117,"column":2},"end":{"line":128,"column":null}}},"9":{"name":"(anonymous_19)","decl":{"start":{"line":120,"column":13},"end":{"line":120,"column":14}},"loc":{"start":{"line":120,"column":23},"end":{"line":126,"column":7}}},"10":{"name":"(anonymous_20)","decl":{"start":{"line":127,"column":16},"end":{"line":127,"column":17}},"loc":{"start":{"line":127,"column":27},"end":{"line":127,"column":59}}},"11":{"name":"(anonymous_21)","decl":{"start":{"line":131,"column":28},"end":{"line":131,"column":29}},"loc":{"start":{"line":132,"column":2},"end":{"line":141,"column":null}}},"12":{"name":"(anonymous_22)","decl":{"start":{"line":135,"column":13},"end":{"line":135,"column":14}},"loc":{"start":{"line":135,"column":23},"end":{"line":138,"column":7}}},"13":{"name":"(anonymous_23)","decl":{"start":{"line":139,"column":13},"end":{"line":139,"column":14}},"loc":{"start":{"line":139,"column":20},"end":{"line":139,"column":51}}},"14":{"name":"(anonymous_24)","decl":{"start":{"line":140,"column":16},"end":{"line":140,"column":17}},"loc":{"start":{"line":140,"column":29},"end":{"line":140,"column":41}}},"15":{"name":"(anonymous_25)","decl":{"start":{"line":144,"column":25},"end":{"line":144,"column":30}},"loc":{"start":{"line":144,"column":68},"end":{"line":170,"column":1}}},"16":{"name":"(anonymous_26)","decl":{"start":{"line":153,"column":26},"end":{"line":153,"column":null}},"loc":{"start":{"line":153,"column":26},"end":{"line":155,"column":7}}},"17":{"name":"(anonymous_27)","decl":{"start":{"line":156,"column":25},"end":{"line":156,"column":35}},"loc":{"start":{"line":156,"column":38},"end":{"line":158,"column":7}}},"18":{"name":"(anonymous_28)","decl":{"start":{"line":172,"column":30},"end":{"line":172,"column":35}},"loc":{"start":{"line":172,"column":71},"end":{"line":182,"column":1}}},"19":{"name":"(anonymous_29)","decl":{"start":{"line":184,"column":27},"end":{"line":184,"column":28}},"loc":{"start":{"line":184,"column":58},"end":{"line":188,"column":1}}},"20":{"name":"(anonymous_30)","decl":{"start":{"line":190,"column":42},"end":{"line":190,"column":47}},"loc":{"start":{"line":194,"column":32},"end":{"line":225,"column":1}}},"21":{"name":"(anonymous_31)","decl":{"start":{"line":227,"column":32},"end":{"line":227,"column":37}},"loc":{"start":{"line":228,"column":2},"end":{"line":228,"column":70}}},"22":{"name":"setLogger","decl":{"start":{"line":230,"column":16},"end":{"line":230,"column":25}},"loc":{"start":{"line":230,"column":41},"end":{"line":232,"column":1}}},"23":{"name":"(anonymous_33)","decl":{"start":{"line":238,"column":29},"end":{"line":238,"column":34}},"loc":{"start":{"line":238,"column":81},"end":{"line":246,"column":1}}},"24":{"name":"(anonymous_34)","decl":{"start":{"line":248,"column":38},"end":{"line":248,"column":43}},"loc":{"start":{"line":248,"column":114},"end":{"line":259,"column":1}}},"25":{"name":"(anonymous_35)","decl":{"start":{"line":261,"column":39},"end":{"line":261,"column":44}},"loc":{"start":{"line":261,"column":115},"end":{"line":272,"column":1}}},"26":{"name":"(anonymous_36)","decl":{"start":{"line":274,"column":42},"end":{"line":274,"column":47}},"loc":{"start":{"line":274,"column":118},"end":{"line":293,"column":1}}},"27":{"name":"(anonymous_37)","decl":{"start":{"line":317,"column":32},"end":{"line":317,"column":37}},"loc":{"start":{"line":317,"column":92},"end":{"line":323,"column":1}}},"28":{"name":"(anonymous_38)","decl":{"start":{"line":325,"column":33},"end":{"line":325,"column":38}},"loc":{"start":{"line":325,"column":93},"end":{"line":331,"column":1}}},"29":{"name":"(anonymous_39)","decl":{"start":{"line":333,"column":36},"end":{"line":333,"column":41}},"loc":{"start":{"line":333,"column":96},"end":{"line":339,"column":1}}},"30":{"name":"(anonymous_40)","decl":{"start":{"line":341,"column":34},"end":{"line":341,"column":39}},"loc":{"start":{"line":342,"column":2},"end":{"line":346,"column":11}}},"31":{"name":"(anonymous_41)","decl":{"start":{"line":348,"column":35},"end":{"line":348,"column":40}},"loc":{"start":{"line":349,"column":2},"end":{"line":353,"column":11}}},"32":{"name":"(anonymous_42)","decl":{"start":{"line":355,"column":38},"end":{"line":355,"column":43}},"loc":{"start":{"line":356,"column":2},"end":{"line":360,"column":11}}}},"branchMap":{"0":{"loc":{"start":{"line":106,"column":25},"end":{"line":106,"column":63}},"type":"binary-expr","locations":[{"start":{"line":106,"column":25},"end":{"line":106,"column":57}},{"start":{"line":106,"column":61},"end":{"line":106,"column":63}}]},"1":{"loc":{"start":{"line":107,"column":26},"end":{"line":107,"column":65}},"type":"binary-expr","locations":[{"start":{"line":107,"column":26},"end":{"line":107,"column":59}},{"start":{"line":107,"column":63},"end":{"line":107,"column":65}}]},"2":{"loc":{"start":{"line":112,"column":27},"end":{"line":112,"column":88}},"type":"binary-expr","locations":[{"start":{"line":112,"column":27},"end":{"line":112,"column":59}},{"start":{"line":112,"column":63},"end":{"line":112,"column":88}}]},"3":{"loc":{"start":{"line":121,"column":25},"end":{"line":121,"column":63}},"type":"binary-expr","locations":[{"start":{"line":121,"column":25},"end":{"line":121,"column":57}},{"start":{"line":121,"column":61},"end":{"line":121,"column":63}}]},"4":{"loc":{"start":{"line":122,"column":26},"end":{"line":122,"column":65}},"type":"binary-expr","locations":[{"start":{"line":122,"column":26},"end":{"line":122,"column":59}},{"start":{"line":122,"column":63},"end":{"line":122,"column":65}}]},"5":{"loc":{"start":{"line":136,"column":24},"end":{"line":136,"column":59}},"type":"binary-expr","locations":[{"start":{"line":136,"column":24},"end":{"line":136,"column":53}},{"start":{"line":136,"column":57},"end":{"line":136,"column":59}}]},"6":{"loc":{"start":{"line":139,"column":20},"end":{"line":139,"column":51}},"type":"binary-expr","locations":[{"start":{"line":139,"column":20},"end":{"line":139,"column":45}},{"start":{"line":139,"column":49},"end":{"line":139,"column":51}}]},"7":{"loc":{"start":{"line":146,"column":2},"end":{"line":169,"column":3}},"type":"if","locations":[{"start":{"line":146,"column":2},"end":{"line":169,"column":3}},{"start":{"line":167,"column":9},"end":{"line":169,"column":3}}]},"8":{"loc":{"start":{"line":161,"column":6},"end":{"line":165,"column":7}},"type":"if","locations":[{"start":{"line":161,"column":6},"end":{"line":165,"column":7}},{"start":{"line":163,"column":13},"end":{"line":165,"column":7}}]},"9":{"loc":{"start":{"line":163,"column":13},"end":{"line":165,"column":7}},"type":"if","locations":[{"start":{"line":163,"column":13},"end":{"line":165,"column":7}}]},"10":{"loc":{"start":{"line":175,"column":2},"end":{"line":181,"column":3}},"type":"if","locations":[{"start":{"line":175,"column":2},"end":{"line":181,"column":3}},{"start":{"line":178,"column":9},"end":{"line":181,"column":3}}]},"11":{"loc":{"start":{"line":211,"column":2},"end":{"line":215,"column":3}},"type":"if","locations":[{"start":{"line":211,"column":2},"end":{"line":215,"column":3}}]},"12":{"loc":{"start":{"line":211,"column":6},"end":{"line":211,"column":45}},"type":"binary-expr","locations":[{"start":{"line":211,"column":6},"end":{"line":211,"column":27}},{"start":{"line":211,"column":31},"end":{"line":211,"column":45}}]},"13":{"loc":{"start":{"line":218,"column":2},"end":{"line":222,"column":3}},"type":"if","locations":[{"start":{"line":218,"column":2},"end":{"line":222,"column":3}}]}},"s":{"0":0,"1":0,"2":0,"3":0,"4":0,"5":0,"6":0,"7":0,"8":0,"9":0,"10":0,"11":0,"12":0,"13":0,"14":0,"15":0,"16":0,"17":0,"18":0,"19":0,"20":0,"21":0,"22":0,"23":0,"24":0,"25":0,"26":0,"27":0,"28":0,"29":0,"30":0,"31":0,"32":0,"33":0,"34":0,"35":0,"36":0,"37":0,"38":0,"39":0,"40":0,"41":0,"42":0,"43":0,"44":0,"45":0,"46":0,"47":0,"48":0,"49":0,"50":0,"51":0,"52":0,"53":0,"54":0,"55":0,"56":0,"57":0,"58":0,"59":0,"60":0,"61":0,"62":0,"63":0,"64":0,"65":0,"66":0,"67":0,"68":0,"69":0,"70":0,"71":0,"72":0,"73":0,"74":0,"75":0,"76":0,"77":0,"78":0,"79":0,"80":0,"81":0,"82":0,"83":0,"84":0,"85":0,"86":0,"87":0,"88":0,"89":0,"90":0,"91":0,"92":0,"93":0,"94":0,"95":0,"96":0,"97":0,"98":0,"99":0,"100":0,"101":0,"102":0,"103":0,"104":0,"105":0,"106":0,"107":0,"108":0,"109":0,"110":0,"111":0,"112":0,"113":0,"114":0,"115":0,"116":0,"117":0,"118":0,"119":0,"120":0,"121":0,"122":0,"123":0,"124":0,"125":0,"126":0,"127":0,"128":0,"129":0,"130":0,"131":0,"132":0,"133":0,"134":0,"135":0,"136":0,"137":0,"138":0,"139":0,"140":0,"141":0,"142":0,"143":0,"144":0,"145":0,"146":0,"147":0,"148":0,"149":0,"150":0,"151":0,"152":0},"f":{"0":0,"1":0,"2":0,"3":0,"4":0,"5":0,"6":0,"7":0,"8":0,"9":0,"10":0,"11":0,"12":0,"13":0,"14":0,"15":0,"16":0,"17":0,"18":0,"19":0,"20":0,"21":0,"22":0,"23":0,"24":0,"25":0,"26":0,"27":0,"28":0,"29":0,"30":0,"31":0,"32":0},"b":{"0":[0,0],"1":[0,0],"2":[0,0],"3":[0,0],"4":[0,0],"5":[0,0],"6":[0,0],"7":[0,0],"8":[0,0],"9":[0],"10":[0,0],"11":[0],"12":[0,0],"13":[0]}}
,"C:\\Users\\Giba\\Documents\\Midnight Hackaton\\CloakWork\\backend\\cloakwork-cli\\src\\server.ts": {"path":"C:\\Users\\Giba\\Documents\\Midnight Hackaton\\CloakWork\\backend\\cloakwork-cli\\src\\server.ts","statementMap":{"0":{"start":{"line":567,"column":0},"end":{"line":567,"column":16}},"1":{"start":{"line":572,"column":0},"end":{"line":572,"column":16}},"2":{"start":{"line":1,"column":0},"end":{"line":1,"column":30}},"3":{"start":{"line":2,"column":0},"end":{"line":2,"column":24}},"4":{"start":{"line":3,"column":0},"end":{"line":3,"column":28}},"5":{"start":{"line":4,"column":0},"end":{"line":4,"column":43}},"6":{"start":{"line":5,"column":0},"end":{"line":5,"column":22}},"7":{"start":{"line":6,"column":0},"end":{"line":6,"column":24}},"8":{"start":{"line":9,"column":0},"end":{"line":9,"column":null}},"9":{"start":{"line":30,"column":29},"end":{"line":35,"column":2}},"10":{"start":{"line":31,"column":27},"end":{"line":31,"column":68}},"11":{"start":{"line":32,"column":24},"end":{"line":32,"column":53}},"12":{"start":{"line":33,"column":28},"end":{"line":33,"column":71}},"13":{"start":{"line":34,"column":28},"end":{"line":34,"column":71}},"14":{"start":{"line":37,"column":29},"end":{"line":37,"column":49}},"15":{"start":{"line":38,"column":30},"end":{"line":38,"column":50}},"16":{"start":{"line":39,"column":33},"end":{"line":39,"column":53}},"17":{"start":{"line":42,"column":15},"end":{"line":50,"column":2}},"18":{"start":{"line":53,"column":12},"end":{"line":53,"column":21}},"19":{"start":{"line":54,"column":13},"end":{"line":54,"column":37}},"20":{"start":{"line":57,"column":16},"end":{"line":61,"column":2}},"21":{"start":{"line":64,"column":0},"end":{"line":64,"column":18}},"22":{"start":{"line":65,"column":0},"end":{"line":65,"column":16}},"23":{"start":{"line":66,"column":0},"end":{"line":66,"column":17}},"24":{"start":{"line":67,"column":0},"end":{"line":67,"column":41}},"25":{"start":{"line":68,"column":0},"end":{"line":68,"column":48}},"26":{"start":{"line":71,"column":0},"end":{"line":79,"column":3}},"27":{"start":{"line":72,"column":2},"end":{"line":77,"column":25}},"28":{"start":{"line":78,"column":2},"end":{"line":78,"column":9}},"29":{"start":{"line":82,"column":0},"end":{"line":95,"column":3}},"30":{"start":{"line":83,"column":2},"end":{"line":83,"column":57}},"31":{"start":{"line":85,"column":32},"end":{"line":92,"column":4}},"32":{"start":{"line":94,"column":2},"end":{"line":94,"column":33}},"33":{"start":{"line":98,"column":25},"end":{"line":105,"column":2}},"34":{"start":{"line":107,"column":26},"end":{"line":111,"column":2}},"35":{"start":{"line":113,"column":26},"end":{"line":119,"column":2}},"36":{"start":{"line":121,"column":26},"end":{"line":127,"column":2}},"37":{"start":{"line":130,"column":33},"end":{"line":130,"column":42}},"38":{"start":{"line":131,"column":47},"end":{"line":131,"column":56}},"39":{"start":{"line":132,"column":35},"end":{"line":132,"column":44}},"40":{"start":{"line":133,"column":36},"end":{"line":133,"column":45}},"41":{"start":{"line":136,"column":19},"end":{"line":136,"column":39}},"42":{"start":{"line":137,"column":20},"end":{"line":137,"column":41}},"43":{"start":{"line":138,"column":23},"end":{"line":138,"column":47}},"44":{"start":{"line":142,"column":2},"end":{"line":142,"column":75}},"45":{"start":{"line":146,"column":2},"end":{"line":150,"column":4}},"46":{"start":{"line":154,"column":2},"end":{"line":162,"column":4}},"47":{"start":{"line":167,"column":2},"end":{"line":179,"column":4}},"48":{"start":{"line":168,"column":22},"end":{"line":168,"column":47}},"49":{"start":{"line":169,"column":4},"end":{"line":177,"column":5}},"50":{"start":{"line":170,"column":33},"end":{"line":175,"column":8}},"51":{"start":{"line":173,"column":40},"end":{"line":173,"column":49}},"52":{"start":{"line":176,"column":6},"end":{"line":176,"column":65}},"53":{"start":{"line":178,"column":4},"end":{"line":178,"column":11}},"54":{"start":{"line":187,"column":0},"end":{"line":189,"column":3}},"55":{"start":{"line":188,"column":2},"end":{"line":188,"column":94}},"56":{"start":{"line":192,"column":0},"end":{"line":194,"column":3}},"57":{"start":{"line":193,"column":2},"end":{"line":193,"column":89}},"58":{"start":{"line":197,"column":0},"end":{"line":231,"column":3}},"59":{"start":{"line":198,"column":2},"end":{"line":230,"column":3}},"60":{"start":{"line":199,"column":50},"end":{"line":199,"column":58}},"61":{"start":{"line":201,"column":4},"end":{"line":208,"column":5}},"62":{"start":{"line":202,"column":33},"end":{"line":206,"column":8}},"63":{"start":{"line":207,"column":6},"end":{"line":207,"column":65}},"64":{"start":{"line":211,"column":19},"end":{"line":211,"column":39}},"65":{"start":{"line":213,"column":25},"end":{"line":218,"column":6}},"66":{"start":{"line":220,"column":4},"end":{"line":220,"column":67}},"67":{"start":{"line":221,"column":4},"end":{"line":221,"column":27}},"68":{"start":{"line":223,"column":4},"end":{"line":223,"column":59}},"69":{"start":{"line":224,"column":31},"end":{"line":228,"column":6}},"70":{"start":{"line":229,"column":4},"end":{"line":229,"column":56}},"71":{"start":{"line":234,"column":0},"end":{"line":283,"column":3}},"72":{"start":{"line":235,"column":2},"end":{"line":282,"column":3}},"73":{"start":{"line":236,"column":21},"end":{"line":236,"column":29}},"74":{"start":{"line":237,"column":19},"end":{"line":237,"column":31}},"75":{"start":{"line":240,"column":25},"end":{"line":240,"column":52}},"76":{"start":{"line":241,"column":16},"end":{"line":241,"column":26}},"77":{"start":{"line":242,"column":4},"end":{"line":249,"column":5}},"78":{"start":{"line":243,"column":33},"end":{"line":247,"column":8}},"79":{"start":{"line":248,"column":6},"end":{"line":248,"column":65}},"80":{"start":{"line":251,"column":4},"end":{"line":251,"column":59}},"81":{"start":{"line":254,"column":28},"end":{"line":254,"column":48}},"82":{"start":{"line":255,"column":26},"end":{"line":255,"column":40}},"83":{"start":{"line":257,"column":17},"end":{"line":267,"column":6}},"84":{"start":{"line":269,"column":4},"end":{"line":269,"column":35}},"85":{"start":{"line":270,"column":4},"end":{"line":270,"column":57}},"86":{"start":{"line":271,"column":4},"end":{"line":271,"column":31}},"87":{"start":{"line":274,"column":4},"end":{"line":274,"column":51}},"88":{"start":{"line":275,"column":31},"end":{"line":280,"column":6}},"89":{"start":{"line":281,"column":4},"end":{"line":281,"column":56}},"90":{"start":{"line":286,"column":0},"end":{"line":355,"column":3}},"91":{"start":{"line":287,"column":2},"end":{"line":354,"column":3}},"92":{"start":{"line":288,"column":23},"end":{"line":288,"column":32}},"93":{"start":{"line":291,"column":17},"end":{"line":291,"column":35}},"94":{"start":{"line":292,"column":18},"end":{"line":292,"column":37}},"95":{"start":{"line":294,"column":4},"end":{"line":302,"column":5}},"96":{"start":{"line":296,"column":33},"end":{"line":300,"column":8}},"97":{"start":{"line":301,"column":6},"end":{"line":301,"column":65}},"98":{"start":{"line":304,"column":24},"end":{"line":304,"column":50}},"99":{"start":{"line":307,"column":4},"end":{"line":309,"column":5}},"100":{"start":{"line":308,"column":6},"end":{"line":308,"column":88}},"101":{"start":{"line":308,"column":58},"end":{"line":308,"column":86}},"102":{"start":{"line":311,"column":4},"end":{"line":313,"column":5}},"103":{"start":{"line":312,"column":6},"end":{"line":312,"column":92}},"104":{"start":{"line":312,"column":58},"end":{"line":312,"column":90}},"105":{"start":{"line":315,"column":4},"end":{"line":317,"column":5}},"106":{"start":{"line":316,"column":6},"end":{"line":316,"column":110}},"107":{"start":{"line":316,"column":58},"end":{"line":316,"column":108}},"108":{"start":{"line":319,"column":4},"end":{"line":321,"column":5}},"109":{"start":{"line":320,"column":6},"end":{"line":320,"column":110}},"110":{"start":{"line":320,"column":58},"end":{"line":320,"column":108}},"111":{"start":{"line":323,"column":4},"end":{"line":325,"column":5}},"112":{"start":{"line":324,"column":6},"end":{"line":324,"column":88}},"113":{"start":{"line":324,"column":58},"end":{"line":324,"column":86}},"114":{"start":{"line":327,"column":4},"end":{"line":332,"column":5}},"115":{"start":{"line":328,"column":21},"end":{"line":328,"column":80}},"116":{"start":{"line":329,"column":6},"end":{"line":331,"column":8}},"117":{"start":{"line":330,"column":8},"end":{"line":330,"column":128}},"118":{"start":{"line":330,"column":39},"end":{"line":330,"column":127}},"119":{"start":{"line":330,"column":79},"end":{"line":330,"column":126}},"120":{"start":{"line":335,"column":23},"end":{"line":335,"column":63}},"121":{"start":{"line":336,"column":19},"end":{"line":336,"column":44}},"122":{"start":{"line":337,"column":18},"end":{"line":337,"column":38}},"123":{"start":{"line":339,"column":27},"end":{"line":339,"column":75}},"124":{"start":{"line":342,"column":4},"end":{"line":342,"column":73}},"125":{"start":{"line":343,"column":4},"end":{"line":343,"column":29}},"126":{"start":{"line":346,"column":4},"end":{"line":346,"column":54}},"127":{"start":{"line":347,"column":31},"end":{"line":352,"column":6}},"128":{"start":{"line":353,"column":4},"end":{"line":353,"column":56}},"129":{"start":{"line":358,"column":0},"end":{"line":403,"column":3}},"130":{"start":{"line":359,"column":2},"end":{"line":402,"column":3}},"131":{"start":{"line":360,"column":19},"end":{"line":360,"column":32}},"132":{"start":{"line":361,"column":28},"end":{"line":361,"column":36}},"133":{"start":{"line":362,"column":26},"end":{"line":362,"column":38}},"134":{"start":{"line":364,"column":4},"end":{"line":364,"column":74}},"135":{"start":{"line":367,"column":17},"end":{"line":367,"column":34}},"136":{"start":{"line":368,"column":4},"end":{"line":375,"column":5}},"137":{"start":{"line":369,"column":33},"end":{"line":373,"column":8}},"138":{"start":{"line":374,"column":6},"end":{"line":374,"column":65}},"139":{"start":{"line":378,"column":24},"end":{"line":386,"column":6}},"140":{"start":{"line":388,"column":4},"end":{"line":388,"column":56}},"141":{"start":{"line":390,"column":4},"end":{"line":390,"column":73}},"142":{"start":{"line":391,"column":4},"end":{"line":391,"column":38}},"143":{"start":{"line":394,"column":4},"end":{"line":394,"column":60}},"144":{"start":{"line":395,"column":31},"end":{"line":400,"column":6}},"145":{"start":{"line":401,"column":4},"end":{"line":401,"column":56}},"146":{"start":{"line":406,"column":0},"end":{"line":421,"column":3}},"147":{"start":{"line":407,"column":2},"end":{"line":420,"column":3}},"148":{"start":{"line":408,"column":23},"end":{"line":408,"column":50}},"149":{"start":{"line":409,"column":4},"end":{"line":409,"column":66}},"150":{"start":{"line":410,"column":4},"end":{"line":410,"column":25}},"151":{"start":{"line":412,"column":4},"end":{"line":412,"column":55}},"152":{"start":{"line":413,"column":31},"end":{"line":418,"column":6}},"153":{"start":{"line":419,"column":4},"end":{"line":419,"column":56}},"154":{"start":{"line":424,"column":0},"end":{"line":470,"column":3}},"155":{"start":{"line":425,"column":2},"end":{"line":469,"column":3}},"156":{"start":{"line":426,"column":22},"end":{"line":426,"column":30}},"157":{"start":{"line":427,"column":20},"end":{"line":427,"column":32}},"158":{"start":{"line":429,"column":4},"end":{"line":429,"column":86}},"159":{"start":{"line":432,"column":17},"end":{"line":432,"column":44}},"160":{"start":{"line":433,"column":4},"end":{"line":440,"column":5}},"161":{"start":{"line":434,"column":33},"end":{"line":438,"column":8}},"162":{"start":{"line":439,"column":6},"end":{"line":439,"column":65}},"163":{"start":{"line":443,"column":21},"end":{"line":443,"column":40}},"164":{"start":{"line":445,"column":18},"end":{"line":454,"column":6}},"165":{"start":{"line":456,"column":4},"end":{"line":456,"column":38}},"166":{"start":{"line":457,"column":4},"end":{"line":457,"column":71}},"167":{"start":{"line":458,"column":4},"end":{"line":458,"column":32}},"168":{"start":{"line":461,"column":4},"end":{"line":461,"column":54}},"169":{"start":{"line":462,"column":31},"end":{"line":467,"column":6}},"170":{"start":{"line":468,"column":4},"end":{"line":468,"column":56}},"171":{"start":{"line":473,"column":0},"end":{"line":488,"column":3}},"172":{"start":{"line":474,"column":2},"end":{"line":487,"column":3}},"173":{"start":{"line":475,"column":24},"end":{"line":475,"column":52}},"174":{"start":{"line":476,"column":4},"end":{"line":476,"column":68}},"175":{"start":{"line":477,"column":4},"end":{"line":477,"column":26}},"176":{"start":{"line":479,"column":4},"end":{"line":479,"column":56}},"177":{"start":{"line":480,"column":31},"end":{"line":485,"column":6}},"178":{"start":{"line":486,"column":4},"end":{"line":486,"column":56}},"179":{"start":{"line":491,"column":0},"end":{"line":554,"column":3}},"180":{"start":{"line":492,"column":2},"end":{"line":553,"column":3}},"181":{"start":{"line":493,"column":22},"end":{"line":493,"column":30}},"182":{"start":{"line":494,"column":20},"end":{"line":494,"column":32}},"183":{"start":{"line":496,"column":4},"end":{"line":496,"column":73}},"184":{"start":{"line":499,"column":17},"end":{"line":499,"column":44}},"185":{"start":{"line":500,"column":4},"end":{"line":507,"column":5}},"186":{"start":{"line":501,"column":33},"end":{"line":505,"column":8}},"187":{"start":{"line":506,"column":6},"end":{"line":506,"column":65}},"188":{"start":{"line":510,"column":24},"end":{"line":510,"column":65}},"189":{"start":{"line":511,"column":4},"end":{"line":518,"column":5}},"190":{"start":{"line":512,"column":33},"end":{"line":516,"column":8}},"191":{"start":{"line":517,"column":6},"end":{"line":517,"column":65}},"192":{"start":{"line":520,"column":19},"end":{"line":520,"column":78}},"193":{"start":{"line":522,"column":18},"end":{"line":531,"column":6}},"194":{"start":{"line":533,"column":4},"end":{"line":533,"column":39}},"195":{"start":{"line":536,"column":4},"end":{"line":539,"column":5}},"196":{"start":{"line":537,"column":6},"end":{"line":537,"column":34}},"197":{"start":{"line":538,"column":6},"end":{"line":538,"column":31}},"198":{"start":{"line":541,"column":4},"end":{"line":541,"column":67}},"199":{"start":{"line":542,"column":4},"end":{"line":542,"column":32}},"200":{"start":{"line":545,"column":4},"end":{"line":545,"column":52}},"201":{"start":{"line":546,"column":31},"end":{"line":551,"column":6}},"202":{"start":{"line":552,"column":4},"end":{"line":552,"column":56}},"203":{"start":{"line":557,"column":0},"end":{"line":564,"column":3}},"204":{"start":{"line":558,"column":29},"end":{"line":562,"column":4}},"205":{"start":{"line":563,"column":2},"end":{"line":563,"column":54}},"206":{"start":{"line":568,"column":2},"end":{"line":568,"column":13}},"207":{"start":{"line":573,"column":2},"end":{"line":573,"column":16}},"208":{"start":{"line":574,"column":2},"end":{"line":574,"column":23}},"209":{"start":{"line":575,"column":2},"end":{"line":575,"column":17}},"210":{"start":{"line":576,"column":2},"end":{"line":576,"column":18}},"211":{"start":{"line":581,"column":2},"end":{"line":596,"column":3}},"212":{"start":{"line":582,"column":4},"end":{"line":582,"column":56}},"213":{"start":{"line":585,"column":4},"end":{"line":585,"column":48}},"214":{"start":{"line":587,"column":4},"end":{"line":591,"column":7}},"215":{"start":{"line":588,"column":6},"end":{"line":588,"column":79}},"216":{"start":{"line":589,"column":6},"end":{"line":589,"column":81}},"217":{"start":{"line":590,"column":6},"end":{"line":590,"column":70}},"218":{"start":{"line":594,"column":4},"end":{"line":594,"column":59}},"219":{"start":{"line":595,"column":4},"end":{"line":595,"column":20}},"220":{"start":{"line":600,"column":0},"end":{"line":605,"column":1}},"221":{"start":{"line":601,"column":2},"end":{"line":604,"column":5}},"222":{"start":{"line":602,"column":4},"end":{"line":602,"column":51}},"223":{"start":{"line":603,"column":4},"end":{"line":603,"column":20}},"224":{"start":{"line":607,"column":0},"end":{"line":607,"column":19}}},"fnMap":{"0":{"name":"(anonymous_1)","decl":{"start":{"line":31,"column":14},"end":{"line":31,"column":19}},"loc":{"start":{"line":31,"column":27},"end":{"line":31,"column":68}}},"1":{"name":"(anonymous_2)","decl":{"start":{"line":32,"column":11},"end":{"line":32,"column":16}},"loc":{"start":{"line":32,"column":24},"end":{"line":32,"column":53}}},"2":{"name":"(anonymous_3)","decl":{"start":{"line":33,"column":15},"end":{"line":33,"column":20}},"loc":{"start":{"line":33,"column":28},"end":{"line":33,"column":71}}},"3":{"name":"(anonymous_4)","decl":{"start":{"line":34,"column":15},"end":{"line":34,"column":20}},"loc":{"start":{"line":34,"column":28},"end":{"line":34,"column":71}}},"4":{"name":"(anonymous_5)","decl":{"start":{"line":71,"column":8},"end":{"line":71,"column":9}},"loc":{"start":{"line":71,"column":60},"end":{"line":79,"column":1}}},"5":{"name":"(anonymous_6)","decl":{"start":{"line":82,"column":8},"end":{"line":82,"column":9}},"loc":{"start":{"line":82,"column":72},"end":{"line":95,"column":1}}},"6":{"name":"generateId","decl":{"start":{"line":141,"column":9},"end":{"line":141,"column":19}},"loc":{"start":{"line":141,"column":19},"end":{"line":143,"column":1}}},"7":{"name":"createSuccessResponse","decl":{"start":{"line":145,"column":9},"end":{"line":145,"column":30}},"loc":{"start":{"line":145,"column":41},"end":{"line":151,"column":1}}},"8":{"name":"createErrorResponse","decl":{"start":{"line":153,"column":9},"end":{"line":153,"column":28}},"loc":{"start":{"line":153,"column":44},"end":{"line":163,"column":1}}},"9":{"name":"validateRequest","decl":{"start":{"line":166,"column":9},"end":{"line":166,"column":24}},"loc":{"start":{"line":166,"column":49},"end":{"line":180,"column":1}}},"10":{"name":"(anonymous_11)","decl":{"start":{"line":167,"column":9},"end":{"line":167,"column":10}},"loc":{"start":{"line":167,"column":61},"end":{"line":179,"column":3}}},"11":{"name":"(anonymous_12)","decl":{"start":{"line":173,"column":35},"end":{"line":173,"column":36}},"loc":{"start":{"line":173,"column":40},"end":{"line":173,"column":49}}},"12":{"name":"(anonymous_13)","decl":{"start":{"line":187,"column":19},"end":{"line":187,"column":20}},"loc":{"start":{"line":187,"column":51},"end":{"line":189,"column":1}}},"13":{"name":"(anonymous_14)","decl":{"start":{"line":192,"column":23},"end":{"line":192,"column":24}},"loc":{"start":{"line":192,"column":55},"end":{"line":194,"column":1}}},"14":{"name":"(anonymous_15)","decl":{"start":{"line":197,"column":29},"end":{"line":197,"column":34}},"loc":{"start":{"line":197,"column":67},"end":{"line":231,"column":1}}},"15":{"name":"(anonymous_16)","decl":{"start":{"line":234,"column":58},"end":{"line":234,"column":63}},"loc":{"start":{"line":234,"column":96},"end":{"line":283,"column":1}}},"16":{"name":"(anonymous_17)","decl":{"start":{"line":286,"column":22},"end":{"line":286,"column":23}},"loc":{"start":{"line":286,"column":54},"end":{"line":355,"column":1}}},"17":{"name":"(anonymous_18)","decl":{"start":{"line":308,"column":43},"end":{"line":308,"column":44}},"loc":{"start":{"line":308,"column":58},"end":{"line":308,"column":86}}},"18":{"name":"(anonymous_19)","decl":{"start":{"line":312,"column":43},"end":{"line":312,"column":44}},"loc":{"start":{"line":312,"column":58},"end":{"line":312,"column":90}}},"19":{"name":"(anonymous_20)","decl":{"start":{"line":316,"column":43},"end":{"line":316,"column":44}},"loc":{"start":{"line":316,"column":58},"end":{"line":316,"column":108}}},"20":{"name":"(anonymous_21)","decl":{"start":{"line":320,"column":43},"end":{"line":320,"column":44}},"loc":{"start":{"line":320,"column":58},"end":{"line":320,"column":108}}},"21":{"name":"(anonymous_22)","decl":{"start":{"line":324,"column":43},"end":{"line":324,"column":44}},"loc":{"start":{"line":324,"column":58},"end":{"line":324,"column":86}}},"22":{"name":"(anonymous_23)","decl":{"start":{"line":329,"column":43},"end":{"line":329,"column":44}},"loc":{"start":{"line":330,"column":8},"end":{"line":330,"column":128}}},"23":{"name":"(anonymous_24)","decl":{"start":{"line":330,"column":20},"end":{"line":330,"column":21}},"loc":{"start":{"line":330,"column":39},"end":{"line":330,"column":127}}},"24":{"name":"(anonymous_25)","decl":{"start":{"line":330,"column":62},"end":{"line":330,"column":63}},"loc":{"start":{"line":330,"column":79},"end":{"line":330,"column":126}}},"25":{"name":"(anonymous_26)","decl":{"start":{"line":358,"column":69},"end":{"line":358,"column":74}},"loc":{"start":{"line":358,"column":107},"end":{"line":403,"column":1}}},"26":{"name":"(anonymous_27)","decl":{"start":{"line":406,"column":23},"end":{"line":406,"column":24}},"loc":{"start":{"line":406,"column":55},"end":{"line":421,"column":1}}},"27":{"name":"(anonymous_28)","decl":{"start":{"line":424,"column":60},"end":{"line":424,"column":65}},"loc":{"start":{"line":424,"column":98},"end":{"line":470,"column":1}}},"28":{"name":"(anonymous_29)","decl":{"start":{"line":473,"column":24},"end":{"line":473,"column":25}},"loc":{"start":{"line":473,"column":56},"end":{"line":488,"column":1}}},"29":{"name":"(anonymous_30)","decl":{"start":{"line":491,"column":61},"end":{"line":491,"column":66}},"loc":{"start":{"line":491,"column":99},"end":{"line":554,"column":1}}},"30":{"name":"(anonymous_31)","decl":{"start":{"line":557,"column":13},"end":{"line":557,"column":14}},"loc":{"start":{"line":557,"column":45},"end":{"line":564,"column":1}}},"31":{"name":"createServer","decl":{"start":{"line":567,"column":16},"end":{"line":567,"column":28}},"loc":{"start":{"line":567,"column":28},"end":{"line":569,"column":1}}},"32":{"name":"resetStorage","decl":{"start":{"line":572,"column":16},"end":{"line":572,"column":28}},"loc":{"start":{"line":572,"column":28},"end":{"line":577,"column":1}}},"33":{"name":"initializeServer","decl":{"start":{"line":580,"column":15},"end":{"line":580,"column":31}},"loc":{"start":{"line":580,"column":31},"end":{"line":597,"column":1}}},"34":{"name":"(anonymous_35)","decl":{"start":{"line":587,"column":21},"end":{"line":587,"column":24}},"loc":{"start":{"line":587,"column":26},"end":{"line":591,"column":5}}},"35":{"name":"(anonymous_36)","decl":{"start":{"line":601,"column":27},"end":{"line":601,"column":28}},"loc":{"start":{"line":601,"column":37},"end":{"line":604,"column":3}}}},"branchMap":{"0":{"loc":{"start":{"line":43,"column":9},"end":{"line":43,"column":40}},"type":"binary-expr","locations":[{"start":{"line":43,"column":9},"end":{"line":43,"column":30}},{"start":{"line":43,"column":34},"end":{"line":43,"column":40}}]},"1":{"loc":{"start":{"line":54,"column":13},"end":{"line":54,"column":37}},"type":"binary-expr","locations":[{"start":{"line":54,"column":13},"end":{"line":54,"column":29}},{"start":{"line":54,"column":33},"end":{"line":54,"column":37}}]},"2":{"loc":{"start":{"line":169,"column":4},"end":{"line":177,"column":5}},"type":"if","locations":[{"start":{"line":169,"column":4},"end":{"line":177,"column":5}}]},"3":{"loc":{"start":{"line":201,"column":4},"end":{"line":208,"column":5}},"type":"if","locations":[{"start":{"line":201,"column":4},"end":{"line":208,"column":5}}]},"4":{"loc":{"start":{"line":201,"column":8},"end":{"line":201,"column":48}},"type":"binary-expr","locations":[{"start":{"line":201,"column":8},"end":{"line":201,"column":22}},{"start":{"line":201,"column":26},"end":{"line":201,"column":36}},{"start":{"line":201,"column":40},"end":{"line":201,"column":48}}]},"5":{"loc":{"start":{"line":242,"column":4},"end":{"line":249,"column":5}},"type":"if","locations":[{"start":{"line":242,"column":4},"end":{"line":249,"column":5}}]},"6":{"loc":{"start":{"line":278,"column":15},"end":{"line":278,"column":71}},"type":"cond-expr","locations":[{"start":{"line":278,"column":40},"end":{"line":278,"column":53}},{"start":{"line":278,"column":56},"end":{"line":278,"column":71}}]},"7":{"loc":{"start":{"line":294,"column":4},"end":{"line":302,"column":5}},"type":"if","locations":[{"start":{"line":294,"column":4},"end":{"line":302,"column":5}}]},"8":{"loc":{"start":{"line":294,"column":8},"end":{"line":295,"column":67}},"type":"binary-expr","locations":[{"start":{"line":294,"column":9},"end":{"line":294,"column":33}},{"start":{"line":294,"column":38},"end":{"line":294,"column":46}},{"start":{"line":294,"column":50},"end":{"line":294,"column":61}},{"start":{"line":295,"column":9},"end":{"line":295,"column":34}},{"start":{"line":295,"column":39},"end":{"line":295,"column":49}},{"start":{"line":295,"column":53},"end":{"line":295,"column":65}}]},"9":{"loc":{"start":{"line":307,"column":4},"end":{"line":309,"column":5}},"type":"if","locations":[{"start":{"line":307,"column":4},"end":{"line":309,"column":5}}]},"10":{"loc":{"start":{"line":311,"column":4},"end":{"line":313,"column":5}},"type":"if","locations":[{"start":{"line":311,"column":4},"end":{"line":313,"column":5}}]},"11":{"loc":{"start":{"line":315,"column":4},"end":{"line":317,"column":5}},"type":"if","locations":[{"start":{"line":315,"column":4},"end":{"line":317,"column":5}}]},"12":{"loc":{"start":{"line":319,"column":4},"end":{"line":321,"column":5}},"type":"if","locations":[{"start":{"line":319,"column":4},"end":{"line":321,"column":5}}]},"13":{"loc":{"start":{"line":323,"column":4},"end":{"line":325,"column":5}},"type":"if","locations":[{"start":{"line":323,"column":4},"end":{"line":325,"column":5}}]},"14":{"loc":{"start":{"line":327,"column":4},"end":{"line":332,"column":5}},"type":"if","locations":[{"start":{"line":327,"column":4},"end":{"line":332,"column":5}}]},"15":{"loc":{"start":{"line":327,"column":8},"end":{"line":327,"column":47}},"type":"binary-expr","locations":[{"start":{"line":327,"column":8},"end":{"line":327,"column":20}},{"start":{"line":327,"column":24},"end":{"line":327,"column":47}}]},"16":{"loc":{"start":{"line":328,"column":21},"end":{"line":328,"column":80}},"type":"cond-expr","locations":[{"start":{"line":328,"column":51},"end":{"line":328,"column":63}},{"start":{"line":328,"column":66},"end":{"line":328,"column":80}}]},"17":{"loc":{"start":{"line":335,"column":32},"end":{"line":335,"column":57}},"type":"binary-expr","locations":[{"start":{"line":335,"column":32},"end":{"line":335,"column":51}},{"start":{"line":335,"column":55},"end":{"line":335,"column":57}}]},"18":{"loc":{"start":{"line":336,"column":19},"end":{"line":336,"column":44}},"type":"binary-expr","locations":[{"start":{"line":336,"column":19},"end":{"line":336,"column":39}},{"start":{"line":336,"column":43},"end":{"line":336,"column":44}}]},"19":{"loc":{"start":{"line":350,"column":15},"end":{"line":350,"column":71}},"type":"cond-expr","locations":[{"start":{"line":350,"column":40},"end":{"line":350,"column":53}},{"start":{"line":350,"column":56},"end":{"line":350,"column":71}}]},"20":{"loc":{"start":{"line":368,"column":4},"end":{"line":375,"column":5}},"type":"if","locations":[{"start":{"line":368,"column":4},"end":{"line":375,"column":5}}]},"21":{"loc":{"start":{"line":398,"column":15},"end":{"line":398,"column":71}},"type":"cond-expr","locations":[{"start":{"line":398,"column":40},"end":{"line":398,"column":53}},{"start":{"line":398,"column":56},"end":{"line":398,"column":71}}]},"22":{"loc":{"start":{"line":416,"column":15},"end":{"line":416,"column":71}},"type":"cond-expr","locations":[{"start":{"line":416,"column":40},"end":{"line":416,"column":53}},{"start":{"line":416,"column":56},"end":{"line":416,"column":71}}]},"23":{"loc":{"start":{"line":433,"column":4},"end":{"line":440,"column":5}},"type":"if","locations":[{"start":{"line":433,"column":4},"end":{"line":440,"column":5}}]},"24":{"loc":{"start":{"line":465,"column":15},"end":{"line":465,"column":71}},"type":"cond-expr","locations":[{"start":{"line":465,"column":40},"end":{"line":465,"column":53}},{"start":{"line":465,"column":56},"end":{"line":465,"column":71}}]},"25":{"loc":{"start":{"line":483,"column":15},"end":{"line":483,"column":71}},"type":"cond-expr","locations":[{"start":{"line":483,"column":40},"end":{"line":483,"column":53}},{"start":{"line":483,"column":56},"end":{"line":483,"column":71}}]},"26":{"loc":{"start":{"line":500,"column":4},"end":{"line":507,"column":5}},"type":"if","locations":[{"start":{"line":500,"column":4},"end":{"line":507,"column":5}}]},"27":{"loc":{"start":{"line":511,"column":4},"end":{"line":518,"column":5}},"type":"if","locations":[{"start":{"line":511,"column":4},"end":{"line":518,"column":5}}]},"28":{"loc":{"start":{"line":520,"column":19},"end":{"line":520,"column":78}},"type":"cond-expr","locations":[{"start":{"line":520,"column":50},"end":{"line":520,"column":66}},{"start":{"line":520,"column":69},"end":{"line":520,"column":78}}]},"29":{"loc":{"start":{"line":536,"column":4},"end":{"line":539,"column":5}},"type":"if","locations":[{"start":{"line":536,"column":4},"end":{"line":539,"column":5}}]},"30":{"loc":{"start":{"line":549,"column":15},"end":{"line":549,"column":71}},"type":"cond-expr","locations":[{"start":{"line":549,"column":40},"end":{"line":549,"column":53}},{"start":{"line":549,"column":56},"end":{"line":549,"column":71}}]},"31":{"loc":{"start":{"line":600,"column":0},"end":{"line":605,"column":1}},"type":"if","locations":[{"start":{"line":600,"column":0},"end":{"line":605,"column":1}}]}},"s":{"0":1,"1":1,"2":1,"3":1,"4":1,"5":1,"6":1,"7":1,"8":1,"9":1,"10":0,"11":0,"12":0,"13":0,"14":1,"15":1,"16":1,"17":1,"18":1,"19":1,"20":1,"21":1,"22":1,"23":1,"24":1,"25":1,"26":1,"27":39,"28":39,"29":1,"30":0,"31":0,"32":0,"33":1,"34":1,"35":1,"36":1,"37":1,"38":1,"39":1,"40":1,"41":1,"42":1,"43":1,"44":26,"45":0,"46":9,"47":4,"48":28,"49":28,"50":2,"51":2,"52":2,"53":26,"54":1,"55":0,"56":1,"57":1,"58":1,"59":2,"60":2,"61":2,"62":1,"63":1,"64":1,"65":1,"66":1,"67":1,"68":0,"69":0,"70":0,"71":1,"72":18,"73":18,"74":18,"75":18,"76":18,"77":18,"78":1,"79":1,"80":17,"81":17,"82":17,"83":17,"84":17,"85":17,"86":17,"87":0,"88":0,"89":0,"90":1,"91":5,"92":5,"93":5,"94":5,"95":5,"96":1,"97":1,"98":4,"99":4,"100":1,"101":2,"102":4,"103":0,"104":0,"105":4,"106":0,"107":0,"108":4,"109":0,"110":0,"111":4,"112":1,"113":2,"114":4,"115":0,"116":0,"117":0,"118":0,"119":0,"120":4,"121":4,"122":4,"123":4,"124":4,"125":4,"126":0,"127":0,"128":0,"129":1,"130":4,"131":4,"132":4,"133":4,"134":4,"135":4,"136":4,"137":1,"138":1,"139":3,"140":3,"141":3,"142":3,"143":0,"144":0,"145":0,"146":1,"147":1,"148":1,"149":1,"150":1,"151":0,"152":0,"153":0,"154":1,"155":2,"156":2,"157":2,"158":2,"159":2,"160":2,"161":1,"162":1,"163":1,"164":1,"165":1,"166":1,"167":1,"168":0,"169":0,"170":0,"171":1,"172":1,"173":1,"174":1,"175":1,"176":0,"177":0,"178":0,"179":1,"180":2,"181":2,"182":2,"183":2,"184":2,"185":2,"186":1,"187":1,"188":1,"189":1,"190":0,"191":0,"192":1,"193":1,"194":1,"195":1,"196":1,"197":1,"198":1,"199":1,"200":0,"201":0,"202":0,"203":1,"204":1,"205":1,"206":1,"207":21,"208":21,"209":21,"210":21,"211":0,"212":0,"213":0,"214":0,"215":0,"216":0,"217":0,"218":0,"219":0,"220":1,"221":0,"222":0,"223":0,"224":1},"f":{"0":0,"1":0,"2":0,"3":0,"4":39,"5":0,"6":26,"7":0,"8":9,"9":4,"10":28,"11":2,"12":0,"13":1,"14":2,"15":18,"16":5,"17":2,"18":0,"19":0,"20":0,"21":2,"22":0,"23":0,"24":0,"25":4,"26":1,"27":2,"28":1,"29":2,"30":1,"31":1,"32":21,"33":0,"34":0,"35":0},"b":{"0":[1,1],"1":[1,0],"2":[2],"3":[1],"4":[2,2,1],"5":[1],"6":[0,0],"7":[1],"8":[5,2,1,4,1,1],"9":[1],"10":[0],"11":[0],"12":[0],"13":[1],"14":[0],"15":[4,0],"16":[0,0],"17":[4,3],"18":[4,4],"19":[0,0],"20":[1],"21":[0,0],"22":[0,0],"23":[1],"24":[0,0],"25":[0,0],"26":[1],"27":[0],"28":[1,0],"29":[1],"30":[0,0],"31":[0]}}
,"C:\\Users\\Giba\\Documents\\Midnight Hackaton\\CloakWork\\backend\\cloakwork-cli\\src\\simple-server.ts": {"path":"C:\\Users\\Giba\\Documents\\Midnight Hackaton\\CloakWork\\backend\\cloakwork-cli\\src\\simple-server.ts","statementMap":{"0":{"start":{"line":1,"column":0},"end":{"line":1,"column":30}},"1":{"start":{"line":2,"column":0},"end":{"line":2,"column":24}},"2":{"start":{"line":3,"column":0},"end":{"line":3,"column":28}},"3":{"start":{"line":6,"column":12},"end":{"line":6,"column":21}},"4":{"start":{"line":7,"column":13},"end":{"line":7,"column":37}},"5":{"start":{"line":10,"column":0},"end":{"line":10,"column":18}},"6":{"start":{"line":11,"column":0},"end":{"line":11,"column":16}},"7":{"start":{"line":12,"column":0},"end":{"line":12,"column":24}},"8":{"start":{"line":15,"column":0},"end":{"line":17,"column":3}},"9":{"start":{"line":16,"column":2},"end":{"line":16,"column":66}},"10":{"start":{"line":20,"column":0},"end":{"line":22,"column":3}},"11":{"start":{"line":21,"column":2},"end":{"line":21,"column":99}},"12":{"start":{"line":24,"column":0},"end":{"line":26,"column":3}},"13":{"start":{"line":25,"column":2},"end":{"line":25,"column":77}},"14":{"start":{"line":28,"column":0},"end":{"line":30,"column":3}},"15":{"start":{"line":29,"column":2},"end":{"line":29,"column":103}},"16":{"start":{"line":32,"column":0},"end":{"line":34,"column":3}},"17":{"start":{"line":33,"column":2},"end":{"line":33,"column":104}},"18":{"start":{"line":36,"column":0},"end":{"line":38,"column":3}},"19":{"start":{"line":37,"column":2},"end":{"line":37,"column":96}},"20":{"start":{"line":41,"column":0},"end":{"line":43,"column":3}},"21":{"start":{"line":42,"column":2},"end":{"line":42,"column":85}},"22":{"start":{"line":46,"column":0},"end":{"line":49,"column":3}},"23":{"start":{"line":47,"column":2},"end":{"line":47,"column":48}},"24":{"start":{"line":48,"column":2},"end":{"line":48,"column":63}},"25":{"start":{"line":51,"column":0},"end":{"line":51,"column":19}}},"fnMap":{"0":{"name":"(anonymous_1)","decl":{"start":{"line":15,"column":19},"end":{"line":15,"column":20}},"loc":{"start":{"line":15,"column":51},"end":{"line":17,"column":1}}},"1":{"name":"(anonymous_2)","decl":{"start":{"line":20,"column":19},"end":{"line":20,"column":20}},"loc":{"start":{"line":20,"column":51},"end":{"line":22,"column":1}}},"2":{"name":"(anonymous_3)","decl":{"start":{"line":24,"column":18},"end":{"line":24,"column":19}},"loc":{"start":{"line":24,"column":50},"end":{"line":26,"column":1}}},"3":{"name":"(anonymous_4)","decl":{"start":{"line":28,"column":19},"end":{"line":28,"column":20}},"loc":{"start":{"line":28,"column":51},"end":{"line":30,"column":1}}},"4":{"name":"(anonymous_5)","decl":{"start":{"line":32,"column":20},"end":{"line":32,"column":21}},"loc":{"start":{"line":32,"column":52},"end":{"line":34,"column":1}}},"5":{"name":"(anonymous_6)","decl":{"start":{"line":36,"column":19},"end":{"line":36,"column":20}},"loc":{"start":{"line":36,"column":51},"end":{"line":38,"column":1}}},"6":{"name":"(anonymous_7)","decl":{"start":{"line":41,"column":13},"end":{"line":41,"column":14}},"loc":{"start":{"line":41,"column":45},"end":{"line":43,"column":1}}},"7":{"name":"(anonymous_8)","decl":{"start":{"line":46,"column":17},"end":{"line":46,"column":20}},"loc":{"start":{"line":46,"column":22},"end":{"line":49,"column":1}}}},"branchMap":{"0":{"loc":{"start":{"line":7,"column":13},"end":{"line":7,"column":37}},"type":"binary-expr","locations":[{"start":{"line":7,"column":13},"end":{"line":7,"column":29}},{"start":{"line":7,"column":33},"end":{"line":7,"column":37}}]}},"s":{"0":0,"1":0,"2":0,"3":0,"4":0,"5":0,"6":0,"7":0,"8":0,"9":0,"10":0,"11":0,"12":0,"13":0,"14":0,"15":0,"16":0,"17":0,"18":0,"19":0,"20":0,"21":0,"22":0,"23":0,"24":0,"25":0},"f":{"0":0,"1":0,"2":0,"3":0,"4":0,"5":0,"6":0,"7":0},"b":{"0":[0,0]}}
,"C:\\Users\\Giba\\Documents\\Midnight Hackaton\\CloakWork\\backend\\cloakwork-cli\\src\\testnet-remote.ts": {"path":"C:\\Users\\Giba\\Documents\\Midnight Hackaton\\CloakWork\\backend\\cloakwork-cli\\src\\testnet-remote.ts","statementMap":{"0":{"start":{"line":2,"column":0},"end":{"line":2,"column":24}},"1":{"start":{"line":3,"column":0},"end":{"line":3,"column":47}},"2":{"start":{"line":4,"column":0},"end":{"line":4,"column":null}},"3":{"start":{"line":23,"column":15},"end":{"line":23,"column":63}},"4":{"start":{"line":24,"column":0},"end":{"line":24,"column":18}},"5":{"start":{"line":27,"column":2},"end":{"line":27,"column":522}},"6":{"start":{"line":28,"column":2},"end":{"line":28,"column":18}},"7":{"start":{"line":31,"column":13},"end":{"line":116,"column":1}},"8":{"start":{"line":32,"column":15},"end":{"line":32,"column":36}},"9":{"start":{"line":33,"column":2},"end":{"line":33,"column":31}},"10":{"start":{"line":33,"column":23},"end":{"line":33,"column":31}},"11":{"start":{"line":35,"column":14},"end":{"line":35,"column":39}},"12":{"start":{"line":36,"column":14},"end":{"line":36,"column":21}},"13":{"start":{"line":38,"column":2},"end":{"line":115,"column":3}},"14":{"start":{"line":39,"column":18},"end":{"line":39,"column":25}},"15":{"start":{"line":40,"column":17},"end":{"line":40,"column":24}},"16":{"start":{"line":42,"column":4},"end":{"line":42,"column":74}},"17":{"start":{"line":42,"column":66},"end":{"line":42,"column":74}},"18":{"start":{"line":44,"column":19},"end":{"line":46,"column":35}},"19":{"start":{"line":48,"column":4},"end":{"line":82,"column":5}},"20":{"start":{"line":49,"column":6},"end":{"line":76,"column":7}},"21":{"start":{"line":50,"column":26},"end":{"line":50,"column":67}},"22":{"start":{"line":51,"column":47},"end":{"line":54,"column":10}},"23":{"start":{"line":55,"column":29},"end":{"line":55,"column":78}},"24":{"start":{"line":56,"column":8},"end":{"line":56,"column":110}},"25":{"start":{"line":57,"column":13},"end":{"line":76,"column":7}},"26":{"start":{"line":58,"column":26},"end":{"line":58,"column":68}},"27":{"start":{"line":59,"column":48},"end":{"line":63,"column":10}},"28":{"start":{"line":64,"column":29},"end":{"line":64,"column":79}},"29":{"start":{"line":65,"column":8},"end":{"line":65,"column":111}},"30":{"start":{"line":66,"column":13},"end":{"line":76,"column":7}},"31":{"start":{"line":67,"column":26},"end":{"line":67,"column":71}},"32":{"start":{"line":68,"column":51},"end":{"line":73,"column":10}},"33":{"start":{"line":74,"column":29},"end":{"line":74,"column":82}},"34":{"start":{"line":75,"column":8},"end":{"line":75,"column":114}},"35":{"start":{"line":79,"column":6},"end":{"line":81,"column":7}},"36":{"start":{"line":80,"column":8},"end":{"line":80,"column":37}},"37":{"start":{"line":83,"column":9},"end":{"line":115,"column":3}},"38":{"start":{"line":84,"column":18},"end":{"line":84,"column":25}},"39":{"start":{"line":85,"column":20},"end":{"line":85,"column":27}},"40":{"start":{"line":86,"column":17},"end":{"line":86,"column":24}},"41":{"start":{"line":87,"column":4},"end":{"line":87,"column":74}},"42":{"start":{"line":87,"column":66},"end":{"line":87,"column":74}},"43":{"start":{"line":88,"column":4},"end":{"line":88,"column":26}},"44":{"start":{"line":88,"column":18},"end":{"line":88,"column":26}},"45":{"start":{"line":90,"column":19},"end":{"line":92,"column":35}},"46":{"start":{"line":94,"column":4},"end":{"line":112,"column":5}},"47":{"start":{"line":95,"column":6},"end":{"line":107,"column":7}},"48":{"start":{"line":96,"column":26},"end":{"line":96,"column":67}},"49":{"start":{"line":97,"column":23},"end":{"line":97,"column":65}},"50":{"start":{"line":98,"column":8},"end":{"line":98,"column":101}},"51":{"start":{"line":99,"column":13},"end":{"line":107,"column":7}},"52":{"start":{"line":100,"column":26},"end":{"line":100,"column":68}},"53":{"start":{"line":101,"column":23},"end":{"line":101,"column":66}},"54":{"start":{"line":102,"column":8},"end":{"line":102,"column":102}},"55":{"start":{"line":103,"column":13},"end":{"line":107,"column":7}},"56":{"start":{"line":104,"column":26},"end":{"line":104,"column":71}},"57":{"start":{"line":105,"column":23},"end":{"line":105,"column":69}},"58":{"start":{"line":106,"column":8},"end":{"line":106,"column":105}},"59":{"start":{"line":109,"column":6},"end":{"line":111,"column":7}},"60":{"start":{"line":110,"column":8},"end":{"line":110,"column":37}},"61":{"start":{"line":114,"column":4},"end":{"line":114,"column":12}},"62":{"start":{"line":118,"column":0},"end":{"line":121,"column":3}},"63":{"start":{"line":119,"column":2},"end":{"line":119,"column":34}},"64":{"start":{"line":120,"column":2},"end":{"line":120,"column":18}}},"fnMap":{"0":{"name":"usage","decl":{"start":{"line":26,"column":9},"end":{"line":26,"column":14}},"loc":{"start":{"line":26,"column":14},"end":{"line":29,"column":1}}},"1":{"name":"(anonymous_2)","decl":{"start":{"line":31,"column":13},"end":{"line":31,"column":18}},"loc":{"start":{"line":31,"column":24},"end":{"line":116,"column":1}}},"2":{"name":"(anonymous_3)","decl":{"start":{"line":118,"column":13},"end":{"line":118,"column":14}},"loc":{"start":{"line":118,"column":21},"end":{"line":121,"column":1}}}},"branchMap":{"0":{"loc":{"start":{"line":23,"column":29},"end":{"line":23,"column":60}},"type":"binary-expr","locations":[{"start":{"line":23,"column":29},"end":{"line":23,"column":50}},{"start":{"line":23,"column":54},"end":{"line":23,"column":60}}]},"1":{"loc":{"start":{"line":33,"column":2},"end":{"line":33,"column":31}},"type":"if","locations":[{"start":{"line":33,"column":2},"end":{"line":33,"column":31}}]},"2":{"loc":{"start":{"line":38,"column":2},"end":{"line":115,"column":3}},"type":"if","locations":[{"start":{"line":38,"column":2},"end":{"line":115,"column":3}},{"start":{"line":83,"column":9},"end":{"line":115,"column":3}}]},"3":{"loc":{"start":{"line":42,"column":4},"end":{"line":42,"column":74}},"type":"if","locations":[{"start":{"line":42,"column":4},"end":{"line":42,"column":74}}]},"4":{"loc":{"start":{"line":42,"column":8},"end":{"line":42,"column":64}},"type":"binary-expr","locations":[{"start":{"line":42,"column":8},"end":{"line":42,"column":14}},{"start":{"line":42,"column":18},"end":{"line":42,"column":64}}]},"5":{"loc":{"start":{"line":44,"column":19},"end":{"line":46,"column":35}},"type":"cond-expr","locations":[{"start":{"line":45,"column":8},"end":{"line":45,"column":55}},{"start":{"line":46,"column":8},"end":{"line":46,"column":35}}]},"6":{"loc":{"start":{"line":49,"column":6},"end":{"line":76,"column":7}},"type":"if","locations":[{"start":{"line":49,"column":6},"end":{"line":76,"column":7}},{"start":{"line":57,"column":13},"end":{"line":76,"column":7}}]},"7":{"loc":{"start":{"line":57,"column":13},"end":{"line":76,"column":7}},"type":"if","locations":[{"start":{"line":57,"column":13},"end":{"line":76,"column":7}},{"start":{"line":66,"column":13},"end":{"line":76,"column":7}}]},"8":{"loc":{"start":{"line":66,"column":13},"end":{"line":76,"column":7}},"type":"if","locations":[{"start":{"line":66,"column":13},"end":{"line":76,"column":7}}]},"9":{"loc":{"start":{"line":79,"column":6},"end":{"line":81,"column":7}},"type":"if","locations":[{"start":{"line":79,"column":6},"end":{"line":81,"column":7}}]},"10":{"loc":{"start":{"line":79,"column":10},"end":{"line":79,"column":72}},"type":"binary-expr","locations":[{"start":{"line":79,"column":10},"end":{"line":79,"column":26}},{"start":{"line":79,"column":30},"end":{"line":79,"column":72}}]},"11":{"loc":{"start":{"line":83,"column":9},"end":{"line":115,"column":3}},"type":"if","locations":[{"start":{"line":83,"column":9},"end":{"line":115,"column":3}},{"start":{"line":113,"column":9},"end":{"line":115,"column":3}}]},"12":{"loc":{"start":{"line":87,"column":4},"end":{"line":87,"column":74}},"type":"if","locations":[{"start":{"line":87,"column":4},"end":{"line":87,"column":74}}]},"13":{"loc":{"start":{"line":87,"column":8},"end":{"line":87,"column":64}},"type":"binary-expr","locations":[{"start":{"line":87,"column":8},"end":{"line":87,"column":14}},{"start":{"line":87,"column":18},"end":{"line":87,"column":64}}]},"14":{"loc":{"start":{"line":88,"column":4},"end":{"line":88,"column":26}},"type":"if","locations":[{"start":{"line":88,"column":4},"end":{"line":88,"column":26}}]},"15":{"loc":{"start":{"line":90,"column":19},"end":{"line":92,"column":35}},"type":"cond-expr","locations":[{"start":{"line":91,"column":8},"end":{"line":91,"column":55}},{"start":{"line":92,"column":8},"end":{"line":92,"column":35}}]},"16":{"loc":{"start":{"line":95,"column":6},"end":{"line":107,"column":7}},"type":"if","locations":[{"start":{"line":95,"column":6},"end":{"line":107,"column":7}},{"start":{"line":99,"column":13},"end":{"line":107,"column":7}}]},"17":{"loc":{"start":{"line":99,"column":13},"end":{"line":107,"column":7}},"type":"if","locations":[{"start":{"line":99,"column":13},"end":{"line":107,"column":7}},{"start":{"line":103,"column":13},"end":{"line":107,"column":7}}]},"18":{"loc":{"start":{"line":103,"column":13},"end":{"line":107,"column":7}},"type":"if","locations":[{"start":{"line":103,"column":13},"end":{"line":107,"column":7}}]},"19":{"loc":{"start":{"line":109,"column":6},"end":{"line":111,"column":7}},"type":"if","locations":[{"start":{"line":109,"column":6},"end":{"line":111,"column":7}}]},"20":{"loc":{"start":{"line":109,"column":10},"end":{"line":109,"column":72}},"type":"binary-expr","locations":[{"start":{"line":109,"column":10},"end":{"line":109,"column":26}},{"start":{"line":109,"column":30},"end":{"line":109,"column":72}}]}},"s":{"0":0,"1":0,"2":0,"3":0,"4":0,"5":0,"6":0,"7":0,"8":0,"9":0,"10":0,"11":0,"12":0,"13":0,"14":0,"15":0,"16":0,"17":0,"18":0,"19":0,"20":0,"21":0,"22":0,"23":0,"24":0,"25":0,"26":0,"27":0,"28":0,"29":0,"30":0,"31":0,"32":0,"33":0,"34":0,"35":0,"36":0,"37":0,"38":0,"39":0,"40":0,"41":0,"42":0,"43":0,"44":0,"45":0,"46":0,"47":0,"48":0,"49":0,"50":0,"51":0,"52":0,"53":0,"54":0,"55":0,"56":0,"57":0,"58":0,"59":0,"60":0,"61":0,"62":0,"63":0,"64":0},"f":{"0":0,"1":0,"2":0},"b":{"0":[0,0],"1":[0],"2":[0,0],"3":[0],"4":[0,0],"5":[0,0],"6":[0,0],"7":[0,0],"8":[0],"9":[0],"10":[0,0],"11":[0,0],"12":[0],"13":[0,0],"14":[0],"15":[0,0],"16":[0,0],"17":[0,0],"18":[0],"19":[0],"20":[0,0]}}
,"C:\\Users\\Giba\\Documents\\Midnight Hackaton\\CloakWork\\backend\\cloakwork-cli\\src\\types.ts": {"path":"C:\\Users\\Giba\\Documents\\Midnight Hackaton\\CloakWork\\backend\\cloakwork-cli\\src\\types.ts","statementMap":{"0":{"start":{"line":175,"column":0},"end":{"line":175,"column":null}},"1":{"start":{"line":176,"column":2},"end":{"line":176,"column":null}},"2":{"start":{"line":177,"column":2},"end":{"line":177,"column":null}},"3":{"start":{"line":178,"column":2},"end":{"line":178,"column":null}},"4":{"start":{"line":179,"column":2},"end":{"line":179,"column":null}},"5":{"start":{"line":180,"column":2},"end":{"line":180,"column":null}},"6":{"start":{"line":181,"column":2},"end":{"line":181,"column":null}},"7":{"start":{"line":182,"column":2},"end":{"line":182,"column":null}},"8":{"start":{"line":183,"column":2},"end":{"line":183,"column":null}}},"fnMap":{"0":{"name":"(anonymous_0)","decl":{"start":{"line":175,"column":0},"end":{"line":175,"column":12}},"loc":{"start":{"line":175,"column":22},"end":{"line":184,"column":1}}}},"branchMap":{"0":{"loc":{"start":{"line":175,"column":12},"end":{"line":175,"column":null}},"type":"binary-expr","locations":[{"start":{"line":175,"column":12},"end":{"line":175,"column":22}},{"start":{"line":175,"column":22},"end":{"line":175,"column":null}}]}},"s":{"0":1,"1":1,"2":1,"3":1,"4":1,"5":1,"6":1,"7":1,"8":1},"f":{"0":1},"b":{"0":[1,1]}}
}
