TN:
SF:src\api.ts
FN:74,(anonymous_10)
FN:81,(anonymous_11)
FN:87,(anonymous_12)
FN:88,(anonymous_13)
FN:91,(anonymous_14)
FN:101,(anonymous_15)
FN:105,(anonymous_16)
FN:112,(anonymous_17)
FN:116,(anonymous_18)
FN:120,(anonymous_19)
FN:127,(anonymous_20)
FN:131,(anonymous_21)
FN:135,(anonymous_22)
FN:139,(anonymous_23)
FN:140,(anonymous_24)
FN:144,(anonymous_25)
FN:153,(anonymous_26)
FN:156,(anonymous_27)
FN:172,(anonymous_28)
FN:184,(anonymous_29)
FN:190,(anonymous_30)
FN:227,(anonymous_31)
FN:230,setLogger
FN:238,(anonymous_33)
FN:248,(anonymous_34)
FN:261,(anonymous_35)
FN:274,(anonymous_36)
FN:317,(anonymous_37)
FN:325,(anonymous_38)
FN:333,(anonymous_39)
FN:341,(anonymous_40)
FN:348,(anonymous_41)
FN:355,(anonymous_42)
FNF:33
FNH:0
FNDA:0,(anonymous_10)
FNDA:0,(anonymous_11)
FNDA:0,(anonymous_12)
FNDA:0,(anonymous_13)
FNDA:0,(anonymous_14)
FNDA:0,(anonymous_15)
FNDA:0,(anonymous_16)
FNDA:0,(anonymous_17)
FNDA:0,(anonymous_18)
FNDA:0,(anonymous_19)
FNDA:0,(anonymous_20)
FNDA:0,(anonymous_21)
FNDA:0,(anonymous_22)
FNDA:0,(anonymous_23)
FNDA:0,(anonymous_24)
FNDA:0,(anonymous_25)
FNDA:0,(anonymous_26)
FNDA:0,(anonymous_27)
FNDA:0,(anonymous_28)
FNDA:0,(anonymous_29)
FNDA:0,(anonymous_30)
FNDA:0,(anonymous_31)
FNDA:0,setLogger
FNDA:0,(anonymous_33)
FNDA:0,(anonymous_34)
FNDA:0,(anonymous_35)
FNDA:0,(anonymous_36)
FNDA:0,(anonymous_37)
FNDA:0,(anonymous_38)
FNDA:0,(anonymous_39)
FNDA:0,(anonymous_40)
FNDA:0,(anonymous_41)
FNDA:0,(anonymous_42)
DA:2,0
DA:3,0
DA:4,0
DA:5,0
DA:6,0
DA:7,0
DA:15,0
DA:16,0
DA:17,0
DA:18,0
DA:20,0
DA:21,0
DA:22,0
DA:23,0
DA:24,0
DA:25,0
DA:26,0
DA:28,0
DA:32,0
DA:34,0
DA:74,0
DA:77,0
DA:78,0
DA:82,0
DA:87,0
DA:88,0
DA:92,0
DA:101,0
DA:102,0
DA:106,0
DA:107,0
DA:108,0
DA:112,0
DA:116,0
DA:117,0
DA:121,0
DA:122,0
DA:123,0
DA:127,0
DA:131,0
DA:132,0
DA:136,0
DA:137,0
DA:139,0
DA:140,0
DA:144,0
DA:145,0
DA:146,0
DA:147,0
DA:148,0
DA:149,0
DA:150,0
DA:151,0
DA:152,0
DA:153,0
DA:154,0
DA:156,0
DA:157,0
DA:159,0
DA:161,0
DA:162,0
DA:163,0
DA:164,0
DA:168,0
DA:172,0
DA:173,0
DA:174,0
DA:175,0
DA:176,0
DA:177,0
DA:179,0
DA:180,0
DA:184,0
DA:185,0
DA:186,0
DA:187,0
DA:190,0
DA:195,0
DA:197,0
DA:198,0
DA:199,0
DA:200,0
DA:202,0
DA:203,0
DA:204,0
DA:207,0
DA:208,0
DA:209,0
DA:210,0
DA:211,0
DA:212,0
DA:213,0
DA:214,0
DA:216,0
DA:218,0
DA:219,0
DA:220,0
DA:224,0
DA:227,0
DA:228,0
DA:230,0
DA:231,0
DA:238,0
DA:239,0
DA:240,0
DA:248,0
DA:249,0
DA:250,0
DA:261,0
DA:262,0
DA:263,0
DA:274,0
DA:275,0
DA:276,0
DA:303,0
DA:305,0
DA:307,0
DA:309,0
DA:310,0
DA:311,0
DA:317,0
DA:318,0
DA:319,0
DA:325,0
DA:326,0
DA:327,0
DA:333,0
DA:334,0
DA:335,0
DA:341,0
DA:342,0
DA:348,0
DA:349,0
DA:355,0
DA:356,0
LF:135
LH:0
BRDA:106,0,0,0
BRDA:106,0,1,0
BRDA:107,1,0,0
BRDA:107,1,1,0
BRDA:112,2,0,0
BRDA:112,2,1,0
BRDA:121,3,0,0
BRDA:121,3,1,0
BRDA:122,4,0,0
BRDA:122,4,1,0
BRDA:136,5,0,0
BRDA:136,5,1,0
BRDA:139,6,0,0
BRDA:139,6,1,0
BRDA:146,7,0,0
BRDA:146,7,1,0
BRDA:161,8,0,0
BRDA:161,8,1,0
BRDA:163,9,0,0
BRDA:175,10,0,0
BRDA:175,10,1,0
BRDA:211,11,0,0
BRDA:211,12,0,0
BRDA:211,12,1,0
BRDA:218,13,0,0
BRF:25
BRH:0
end_of_record
TN:
SF:src\server.ts
FN:31,(anonymous_1)
FN:32,(anonymous_2)
FN:33,(anonymous_3)
FN:34,(anonymous_4)
FN:71,(anonymous_5)
FN:82,(anonymous_6)
FN:141,generateId
FN:145,createSuccessResponse
FN:153,createErrorResponse
FN:166,validateRequest
FN:167,(anonymous_11)
FN:173,(anonymous_12)
FN:187,(anonymous_13)
FN:192,(anonymous_14)
FN:197,(anonymous_15)
FN:234,(anonymous_16)
FN:286,(anonymous_17)
FN:308,(anonymous_18)
FN:312,(anonymous_19)
FN:316,(anonymous_20)
FN:320,(anonymous_21)
FN:324,(anonymous_22)
FN:329,(anonymous_23)
FN:330,(anonymous_24)
FN:330,(anonymous_25)
FN:358,(anonymous_26)
FN:406,(anonymous_27)
FN:424,(anonymous_28)
FN:473,(anonymous_29)
FN:491,(anonymous_30)
FN:557,(anonymous_31)
FN:567,createServer
FN:572,resetStorage
FN:580,initializeServer
FN:587,(anonymous_35)
FN:601,(anonymous_36)
FNF:36
FNH:20
FNDA:0,(anonymous_1)
FNDA:0,(anonymous_2)
FNDA:0,(anonymous_3)
FNDA:0,(anonymous_4)
FNDA:39,(anonymous_5)
FNDA:0,(anonymous_6)
FNDA:26,generateId
FNDA:0,createSuccessResponse
FNDA:9,createErrorResponse
FNDA:4,validateRequest
FNDA:28,(anonymous_11)
FNDA:2,(anonymous_12)
FNDA:0,(anonymous_13)
FNDA:1,(anonymous_14)
FNDA:2,(anonymous_15)
FNDA:18,(anonymous_16)
FNDA:5,(anonymous_17)
FNDA:2,(anonymous_18)
FNDA:0,(anonymous_19)
FNDA:0,(anonymous_20)
FNDA:0,(anonymous_21)
FNDA:2,(anonymous_22)
FNDA:0,(anonymous_23)
FNDA:0,(anonymous_24)
FNDA:0,(anonymous_25)
FNDA:4,(anonymous_26)
FNDA:1,(anonymous_27)
FNDA:2,(anonymous_28)
FNDA:1,(anonymous_29)
FNDA:2,(anonymous_30)
FNDA:1,(anonymous_31)
FNDA:1,createServer
FNDA:21,resetStorage
FNDA:0,initializeServer
FNDA:0,(anonymous_35)
FNDA:0,(anonymous_36)
DA:1,1
DA:2,1
DA:3,1
DA:4,1
DA:5,1
DA:6,1
DA:9,1
DA:30,1
DA:31,0
DA:32,0
DA:33,0
DA:34,0
DA:37,1
DA:38,1
DA:39,1
DA:42,1
DA:53,1
DA:54,1
DA:57,1
DA:64,1
DA:65,1
DA:66,1
DA:67,1
DA:68,1
DA:71,1
DA:72,39
DA:78,39
DA:82,1
DA:83,0
DA:85,0
DA:94,0
DA:98,1
DA:107,1
DA:113,1
DA:121,1
DA:130,1
DA:131,1
DA:132,1
DA:133,1
DA:136,1
DA:137,1
DA:138,1
DA:142,26
DA:146,0
DA:154,9
DA:167,4
DA:168,28
DA:169,28
DA:170,2
DA:173,2
DA:176,2
DA:178,26
DA:187,1
DA:188,0
DA:192,1
DA:193,1
DA:197,1
DA:198,2
DA:199,2
DA:201,2
DA:202,1
DA:207,1
DA:211,1
DA:213,1
DA:220,1
DA:221,1
DA:223,0
DA:224,0
DA:229,0
DA:234,1
DA:235,18
DA:236,18
DA:237,18
DA:240,18
DA:241,18
DA:242,18
DA:243,1
DA:248,1
DA:251,17
DA:254,17
DA:255,17
DA:257,17
DA:269,17
DA:270,17
DA:271,17
DA:274,0
DA:275,0
DA:281,0
DA:286,1
DA:287,5
DA:288,5
DA:291,5
DA:292,5
DA:294,5
DA:296,1
DA:301,1
DA:304,4
DA:307,4
DA:308,2
DA:311,4
DA:312,0
DA:315,4
DA:316,0
DA:319,4
DA:320,0
DA:323,4
DA:324,2
DA:327,4
DA:328,0
DA:329,0
DA:330,0
DA:335,4
DA:336,4
DA:337,4
DA:339,4
DA:342,4
DA:343,4
DA:346,0
DA:347,0
DA:353,0
DA:358,1
DA:359,4
DA:360,4
DA:361,4
DA:362,4
DA:364,4
DA:367,4
DA:368,4
DA:369,1
DA:374,1
DA:378,3
DA:388,3
DA:390,3
DA:391,3
DA:394,0
DA:395,0
DA:401,0
DA:406,1
DA:407,1
DA:408,1
DA:409,1
DA:410,1
DA:412,0
DA:413,0
DA:419,0
DA:424,1
DA:425,2
DA:426,2
DA:427,2
DA:429,2
DA:432,2
DA:433,2
DA:434,1
DA:439,1
DA:443,1
DA:445,1
DA:456,1
DA:457,1
DA:458,1
DA:461,0
DA:462,0
DA:468,0
DA:473,1
DA:474,1
DA:475,1
DA:476,1
DA:477,1
DA:479,0
DA:480,0
DA:486,0
DA:491,1
DA:492,2
DA:493,2
DA:494,2
DA:496,2
DA:499,2
DA:500,2
DA:501,1
DA:506,1
DA:510,1
DA:511,1
DA:512,0
DA:517,0
DA:520,1
DA:522,1
DA:533,1
DA:536,1
DA:537,1
DA:538,1
DA:541,1
DA:542,1
DA:545,0
DA:546,0
DA:552,0
DA:557,1
DA:558,1
DA:563,1
DA:567,1
DA:568,1
DA:572,1
DA:573,21
DA:574,21
DA:575,21
DA:576,21
DA:581,0
DA:582,0
DA:585,0
DA:587,0
DA:588,0
DA:589,0
DA:590,0
DA:594,0
DA:595,0
DA:600,1
DA:601,0
DA:602,0
DA:603,0
DA:607,1
LF:218
LH:165
BRDA:43,0,0,1
BRDA:43,0,1,1
BRDA:54,1,0,1
BRDA:54,1,1,0
BRDA:169,2,0,2
BRDA:201,3,0,1
BRDA:201,4,0,2
BRDA:201,4,1,2
BRDA:201,4,2,1
BRDA:242,5,0,1
BRDA:278,6,0,0
BRDA:278,6,1,0
BRDA:294,7,0,1
BRDA:294,8,0,5
BRDA:294,8,1,2
BRDA:294,8,2,1
BRDA:294,8,3,4
BRDA:294,8,4,1
BRDA:294,8,5,1
BRDA:307,9,0,1
BRDA:311,10,0,0
BRDA:315,11,0,0
BRDA:319,12,0,0
BRDA:323,13,0,1
BRDA:327,14,0,0
BRDA:327,15,0,4
BRDA:327,15,1,0
BRDA:328,16,0,0
BRDA:328,16,1,0
BRDA:335,17,0,4
BRDA:335,17,1,3
BRDA:336,18,0,4
BRDA:336,18,1,4
BRDA:350,19,0,0
BRDA:350,19,1,0
BRDA:368,20,0,1
BRDA:398,21,0,0
BRDA:398,21,1,0
BRDA:416,22,0,0
BRDA:416,22,1,0
BRDA:433,23,0,1
BRDA:465,24,0,0
BRDA:465,24,1,0
BRDA:483,25,0,0
BRDA:483,25,1,0
BRDA:500,26,0,1
BRDA:511,27,0,0
BRDA:520,28,0,1
BRDA:520,28,1,0
BRDA:536,29,0,1
BRDA:549,30,0,0
BRDA:549,30,1,0
BRDA:600,31,0,0
BRF:53
BRH:28
end_of_record
TN:
SF:src\simple-server.ts
FN:15,(anonymous_1)
FN:20,(anonymous_2)
FN:24,(anonymous_3)
FN:28,(anonymous_4)
FN:32,(anonymous_5)
FN:36,(anonymous_6)
FN:41,(anonymous_7)
FN:46,(anonymous_8)
FNF:8
FNH:0
FNDA:0,(anonymous_1)
FNDA:0,(anonymous_2)
FNDA:0,(anonymous_3)
FNDA:0,(anonymous_4)
FNDA:0,(anonymous_5)
FNDA:0,(anonymous_6)
FNDA:0,(anonymous_7)
FNDA:0,(anonymous_8)
DA:1,0
DA:2,0
DA:3,0
DA:6,0
DA:7,0
DA:10,0
DA:11,0
DA:12,0
DA:15,0
DA:16,0
DA:20,0
DA:21,0
DA:24,0
DA:25,0
DA:28,0
DA:29,0
DA:32,0
DA:33,0
DA:36,0
DA:37,0
DA:41,0
DA:42,0
DA:46,0
DA:47,0
DA:48,0
DA:51,0
LF:26
LH:0
BRDA:7,0,0,0
BRDA:7,0,1,0
BRF:2
BRH:0
end_of_record
TN:
SF:src\testnet-remote.ts
FN:26,usage
FN:31,(anonymous_2)
FN:118,(anonymous_3)
FNF:3
FNH:0
FNDA:0,usage
FNDA:0,(anonymous_2)
FNDA:0,(anonymous_3)
DA:2,0
DA:3,0
DA:4,0
DA:23,0
DA:24,0
DA:27,0
DA:28,0
DA:31,0
DA:32,0
DA:33,0
DA:35,0
DA:36,0
DA:38,0
DA:39,0
DA:40,0
DA:42,0
DA:44,0
DA:48,0
DA:49,0
DA:50,0
DA:51,0
DA:55,0
DA:56,0
DA:57,0
DA:58,0
DA:59,0
DA:64,0
DA:65,0
DA:66,0
DA:67,0
DA:68,0
DA:74,0
DA:75,0
DA:79,0
DA:80,0
DA:83,0
DA:84,0
DA:85,0
DA:86,0
DA:87,0
DA:88,0
DA:90,0
DA:94,0
DA:95,0
DA:96,0
DA:97,0
DA:98,0
DA:99,0
DA:100,0
DA:101,0
DA:102,0
DA:103,0
DA:104,0
DA:105,0
DA:106,0
DA:109,0
DA:110,0
DA:114,0
DA:118,0
DA:119,0
DA:120,0
LF:61
LH:0
BRDA:23,0,0,0
BRDA:23,0,1,0
BRDA:33,1,0,0
BRDA:38,2,0,0
BRDA:38,2,1,0
BRDA:42,3,0,0
BRDA:42,4,0,0
BRDA:42,4,1,0
BRDA:44,5,0,0
BRDA:44,5,1,0
BRDA:49,6,0,0
BRDA:49,6,1,0
BRDA:57,7,0,0
BRDA:57,7,1,0
BRDA:66,8,0,0
BRDA:79,9,0,0
BRDA:79,10,0,0
BRDA:79,10,1,0
BRDA:83,11,0,0
BRDA:83,11,1,0
BRDA:87,12,0,0
BRDA:87,13,0,0
BRDA:87,13,1,0
BRDA:88,14,0,0
BRDA:90,15,0,0
BRDA:90,15,1,0
BRDA:95,16,0,0
BRDA:95,16,1,0
BRDA:99,17,0,0
BRDA:99,17,1,0
BRDA:103,18,0,0
BRDA:109,19,0,0
BRDA:109,20,0,0
BRDA:109,20,1,0
BRF:34
BRH:0
end_of_record
TN:
SF:src\types.ts
FN:175,(anonymous_0)
FNF:1
FNH:1
FNDA:1,(anonymous_0)
DA:175,1
DA:176,1
DA:177,1
DA:178,1
DA:179,1
DA:180,1
DA:181,1
DA:182,1
DA:183,1
LF:9
LH:9
BRDA:175,0,0,1
BRDA:175,0,1,1
BRF:2
BRH:2
end_of_record
